[ 2016-12-09T10:39:32+08:00 ] 127.0.0.1 /tfamily/
INFO: [ app_init ] --START--
INFO: Run Behavior\BuildLiteBehavior [ RunTime:0.000060s ]
INFO: [ app_init ] --END-- [ RunTime:0.001593s ]
INFO: [ app_begin ] --START--
INFO: Run Behavior\ReadHtmlCacheBehavior [ RunTime:0.002336s ]
INFO: [ app_begin ] --END-- [ RunTime:0.002894s ]
SQL: SHOW COLUMNS FROM `tf_options` [ RunTime:0.0544s ]
SQL: SELECT `value` FROM `tf_options` WHERE ( `key` = 'site_status' )  [ RunTime:0.0007s ]
SQL: SELECT `value` FROM `tf_options` WHERE ( `key` = 'close_reason' )  [ RunTime:0.0005s ]
SQL: SELECT `value` FROM `tf_options` WHERE ( `key` = 'site_keywords' )  [ RunTime:0.0006s ]
SQL: SELECT `value` FROM `tf_options` WHERE ( `key` = 'site_description' )  [ RunTime:0.0006s ]
SQL: SHOW COLUMNS FROM `tf_house` [ RunTime:0.0309s ]
SQL: SELECT * FROM `tf_house` ORDER BY add_time asc LIMIT 4   [ RunTime:0.0015s ]
SQL: SELECT * FROM `tf_house` WHERE ( is_hot = 1 ) LIMIT 4   [ RunTime:0.0010s ]
SQL: SHOW COLUMNS FROM `tf_ads` [ RunTime:0.0282s ]
SQL: SELECT `ad_content` FROM `tf_ads` WHERE ( id=3 )  [ RunTime:0.0049s ]
SQL: SHOW COLUMNS FROM `tf_region` [ RunTime:0.0239s ]
SQL: SELECT `region_name` FROM `tf_region` WHERE ( region_id=189 )  [ RunTime:0.0013s ]
INFO: [ view_parse ] --START--
INFO: [ template_filter ] --START--
INFO: Run Behavior\ContentReplaceBehavior [ RunTime:0.000397s ]
INFO: [ template_filter ] --END-- [ RunTime:0.000654s ]
NOTIC: [8] Use of undefined constant region - assumed 'region' E:\wamp\www\tfamily\Application\Runtime\Cache\Home\2a94b8bda04ff446dcedd42276fc99ee.php 第 250 行.
NOTIC: [8] Use of undefined constant region - assumed 'region' E:\wamp\www\tfamily\Application\Runtime\Cache\Home\2a94b8bda04ff446dcedd42276fc99ee.php 第 281 行.
NOTIC: [8] Undefined index: user_id E:\wamp\www\tfamily\Application\Runtime\Cache\Home\2a94b8bda04ff446dcedd42276fc99ee.php 第 329 行.
NOTIC: [8] Undefined index: _member_user_id E:\wamp\www\tfamily\Application\Runtime\Cache\Home\2a94b8bda04ff446dcedd42276fc99ee.php 第 329 行.
NOTIC: [8] Undefined index: user_id E:\wamp\www\tfamily\Application\Runtime\Cache\Home\2a94b8bda04ff446dcedd42276fc99ee.php 第 331 行.
NOTIC: [8] Undefined index: _member_user_id E:\wamp\www\tfamily\Application\Runtime\Cache\Home\2a94b8bda04ff446dcedd42276fc99ee.php 第 333 行.
INFO: Run Behavior\ParseTemplateBehavior [ RunTime:0.123487s ]
INFO: [ view_parse ] --END-- [ RunTime:0.123711s ]
INFO: [ view_filter ] --START--
INFO: Run Behavior\WriteHtmlCacheBehavior [ RunTime:0.001808s ]
INFO: [ view_filter ] --END-- [ RunTime:0.001958s ]
INFO: [ app_end ] --START--
INFO: Run Behavior\ShowPageTraceBehavior [ RunTime:0.001630s ]
INFO: [ app_end ] --END-- [ RunTime:0.001779s ]

