[ 2016-11-25T10:56:36+08:00 ] 127.0.0.1 /tfamily/member.php
INFO: [ app_init ] --START--
INFO: Run Behavior\BuildLiteBehavior [ RunTime:0.000037s ]
INFO: [ app_init ] --END-- [ RunTime:0.000816s ]
INFO: [ app_begin ] --START--
INFO: Run Behavior\ReadHtmlCacheBehavior [ RunTime:0.001204s ]
INFO: [ app_begin ] --END-- [ RunTime:0.001375s ]
NOTIC: [8] Undefined index: HTTP_REFERER E:\wamp\www\tfamily\Application\Member\Controller\BaseController.class.php 第 25 行.

[ 2016-11-25T10:56:36+08:00 ] 127.0.0.1 /tfamily/member.php?m=Member&c=auth&a=login
INFO: [ app_init ] --START--
INFO: Run Behavior\BuildLiteBehavior [ RunTime:0.000032s ]
INFO: [ app_init ] --END-- [ RunTime:0.000602s ]
INFO: [ app_begin ] --START--
INFO: Run Behavior\ReadHtmlCacheBehavior [ RunTime:0.000777s ]
INFO: [ app_begin ] --END-- [ RunTime:0.000948s ]
INFO: [ view_parse ] --START--
INFO: [ template_filter ] --START--
INFO: Run Behavior\ContentReplaceBehavior [ RunTime:0.000119s ]
INFO: [ template_filter ] --END-- [ RunTime:0.000284s ]
NOTIC: [8] Undefined variable: title E:\wamp\www\tfamily\Application\Runtime\Cache\Member\7a7285bd4959836186630dd67faf7162.php 第 5 行.
NOTIC: [8] Undefined variable: meta_title E:\wamp\www\tfamily\Application\Runtime\Cache\Member\7a7285bd4959836186630dd67faf7162.php 第 104 行.
NOTIC: [8] Undefined variable: error E:\wamp\www\tfamily\Application\Runtime\Cache\Member\7a7285bd4959836186630dd67faf7162.php 第 112 行.
NOTIC: [8] Undefined variable: ref E:\wamp\www\tfamily\Application\Runtime\Cache\Member\7a7285bd4959836186630dd67faf7162.php 第 140 行.
NOTIC: [8] Undefined variable: is_mobile E:\wamp\www\tfamily\Application\Runtime\Cache\Member\7a7285bd4959836186630dd67faf7162.php 第 163 行.
INFO: Run Behavior\ParseTemplateBehavior [ RunTime:0.046458s ]
INFO: [ view_parse ] --END-- [ RunTime:0.046612s ]
INFO: [ view_filter ] --START--
INFO: Run Behavior\WriteHtmlCacheBehavior [ RunTime:0.001019s ]
INFO: [ view_filter ] --END-- [ RunTime:0.001215s ]
INFO: [ app_end ] --START--
INFO: Run Behavior\ShowPageTraceBehavior [ RunTime:0.002629s ]
INFO: [ app_end ] --END-- [ RunTime:0.003319s ]

[ 2016-11-25T10:56:36+08:00 ] 127.0.0.1 /tfamily/member.php?m=Member&c=auth&a=verify
INFO: [ app_init ] --START--
INFO: Run Behavior\BuildLiteBehavior [ RunTime:0.000036s ]
INFO: [ app_init ] --END-- [ RunTime:0.000641s ]
INFO: [ app_begin ] --START--
INFO: Run Behavior\ReadHtmlCacheBehavior [ RunTime:0.000749s ]
INFO: [ app_begin ] --END-- [ RunTime:0.000910s ]
INFO: [ app_end ] --START--
INFO: Run Behavior\ShowPageTraceBehavior [ RunTime:0.000912s ]
INFO: [ app_end ] --END-- [ RunTime:0.001103s ]

[ 2016-11-25T10:56:45+08:00 ] 127.0.0.1 /tfamily/member.php?m=Member&c=auth&a=verify&t=1480042605412
INFO: [ app_init ] --START--
INFO: Run Behavior\BuildLiteBehavior [ RunTime:0.000034s ]
INFO: [ app_init ] --END-- [ RunTime:0.000826s ]
INFO: [ app_begin ] --START--
INFO: Run Behavior\ReadHtmlCacheBehavior [ RunTime:0.000830s ]
INFO: [ app_begin ] --END-- [ RunTime:0.001006s ]
INFO: [ app_end ] --START--
INFO: Run Behavior\ShowPageTraceBehavior [ RunTime:0.000766s ]
INFO: [ app_end ] --END-- [ RunTime:0.000949s ]

[ 2016-11-25T10:56:46+08:00 ] 127.0.0.1 /tfamily/member.php?m=Member&c=auth&a=verify&t=1480042606547
INFO: [ app_init ] --START--
INFO: Run Behavior\BuildLiteBehavior [ RunTime:0.000038s ]
INFO: [ app_init ] --END-- [ RunTime:0.000715s ]
INFO: [ app_begin ] --START--
INFO: Run Behavior\ReadHtmlCacheBehavior [ RunTime:0.000826s ]
INFO: [ app_begin ] --END-- [ RunTime:0.001005s ]
INFO: [ app_end ] --START--
INFO: Run Behavior\ShowPageTraceBehavior [ RunTime:0.000958s ]
INFO: [ app_end ] --END-- [ RunTime:0.001182s ]

[ 2016-11-25T10:56:47+08:00 ] 127.0.0.1 /tfamily/member.php?m=Member&c=auth&a=verify&t=1480042607586
INFO: [ app_init ] --START--
INFO: Run Behavior\BuildLiteBehavior [ RunTime:0.000039s ]
INFO: [ app_init ] --END-- [ RunTime:0.000713s ]
INFO: [ app_begin ] --START--
INFO: Run Behavior\ReadHtmlCacheBehavior [ RunTime:0.000813s ]
INFO: [ app_begin ] --END-- [ RunTime:0.000983s ]
INFO: [ app_end ] --START--
INFO: Run Behavior\ShowPageTraceBehavior [ RunTime:0.000746s ]
INFO: [ app_end ] --END-- [ RunTime:0.000919s ]

[ 2016-11-25T10:56:48+08:00 ] 127.0.0.1 /tfamily/member.php?m=Member&c=auth&a=verify&t=1480042608882
INFO: [ app_init ] --START--
INFO: Run Behavior\BuildLiteBehavior [ RunTime:0.000056s ]
INFO: [ app_init ] --END-- [ RunTime:0.001062s ]
INFO: [ app_begin ] --START--
INFO: Run Behavior\ReadHtmlCacheBehavior [ RunTime:0.001405s ]
INFO: [ app_begin ] --END-- [ RunTime:0.001699s ]
INFO: [ app_end ] --START--
INFO: Run Behavior\ShowPageTraceBehavior [ RunTime:0.000808s ]
INFO: [ app_end ] --END-- [ RunTime:0.000994s ]

[ 2016-11-25T10:56:49+08:00 ] 127.0.0.1 /tfamily/member.php?m=Member&c=auth&a=verify&t=1480042609755
INFO: [ app_init ] --START--
INFO: Run Behavior\BuildLiteBehavior [ RunTime:0.000040s ]
INFO: [ app_init ] --END-- [ RunTime:0.000753s ]
INFO: [ app_begin ] --START--
INFO: Run Behavior\ReadHtmlCacheBehavior [ RunTime:0.000893s ]
INFO: [ app_begin ] --END-- [ RunTime:0.001086s ]
INFO: [ app_end ] --START--
INFO: Run Behavior\ShowPageTraceBehavior [ RunTime:0.000935s ]
INFO: [ app_end ] --END-- [ RunTime:0.001145s ]

[ 2016-11-25T10:56:51+08:00 ] 127.0.0.1 /tfamily/member.php?m=Member&c=auth&a=verify&t=1480042611267
INFO: [ app_init ] --START--
INFO: Run Behavior\BuildLiteBehavior [ RunTime:0.000034s ]
INFO: [ app_init ] --END-- [ RunTime:0.000620s ]
INFO: [ app_begin ] --START--
INFO: Run Behavior\ReadHtmlCacheBehavior [ RunTime:0.000718s ]
INFO: [ app_begin ] --END-- [ RunTime:0.000874s ]
INFO: [ app_end ] --START--
INFO: Run Behavior\ShowPageTraceBehavior [ RunTime:0.000916s ]
INFO: [ app_end ] --END-- [ RunTime:0.001100s ]

[ 2016-11-25T10:56:52+08:00 ] 127.0.0.1 /tfamily/member.php?m=Member&c=auth&a=verify&t=1480042612490
INFO: [ app_init ] --START--
INFO: Run Behavior\BuildLiteBehavior [ RunTime:0.000033s ]
INFO: [ app_init ] --END-- [ RunTime:0.000603s ]
INFO: [ app_begin ] --START--
INFO: Run Behavior\ReadHtmlCacheBehavior [ RunTime:0.000681s ]
INFO: [ app_begin ] --END-- [ RunTime:0.000823s ]
INFO: [ app_end ] --START--
INFO: Run Behavior\ShowPageTraceBehavior [ RunTime:0.000810s ]
INFO: [ app_end ] --END-- [ RunTime:0.000992s ]

[ 2016-11-25T10:56:53+08:00 ] 127.0.0.1 /tfamily/member.php?m=Member&c=auth&a=verify&t=1480042613660
INFO: [ app_init ] --START--
INFO: Run Behavior\BuildLiteBehavior [ RunTime:0.000033s ]
INFO: [ app_init ] --END-- [ RunTime:0.000605s ]
INFO: [ app_begin ] --START--
INFO: Run Behavior\ReadHtmlCacheBehavior [ RunTime:0.000703s ]
INFO: [ app_begin ] --END-- [ RunTime:0.000850s ]
INFO: [ app_end ] --START--
INFO: Run Behavior\ShowPageTraceBehavior [ RunTime:0.000752s ]
INFO: [ app_end ] --END-- [ RunTime:0.000922s ]

[ 2016-11-25T10:56:54+08:00 ] 127.0.0.1 /tfamily/member.php?m=Member&c=auth&a=verify&t=1480042614650
INFO: [ app_init ] --START--
INFO: Run Behavior\BuildLiteBehavior [ RunTime:0.000033s ]
INFO: [ app_init ] --END-- [ RunTime:0.000611s ]
INFO: [ app_begin ] --START--
INFO: Run Behavior\ReadHtmlCacheBehavior [ RunTime:0.000706s ]
INFO: [ app_begin ] --END-- [ RunTime:0.000854s ]
INFO: [ app_end ] --START--
INFO: Run Behavior\ShowPageTraceBehavior [ RunTime:0.000729s ]
INFO: [ app_end ] --END-- [ RunTime:0.000901s ]

[ 2016-11-25T10:57:00+08:00 ] 127.0.0.1 /tfamily/member.php?m=Member&c=auth&a=login
INFO: [ app_init ] --START--
INFO: Run Behavior\BuildLiteBehavior [ RunTime:0.000033s ]
INFO: [ app_init ] --END-- [ RunTime:0.000708s ]
INFO: [ app_begin ] --START--
INFO: Run Behavior\ReadHtmlCacheBehavior [ RunTime:0.000679s ]
INFO: [ app_begin ] --END-- [ RunTime:0.000823s ]
SQL: SHOW COLUMNS FROM `tf_user` [ RunTime:0.0062s ]
SQL: SELECT * FROM `tf_user` WHERE `name` = 'member' AND `user_type` = 'member' LIMIT 1   [ RunTime:0.0006s ]
INFO: [ view_parse ] --START--
INFO: [ template_filter ] --START--
INFO: Run Behavior\ContentReplaceBehavior [ RunTime:0.000121s ]
INFO: [ template_filter ] --END-- [ RunTime:0.000275s ]
NOTIC: [8] Undefined variable: title E:\wamp\www\tfamily\Application\Runtime\Cache\Member\7a7285bd4959836186630dd67faf7162.php 第 5 行.
NOTIC: [8] Undefined variable: meta_title E:\wamp\www\tfamily\Application\Runtime\Cache\Member\7a7285bd4959836186630dd67faf7162.php 第 104 行.
NOTIC: [8] Undefined variable: ref E:\wamp\www\tfamily\Application\Runtime\Cache\Member\7a7285bd4959836186630dd67faf7162.php 第 140 行.
NOTIC: [8] Undefined variable: is_mobile E:\wamp\www\tfamily\Application\Runtime\Cache\Member\7a7285bd4959836186630dd67faf7162.php 第 163 行.
INFO: Run Behavior\ParseTemplateBehavior [ RunTime:0.012116s ]
INFO: [ view_parse ] --END-- [ RunTime:0.012266s ]
INFO: [ view_filter ] --START--
INFO: Run Behavior\WriteHtmlCacheBehavior [ RunTime:0.001129s ]
INFO: [ view_filter ] --END-- [ RunTime:0.001276s ]

[ 2016-11-25T10:57:01+08:00 ] 127.0.0.1 /tfamily/member.php?m=Member&c=auth&a=verify
INFO: [ app_init ] --START--
INFO: Run Behavior\BuildLiteBehavior [ RunTime:0.000057s ]
INFO: [ app_init ] --END-- [ RunTime:0.000934s ]
INFO: [ app_begin ] --START--
INFO: Run Behavior\ReadHtmlCacheBehavior [ RunTime:0.001120s ]
INFO: [ app_begin ] --END-- [ RunTime:0.001383s ]
INFO: [ app_end ] --START--
INFO: Run Behavior\ShowPageTraceBehavior [ RunTime:0.001303s ]
INFO: [ app_end ] --END-- [ RunTime:0.001588s ]

[ 2016-11-25T11:02:53+08:00 ] 127.0.0.1 /tfamily/member.php?m=Member&c=auth&a=verify&t=1480042973712
INFO: [ app_init ] --START--
INFO: Run Behavior\BuildLiteBehavior [ RunTime:0.000041s ]
INFO: [ app_init ] --END-- [ RunTime:0.001013s ]
INFO: [ app_begin ] --START--
INFO: Run Behavior\ReadHtmlCacheBehavior [ RunTime:0.001437s ]
INFO: [ app_begin ] --END-- [ RunTime:0.001694s ]
INFO: [ app_end ] --START--
INFO: Run Behavior\ShowPageTraceBehavior [ RunTime:0.001340s ]
INFO: [ app_end ] --END-- [ RunTime:0.001610s ]

[ 2016-11-25T11:02:54+08:00 ] 127.0.0.1 /tfamily/member.php?m=Member&c=auth&a=verify&t=1480042974835
INFO: [ app_init ] --START--
INFO: Run Behavior\BuildLiteBehavior [ RunTime:0.000034s ]
INFO: [ app_init ] --END-- [ RunTime:0.000673s ]
INFO: [ app_begin ] --START--
INFO: Run Behavior\ReadHtmlCacheBehavior [ RunTime:0.000694s ]
INFO: [ app_begin ] --END-- [ RunTime:0.000838s ]
INFO: [ app_end ] --START--
INFO: Run Behavior\ShowPageTraceBehavior [ RunTime:0.000796s ]
INFO: [ app_end ] --END-- [ RunTime:0.000971s ]

[ 2016-11-25T11:02:58+08:00 ] 127.0.0.1 /tfamily/member.php?m=Member&c=auth&a=verify&t=1480042978573
INFO: [ app_init ] --START--
INFO: Run Behavior\BuildLiteBehavior [ RunTime:0.000033s ]
INFO: [ app_init ] --END-- [ RunTime:0.000605s ]
INFO: [ app_begin ] --START--
INFO: Run Behavior\ReadHtmlCacheBehavior [ RunTime:0.000817s ]
INFO: [ app_begin ] --END-- [ RunTime:0.000965s ]
INFO: [ app_end ] --START--
INFO: Run Behavior\ShowPageTraceBehavior [ RunTime:0.000784s ]
INFO: [ app_end ] --END-- [ RunTime:0.000960s ]

[ 2016-11-25T11:03:02+08:00 ] 127.0.0.1 /tfamily/member.php?m=Member&c=auth&a=login
INFO: [ app_init ] --START--
INFO: Run Behavior\BuildLiteBehavior [ RunTime:0.000035s ]
INFO: [ app_init ] --END-- [ RunTime:0.000674s ]
INFO: [ app_begin ] --START--
INFO: Run Behavior\ReadHtmlCacheBehavior [ RunTime:0.000690s ]
INFO: [ app_begin ] --END-- [ RunTime:0.000836s ]
SQL: SHOW COLUMNS FROM `tf_user` [ RunTime:0.0058s ]
SQL: SELECT * FROM `tf_user` WHERE `name` = 'admin' AND `user_type` = 'member' LIMIT 1   [ RunTime:0.0007s ]

[ 2016-11-25T11:03:02+08:00 ] 127.0.0.1 /tfamily/member.php?m=Member&c=index&a=index
INFO: [ app_init ] --START--
INFO: Run Behavior\BuildLiteBehavior [ RunTime:0.000033s ]
INFO: [ app_init ] --END-- [ RunTime:0.000615s ]
INFO: [ app_begin ] --START--
INFO: Run Behavior\ReadHtmlCacheBehavior [ RunTime:0.000810s ]
INFO: [ app_begin ] --END-- [ RunTime:0.000957s ]
INFO: [ view_parse ] --START--
INFO: [ template_filter ] --START--
INFO: Run Behavior\ContentReplaceBehavior [ RunTime:0.000387s ]
INFO: [ template_filter ] --END-- [ RunTime:0.000623s ]
NOTIC: [8] Undefined variable: uname E:\wamp\www\tfamily\Application\Runtime\Cache\Member\d03f33304d57c1dc751b335fc43b5ead.php 第 54 行.
NOTIC: [8] Undefined variable: active E:\wamp\www\tfamily\Application\Runtime\Cache\Member\d03f33304d57c1dc751b335fc43b5ead.php 第 140 行.
INFO: Run Behavior\ParseTemplateBehavior [ RunTime:0.067957s ]
INFO: [ view_parse ] --END-- [ RunTime:0.068139s ]
INFO: [ view_filter ] --START--
INFO: Run Behavior\WriteHtmlCacheBehavior [ RunTime:0.001007s ]
INFO: [ view_filter ] --END-- [ RunTime:0.001145s ]
INFO: [ app_end ] --START--
INFO: Run Behavior\ShowPageTraceBehavior [ RunTime:0.000723s ]
INFO: [ app_end ] --END-- [ RunTime:0.000859s ]

[ 2016-11-25T11:04:05+08:00 ] 127.0.0.1 /tfamily/member.php?m=Member&c=index&a=mobile_index
INFO: [ app_init ] --START--
INFO: Run Behavior\BuildLiteBehavior [ RunTime:0.000037s ]
INFO: [ app_init ] --END-- [ RunTime:0.000677s ]
INFO: [ app_begin ] --START--
INFO: Run Behavior\ReadHtmlCacheBehavior [ RunTime:0.000741s ]
INFO: [ app_begin ] --END-- [ RunTime:0.000901s ]
NOTIC: [8] Undefined index: HTTP_REFERER E:\wamp\www\tfamily\Application\Member\Controller\BaseController.class.php 第 25 行.
SQL: SHOW COLUMNS FROM `tf_user` [ RunTime:0.0286s ]
SQL: SHOW COLUMNS FROM `tf_money_details` [ RunTime:0.0075s ]
SQL: SHOW COLUMNS FROM `tf_level` [ RunTime:0.0058s ]
SQL: SELECT * FROM `tf_user` WHERE ( id=1 )  [ RunTime:0.0008s ]
SQL: SELECT * FROM `tf_money_details` WHERE ( user_id=1 )  [ RunTime:0.0004s ]
NOTIC: [8] Use of undefined constant 未知 - assumed '未知' E:\wamp\www\tfamily\Application\Member\Controller\IndexController.class.php 第 48 行.
NOTIC: [8] Undefined variable: mone E:\wamp\www\tfamily\Application\Member\Controller\IndexController.class.php 第 57 行.
NOTIC: [8] Undefined variable: integray E:\wamp\www\tfamily\Application\Member\Controller\IndexController.class.php 第 63 行.
INFO: [ view_parse ] --START--
INFO: [ template_filter ] --START--
INFO: Run Behavior\ContentReplaceBehavior [ RunTime:0.000157s ]
INFO: [ template_filter ] --END-- [ RunTime:0.000377s ]
INFO: Run Behavior\ParseTemplateBehavior [ RunTime:0.020359s ]
INFO: [ view_parse ] --END-- [ RunTime:0.020558s ]
INFO: [ view_filter ] --START--
INFO: Run Behavior\WriteHtmlCacheBehavior [ RunTime:0.001019s ]
INFO: [ view_filter ] --END-- [ RunTime:0.001164s ]
INFO: [ app_end ] --START--
INFO: Run Behavior\ShowPageTraceBehavior [ RunTime:0.000880s ]
INFO: [ app_end ] --END-- [ RunTime:0.001082s ]

[ 2016-11-25T11:08:35+08:00 ] 127.0.0.1 /tfamily/member.php?m=Member&c=index&a=index
INFO: [ app_init ] --START--
INFO: Run Behavior\BuildLiteBehavior [ RunTime:0.000034s ]
INFO: [ app_init ] --END-- [ RunTime:0.000758s ]
INFO: [ app_begin ] --START--
INFO: Run Behavior\ReadHtmlCacheBehavior [ RunTime:0.000999s ]
INFO: [ app_begin ] --END-- [ RunTime:0.001145s ]
NOTIC: [8] Undefined index: HTTP_REFERER E:\wamp\www\tfamily\Application\Member\Controller\BaseController.class.php 第 25 行.
INFO: [ view_parse ] --START--
INFO: [ template_filter ] --START--
INFO: Run Behavior\ContentReplaceBehavior [ RunTime:0.000163s ]
INFO: [ template_filter ] --END-- [ RunTime:0.000336s ]
NOTIC: [8] Undefined variable: uname E:\wamp\www\tfamily\Application\Runtime\Cache\Member\d03f33304d57c1dc751b335fc43b5ead.php 第 54 行.
NOTIC: [8] Undefined variable: active E:\wamp\www\tfamily\Application\Runtime\Cache\Member\d03f33304d57c1dc751b335fc43b5ead.php 第 140 行.
INFO: Run Behavior\ParseTemplateBehavior [ RunTime:0.028918s ]
INFO: [ view_parse ] --END-- [ RunTime:0.029243s ]
INFO: [ view_filter ] --START--
INFO: Run Behavior\WriteHtmlCacheBehavior [ RunTime:0.001165s ]
INFO: [ view_filter ] --END-- [ RunTime:0.001318s ]
INFO: [ app_end ] --START--
INFO: Run Behavior\ShowPageTraceBehavior [ RunTime:0.001133s ]
INFO: [ app_end ] --END-- [ RunTime:0.001285s ]

[ 2016-11-25T11:10:04+08:00 ] 127.0.0.1 /tfamily/member.php?m=Member&c=index&a=mobile_index
INFO: [ app_init ] --START--
INFO: Run Behavior\BuildLiteBehavior [ RunTime:0.000060s ]
INFO: [ app_init ] --END-- [ RunTime:0.001000s ]
INFO: [ app_begin ] --START--
INFO: Run Behavior\ReadHtmlCacheBehavior [ RunTime:0.001607s ]
INFO: [ app_begin ] --END-- [ RunTime:0.001917s ]
NOTIC: [8] Undefined index: HTTP_REFERER E:\wamp\www\tfamily\Application\Member\Controller\BaseController.class.php 第 25 行.
SQL: SHOW COLUMNS FROM `tf_user` [ RunTime:0.0088s ]
SQL: SHOW COLUMNS FROM `tf_money_details` [ RunTime:0.0075s ]
SQL: SHOW COLUMNS FROM `tf_level` [ RunTime:0.0074s ]
SQL: SELECT * FROM `tf_user` WHERE ( id=1 )  [ RunTime:0.0009s ]
SQL: SELECT * FROM `tf_money_details` WHERE ( user_id=1 )  [ RunTime:0.0006s ]
NOTIC: [8] Use of undefined constant 未知 - assumed '未知' E:\wamp\www\tfamily\Application\Member\Controller\IndexController.class.php 第 48 行.
NOTIC: [8] Undefined variable: mone E:\wamp\www\tfamily\Application\Member\Controller\IndexController.class.php 第 57 行.
NOTIC: [8] Undefined variable: integray E:\wamp\www\tfamily\Application\Member\Controller\IndexController.class.php 第 63 行.
INFO: [ view_parse ] --START--
INFO: [ template_filter ] --START--
INFO: Run Behavior\ContentReplaceBehavior [ RunTime:0.000250s ]
INFO: [ template_filter ] --END-- [ RunTime:0.000518s ]
INFO: Run Behavior\ParseTemplateBehavior [ RunTime:0.030888s ]
INFO: [ view_parse ] --END-- [ RunTime:0.031205s ]
INFO: [ view_filter ] --START--
INFO: Run Behavior\WriteHtmlCacheBehavior [ RunTime:0.000955s ]
INFO: [ view_filter ] --END-- [ RunTime:0.001207s ]
INFO: [ app_end ] --START--
INFO: Run Behavior\ShowPageTraceBehavior [ RunTime:0.001289s ]
INFO: [ app_end ] --END-- [ RunTime:0.001548s ]

[ 2016-11-25T11:10:25+08:00 ] 127.0.0.1 /tfamily/member.php?m=Member&c=index&a=mobile_index
INFO: [ app_init ] --START--
INFO: Run Behavior\BuildLiteBehavior [ RunTime:0.000038s ]
INFO: [ app_init ] --END-- [ RunTime:0.000904s ]
INFO: [ app_begin ] --START--
INFO: Run Behavior\ReadHtmlCacheBehavior [ RunTime:0.001057s ]
INFO: [ app_begin ] --END-- [ RunTime:0.001246s ]
NOTIC: [8] Undefined index: HTTP_REFERER E:\wamp\www\tfamily\Application\Member\Controller\BaseController.class.php 第 25 行.
SQL: SHOW COLUMNS FROM `tf_user` [ RunTime:0.0057s ]
SQL: SHOW COLUMNS FROM `tf_money_details` [ RunTime:0.0108s ]
SQL: SHOW COLUMNS FROM `tf_level` [ RunTime:0.0077s ]
SQL: SELECT * FROM `tf_user` WHERE ( id=1 )  [ RunTime:0.0043s ]
SQL: SELECT * FROM `tf_money_details` WHERE ( user_id=1 )  [ RunTime:0.0006s ]
NOTIC: [8] Use of undefined constant 未知 - assumed '未知' E:\wamp\www\tfamily\Application\Member\Controller\IndexController.class.php 第 48 行.
NOTIC: [8] Undefined variable: mone E:\wamp\www\tfamily\Application\Member\Controller\IndexController.class.php 第 57 行.
NOTIC: [8] Undefined variable: integray E:\wamp\www\tfamily\Application\Member\Controller\IndexController.class.php 第 63 行.
INFO: [ view_parse ] --START--
INFO: [ template_filter ] --START--
INFO: Run Behavior\ContentReplaceBehavior [ RunTime:0.000169s ]
INFO: [ template_filter ] --END-- [ RunTime:0.000366s ]
INFO: Run Behavior\ParseTemplateBehavior [ RunTime:0.020380s ]
INFO: [ view_parse ] --END-- [ RunTime:0.020992s ]
INFO: [ view_filter ] --START--
INFO: Run Behavior\WriteHtmlCacheBehavior [ RunTime:0.000820s ]
INFO: [ view_filter ] --END-- [ RunTime:0.000957s ]
INFO: [ app_end ] --START--
INFO: Run Behavior\ShowPageTraceBehavior [ RunTime:0.001197s ]
INFO: [ app_end ] --END-- [ RunTime:0.001406s ]

[ 2016-11-25T11:10:59+08:00 ] 127.0.0.1 /tfamily/member.php?m=Member&c=index&a=mobile_index
INFO: [ app_init ] --START--
INFO: Run Behavior\BuildLiteBehavior [ RunTime:0.000036s ]
INFO: [ app_init ] --END-- [ RunTime:0.000791s ]
INFO: [ app_begin ] --START--
INFO: Run Behavior\ReadHtmlCacheBehavior [ RunTime:0.000783s ]
INFO: [ app_begin ] --END-- [ RunTime:0.000940s ]
NOTIC: [8] Undefined index: HTTP_REFERER E:\wamp\www\tfamily\Application\Member\Controller\BaseController.class.php 第 25 行.
SQL: SHOW COLUMNS FROM `tf_user` [ RunTime:0.0062s ]
SQL: SHOW COLUMNS FROM `tf_money_details` [ RunTime:0.0054s ]
SQL: SHOW COLUMNS FROM `tf_level` [ RunTime:0.0055s ]
SQL: SELECT * FROM `tf_user` WHERE ( id=1 )  [ RunTime:0.0006s ]
SQL: SELECT * FROM `tf_money_details` WHERE ( user_id=1 )  [ RunTime:0.0002s ]
NOTIC: [8] Use of undefined constant 未知 - assumed '未知' E:\wamp\www\tfamily\Application\Member\Controller\IndexController.class.php 第 48 行.
NOTIC: [8] Undefined variable: mone E:\wamp\www\tfamily\Application\Member\Controller\IndexController.class.php 第 57 行.
NOTIC: [8] Undefined variable: integray E:\wamp\www\tfamily\Application\Member\Controller\IndexController.class.php 第 63 行.
INFO: [ view_parse ] --START--
INFO: [ template_filter ] --START--
INFO: Run Behavior\ContentReplaceBehavior [ RunTime:0.000156s ]
INFO: [ template_filter ] --END-- [ RunTime:0.000330s ]
INFO: Run Behavior\ParseTemplateBehavior [ RunTime:0.016574s ]
INFO: [ view_parse ] --END-- [ RunTime:0.016740s ]
INFO: [ view_filter ] --START--
INFO: Run Behavior\WriteHtmlCacheBehavior [ RunTime:0.000392s ]
INFO: [ view_filter ] --END-- [ RunTime:0.000527s ]
INFO: [ app_end ] --START--
INFO: Run Behavior\ShowPageTraceBehavior [ RunTime:0.000757s ]
INFO: [ app_end ] --END-- [ RunTime:0.000899s ]

