[ 2016-12-17T21:51:26+08:00 ] 127.0.0.1 /tfamily/admin.php
INFO: [ app_init ] --START--
INFO: Run Behavior\BuildLiteBehavior [ RunTime:0.000039s ]
INFO: [ app_init ] --END-- [ RunTime:0.001474s ]
INFO: [ app_begin ] --START--
INFO: Run Behavior\ReadHtmlCacheBehavior [ RunTime:0.003894s ]
INFO: [ app_begin ] --END-- [ RunTime:0.004166s ]
NOTIC: [8] Undefined index: HTTP_REFERER E:\wamp\www\tfamily\Application\Admin\Controller\BaseController.class.php 第 24 行.

[ 2016-12-17T21:51:26+08:00 ] 127.0.0.1 /tfamily/admin.php?m=Admin&c=auth&a=login
INFO: [ app_init ] --START--
INFO: Run Behavior\BuildLiteBehavior [ RunTime:0.000053s ]
INFO: [ app_init ] --END-- [ RunTime:0.003506s ]
INFO: [ app_begin ] --START--
INFO: Run Behavior\ReadHtmlCacheBehavior [ RunTime:0.003827s ]
INFO: [ app_begin ] --END-- [ RunTime:0.004026s ]
INFO: [ view_parse ] --START--
INFO: [ template_filter ] --START--
INFO: Run Behavior\ContentReplaceBehavior [ RunTime:0.000124s ]
INFO: [ template_filter ] --END-- [ RunTime:0.000299s ]
NOTIC: [8] Undefined variable: title E:\wamp\www\tfamily\Application\Runtime\Cache\Admin\dcfb7ddaab59bfbce2ddc9c860debad0.php 第 5 行.
NOTIC: [8] Undefined variable: meta_title E:\wamp\www\tfamily\Application\Runtime\Cache\Admin\dcfb7ddaab59bfbce2ddc9c860debad0.php 第 101 行.
NOTIC: [8] Undefined variable: error E:\wamp\www\tfamily\Application\Runtime\Cache\Admin\dcfb7ddaab59bfbce2ddc9c860debad0.php 第 121 行.
NOTIC: [8] Undefined variable: ref E:\wamp\www\tfamily\Application\Runtime\Cache\Admin\dcfb7ddaab59bfbce2ddc9c860debad0.php 第 150 行.
INFO: Run Behavior\ParseTemplateBehavior [ RunTime:0.052010s ]
INFO: [ view_parse ] --END-- [ RunTime:0.052190s ]
INFO: [ view_filter ] --START--
INFO: Run Behavior\WriteHtmlCacheBehavior [ RunTime:0.015724s ]
INFO: [ view_filter ] --END-- [ RunTime:0.016009s ]
INFO: [ app_end ] --START--
INFO: Run Behavior\ShowPageTraceBehavior [ RunTime:0.003114s ]
INFO: [ app_end ] --END-- [ RunTime:0.003322s ]

[ 2016-12-17T21:51:26+08:00 ] 127.0.0.1 /tfamily/admin.php?m=Admin&c=auth&a=verify
INFO: [ app_init ] --START--
INFO: Run Behavior\BuildLiteBehavior [ RunTime:0.000058s ]
INFO: [ app_init ] --END-- [ RunTime:0.001567s ]
INFO: [ app_begin ] --START--
INFO: Run Behavior\ReadHtmlCacheBehavior [ RunTime:0.002998s ]
INFO: [ app_begin ] --END-- [ RunTime:0.003245s ]
INFO: [ app_end ] --START--
INFO: Run Behavior\ShowPageTraceBehavior [ RunTime:0.002739s ]
INFO: [ app_end ] --END-- [ RunTime:0.003032s ]

[ 2016-12-17T21:51:33+08:00 ] 127.0.0.1 /tfamily/admin.php?m=Admin&c=auth&a=verify&t=1481982693156
INFO: [ app_init ] --START--
INFO: Run Behavior\BuildLiteBehavior [ RunTime:0.000036s ]
INFO: [ app_init ] --END-- [ RunTime:0.001102s ]
INFO: [ app_begin ] --START--
INFO: Run Behavior\ReadHtmlCacheBehavior [ RunTime:0.003466s ]
INFO: [ app_begin ] --END-- [ RunTime:0.003741s ]
INFO: [ app_end ] --START--
INFO: Run Behavior\ShowPageTraceBehavior [ RunTime:0.003221s ]
INFO: [ app_end ] --END-- [ RunTime:0.003784s ]

[ 2016-12-17T21:51:34+08:00 ] 127.0.0.1 /tfamily/admin.php?m=Admin&c=auth&a=verify&t=1481982693971
INFO: [ app_init ] --START--
INFO: Run Behavior\BuildLiteBehavior [ RunTime:0.000035s ]
INFO: [ app_init ] --END-- [ RunTime:0.001080s ]
INFO: [ app_begin ] --START--
INFO: Run Behavior\ReadHtmlCacheBehavior [ RunTime:0.002626s ]
INFO: [ app_begin ] --END-- [ RunTime:0.002824s ]
INFO: [ app_end ] --START--
INFO: Run Behavior\ShowPageTraceBehavior [ RunTime:0.002735s ]
INFO: [ app_end ] --END-- [ RunTime:0.002920s ]

[ 2016-12-17T21:51:34+08:00 ] 127.0.0.1 /tfamily/admin.php?m=Admin&c=auth&a=verify&t=1481982694772
INFO: [ app_init ] --START--
INFO: Run Behavior\BuildLiteBehavior [ RunTime:0.000036s ]
INFO: [ app_init ] --END-- [ RunTime:0.001097s ]
INFO: [ app_begin ] --START--
INFO: Run Behavior\ReadHtmlCacheBehavior [ RunTime:0.002602s ]
INFO: [ app_begin ] --END-- [ RunTime:0.002776s ]
INFO: [ app_end ] --START--
INFO: Run Behavior\ShowPageTraceBehavior [ RunTime:0.002996s ]
INFO: [ app_end ] --END-- [ RunTime:0.003241s ]

[ 2016-12-17T21:51:35+08:00 ] 127.0.0.1 /tfamily/admin.php?m=Admin&c=auth&a=verify&t=1481982695514
INFO: [ app_init ] --START--
INFO: Run Behavior\BuildLiteBehavior [ RunTime:0.000039s ]
INFO: [ app_init ] --END-- [ RunTime:0.001486s ]
INFO: [ app_begin ] --START--
INFO: Run Behavior\ReadHtmlCacheBehavior [ RunTime:0.003290s ]
INFO: [ app_begin ] --END-- [ RunTime:0.003561s ]
INFO: [ app_end ] --START--
INFO: Run Behavior\ShowPageTraceBehavior [ RunTime:0.003124s ]
INFO: [ app_end ] --END-- [ RunTime:0.003372s ]

[ 2016-12-17T21:51:36+08:00 ] 127.0.0.1 /tfamily/admin.php?m=Admin&c=auth&a=verify&t=1481982696643
INFO: [ app_init ] --START--
INFO: Run Behavior\BuildLiteBehavior [ RunTime:0.000058s ]
INFO: [ app_init ] --END-- [ RunTime:0.001127s ]
INFO: [ app_begin ] --START--
INFO: Run Behavior\ReadHtmlCacheBehavior [ RunTime:0.002788s ]
INFO: [ app_begin ] --END-- [ RunTime:0.002981s ]
INFO: [ app_end ] --START--
INFO: Run Behavior\ShowPageTraceBehavior [ RunTime:0.002692s ]
INFO: [ app_end ] --END-- [ RunTime:0.002873s ]

[ 2016-12-17T21:51:37+08:00 ] 127.0.0.1 /tfamily/admin.php?m=Admin&c=auth&a=verify&t=1481982697432
INFO: [ app_init ] --START--
INFO: Run Behavior\BuildLiteBehavior [ RunTime:0.000035s ]
INFO: [ app_init ] --END-- [ RunTime:0.001119s ]
INFO: [ app_begin ] --START--
INFO: Run Behavior\ReadHtmlCacheBehavior [ RunTime:0.002706s ]
INFO: [ app_begin ] --END-- [ RunTime:0.002878s ]
INFO: [ app_end ] --START--
INFO: Run Behavior\ShowPageTraceBehavior [ RunTime:0.003301s ]
INFO: [ app_end ] --END-- [ RunTime:0.003493s ]

[ 2016-12-17T21:51:39+08:00 ] 127.0.0.1 /tfamily/admin.php?m=Admin&c=auth&a=verify&t=1481982699171
INFO: [ app_init ] --START--
INFO: Run Behavior\BuildLiteBehavior [ RunTime:0.000037s ]
INFO: [ app_init ] --END-- [ RunTime:0.001092s ]
INFO: [ app_begin ] --START--
INFO: Run Behavior\ReadHtmlCacheBehavior [ RunTime:0.002559s ]
INFO: [ app_begin ] --END-- [ RunTime:0.002732s ]
INFO: [ app_end ] --START--
INFO: Run Behavior\ShowPageTraceBehavior [ RunTime:0.003272s ]
INFO: [ app_end ] --END-- [ RunTime:0.003456s ]

[ 2016-12-17T21:51:39+08:00 ] 127.0.0.1 /tfamily/admin.php?m=Admin&c=auth&a=verify&t=1481982699867
INFO: [ app_init ] --START--
INFO: Run Behavior\BuildLiteBehavior [ RunTime:0.000037s ]
INFO: [ app_init ] --END-- [ RunTime:0.001148s ]
INFO: [ app_begin ] --START--
INFO: Run Behavior\ReadHtmlCacheBehavior [ RunTime:0.002612s ]
INFO: [ app_begin ] --END-- [ RunTime:0.002837s ]
INFO: [ app_end ] --START--
INFO: Run Behavior\ShowPageTraceBehavior [ RunTime:0.002715s ]
INFO: [ app_end ] --END-- [ RunTime:0.002894s ]

[ 2016-12-17T21:51:40+08:00 ] 127.0.0.1 /tfamily/admin.php?m=Admin&c=auth&a=verify&t=1481982700603
INFO: [ app_init ] --START--
INFO: Run Behavior\BuildLiteBehavior [ RunTime:0.000037s ]
INFO: [ app_init ] --END-- [ RunTime:0.001131s ]
INFO: [ app_begin ] --START--
INFO: Run Behavior\ReadHtmlCacheBehavior [ RunTime:0.002713s ]
INFO: [ app_begin ] --END-- [ RunTime:0.002893s ]
INFO: [ app_end ] --START--
INFO: Run Behavior\ShowPageTraceBehavior [ RunTime:0.002692s ]
INFO: [ app_end ] --END-- [ RunTime:0.002871s ]

[ 2016-12-17T21:51:41+08:00 ] 127.0.0.1 /tfamily/admin.php?m=Admin&c=auth&a=verify&t=1481982701371
INFO: [ app_init ] --START--
INFO: Run Behavior\BuildLiteBehavior [ RunTime:0.000035s ]
INFO: [ app_init ] --END-- [ RunTime:0.001077s ]
INFO: [ app_begin ] --START--
INFO: Run Behavior\ReadHtmlCacheBehavior [ RunTime:0.002611s ]
INFO: [ app_begin ] --END-- [ RunTime:0.002825s ]
INFO: [ app_end ] --START--
INFO: Run Behavior\ShowPageTraceBehavior [ RunTime:0.002895s ]
INFO: [ app_end ] --END-- [ RunTime:0.003075s ]

[ 2016-12-17T21:51:42+08:00 ] 127.0.0.1 /tfamily/admin.php?m=Admin&c=auth&a=verify&t=1481982702147
INFO: [ app_init ] --START--
INFO: Run Behavior\BuildLiteBehavior [ RunTime:0.000037s ]
INFO: [ app_init ] --END-- [ RunTime:0.001144s ]
INFO: [ app_begin ] --START--
INFO: Run Behavior\ReadHtmlCacheBehavior [ RunTime:0.002631s ]
INFO: [ app_begin ] --END-- [ RunTime:0.002864s ]
INFO: [ app_end ] --START--
INFO: Run Behavior\ShowPageTraceBehavior [ RunTime:0.002784s ]
INFO: [ app_end ] --END-- [ RunTime:0.002967s ]

[ 2016-12-17T21:51:43+08:00 ] 127.0.0.1 /tfamily/admin.php?m=Admin&c=auth&a=verify&t=1481982703019
INFO: [ app_init ] --START--
INFO: Run Behavior\BuildLiteBehavior [ RunTime:0.000040s ]
INFO: [ app_init ] --END-- [ RunTime:0.001292s ]
INFO: [ app_begin ] --START--
INFO: Run Behavior\ReadHtmlCacheBehavior [ RunTime:0.002986s ]
INFO: [ app_begin ] --END-- [ RunTime:0.003246s ]
INFO: [ app_end ] --START--
INFO: Run Behavior\ShowPageTraceBehavior [ RunTime:0.002659s ]
INFO: [ app_end ] --END-- [ RunTime:0.002833s ]

[ 2016-12-17T21:51:43+08:00 ] 127.0.0.1 /tfamily/admin.php?m=Admin&c=auth&a=verify&t=1481982703859
INFO: [ app_init ] --START--
INFO: Run Behavior\BuildLiteBehavior [ RunTime:0.000036s ]
INFO: [ app_init ] --END-- [ RunTime:0.001076s ]
INFO: [ app_begin ] --START--
INFO: Run Behavior\ReadHtmlCacheBehavior [ RunTime:0.002641s ]
INFO: [ app_begin ] --END-- [ RunTime:0.002824s ]
INFO: [ app_end ] --START--
INFO: Run Behavior\ShowPageTraceBehavior [ RunTime:0.002674s ]
INFO: [ app_end ] --END-- [ RunTime:0.002852s ]

[ 2016-12-17T21:51:48+08:00 ] 127.0.0.1 /tfamily/admin.php?m=Admin&c=auth&a=login
INFO: [ app_init ] --START--
INFO: Run Behavior\BuildLiteBehavior [ RunTime:0.000037s ]
INFO: [ app_init ] --END-- [ RunTime:0.001141s ]
INFO: [ app_begin ] --START--
INFO: Run Behavior\ReadHtmlCacheBehavior [ RunTime:0.002557s ]
INFO: [ app_begin ] --END-- [ RunTime:0.002737s ]
SQL: SHOW COLUMNS FROM `tf_admin` [ RunTime:0.0312s ]
SQL: SELECT * FROM `tf_admin` WHERE `name` = 'admin' LIMIT 1   [ RunTime:0.0006s ]
SQL: UPDATE `tf_admin` SET `last_time`='2016-12-17 21:51:48',`last_ip`='127.0.0.1' WHERE `id` = 1 [ RunTime:0.0019s ]

[ 2016-12-17T21:51:48+08:00 ] 127.0.0.1 /tfamily/admin.php?m=Admin&c=index&a=index
INFO: [ app_init ] --START--
INFO: Run Behavior\BuildLiteBehavior [ RunTime:0.000037s ]
INFO: [ app_init ] --END-- [ RunTime:0.001103s ]
INFO: [ app_begin ] --START--
INFO: Run Behavior\ReadHtmlCacheBehavior [ RunTime:0.002601s ]
INFO: [ app_begin ] --END-- [ RunTime:0.002922s ]
NOTIC: [8] Undefined index: children E:\wamp\www\tfamily\Application\Admin\Controller\BaseController.class.php 第 195 行.
NOTIC: [8] Undefined index: children E:\wamp\www\tfamily\Application\Admin\Controller\BaseController.class.php 第 218 行.
NOTIC: [8] Undefined index: children E:\wamp\www\tfamily\Application\Admin\Controller\BaseController.class.php 第 178 行.
NOTIC: [8] Undefined index: children E:\wamp\www\tfamily\Application\Admin\Controller\BaseController.class.php 第 195 行.
NOTIC: [8] Undefined index: children E:\wamp\www\tfamily\Application\Admin\Controller\BaseController.class.php 第 218 行.
NOTIC: [8] Undefined index: children E:\wamp\www\tfamily\Application\Admin\Controller\BaseController.class.php 第 178 行.
NOTIC: [8] Undefined index: children E:\wamp\www\tfamily\Application\Admin\Controller\BaseController.class.php 第 195 行.
NOTIC: [8] Undefined index: children E:\wamp\www\tfamily\Application\Admin\Controller\BaseController.class.php 第 218 行.
NOTIC: [8] Undefined index: children E:\wamp\www\tfamily\Application\Admin\Controller\BaseController.class.php 第 178 行.
NOTIC: [8] Undefined index: children E:\wamp\www\tfamily\Application\Admin\Controller\BaseController.class.php 第 195 行.
NOTIC: [8] Undefined index: children E:\wamp\www\tfamily\Application\Admin\Controller\BaseController.class.php 第 218 行.
NOTIC: [8] Undefined index: children E:\wamp\www\tfamily\Application\Admin\Controller\BaseController.class.php 第 178 行.
NOTIC: [8] Undefined index: children E:\wamp\www\tfamily\Application\Admin\Controller\BaseController.class.php 第 195 行.
NOTIC: [8] Undefined index: children E:\wamp\www\tfamily\Application\Admin\Controller\BaseController.class.php 第 218 行.
NOTIC: [8] Undefined index: children E:\wamp\www\tfamily\Application\Admin\Controller\BaseController.class.php 第 178 行.
NOTIC: [8] Undefined index: children E:\wamp\www\tfamily\Application\Admin\Controller\BaseController.class.php 第 195 行.
NOTIC: [8] Undefined index: children E:\wamp\www\tfamily\Application\Admin\Controller\BaseController.class.php 第 218 行.
NOTIC: [8] Undefined index: children E:\wamp\www\tfamily\Application\Admin\Controller\BaseController.class.php 第 178 行.
NOTIC: [8] Undefined index: children E:\wamp\www\tfamily\Application\Admin\Controller\BaseController.class.php 第 195 行.
NOTIC: [8] Undefined index: children E:\wamp\www\tfamily\Application\Admin\Controller\BaseController.class.php 第 218 行.
NOTIC: [8] Undefined index: children E:\wamp\www\tfamily\Application\Admin\Controller\BaseController.class.php 第 178 行.
NOTIC: [8] Undefined index: children E:\wamp\www\tfamily\Application\Admin\Controller\BaseController.class.php 第 195 行.
NOTIC: [8] Undefined index: children E:\wamp\www\tfamily\Application\Admin\Controller\BaseController.class.php 第 218 行.
NOTIC: [8] Undefined index: children E:\wamp\www\tfamily\Application\Admin\Controller\BaseController.class.php 第 178 行.
SQL: SHOW COLUMNS FROM `tf_user` [ RunTime:0.0210s ]
SQL: SELECT COUNT(*) AS tp_count FROM `tf_user` WHERE ( user_type = 'province_agent' or user_type = 'district_agent' or user_type = 'city_agent' ) LIMIT 1   [ RunTime:0.0006s ]
SQL: SELECT COUNT(*) AS tp_count FROM `tf_user` WHERE ( user_type = 'member' ) LIMIT 1   [ RunTime:0.0005s ]
SQL: SELECT COUNT(*) AS tp_count FROM `tf_user` WHERE ( user_type = 'fan' ) LIMIT 1   [ RunTime:0.0006s ]
SQL: SHOW COLUMNS FROM `tf_house` [ RunTime:0.0271s ]
SQL: SELECT COUNT(*) AS tp_count FROM `tf_house` LIMIT 1   [ RunTime:0.0008s ]
SQL: SHOW COLUMNS FROM `tf_car` [ RunTime:0.0419s ]
SQL: SELECT COUNT(*) AS tp_count FROM `tf_car` LIMIT 1   [ RunTime:0.0008s ]
SQL: SHOW COLUMNS FROM `tf_orders` [ RunTime:0.0353s ]
SQL: SELECT COUNT(*) AS tp_count FROM `tf_orders` LIMIT 1   [ RunTime:0.0003s ]
SQL: SHOW COLUMNS FROM `tf_news` [ RunTime:0.0191s ]
SQL: SELECT COUNT(*) AS tp_count FROM `tf_news` LIMIT 1   [ RunTime:0.0004s ]
SQL: SHOW COLUMNS FROM `tf_adspace` [ RunTime:0.0499s ]
SQL: SELECT COUNT(*) AS tp_count FROM `tf_adspace` LIMIT 1   [ RunTime:0.0003s ]
SQL: SHOW COLUMNS FROM `tf_money_details` [ RunTime:0.0250s ]
SQL: SELECT COUNT(*) AS tp_count FROM `tf_money_details` LIMIT 1   [ RunTime:0.0003s ]
INFO: [ view_parse ] --START--
INFO: [ template_filter ] --START--
INFO: Run Behavior\ContentReplaceBehavior [ RunTime:0.000144s ]
INFO: [ template_filter ] --END-- [ RunTime:0.000333s ]
NOTIC: [8] Undefined variable: page_title E:\wamp\www\tfamily\Application\Runtime\Cache\Admin\b595b808c2ebeeeb0478ffc30bb4e87a.php 第 5 行.
NOTIC: [8] Undefined variable: uname E:\wamp\www\tfamily\Application\Runtime\Cache\Admin\b595b808c2ebeeeb0478ffc30bb4e87a.php 第 58 行.
NOTIC: [8] Undefined variable: page_title E:\wamp\www\tfamily\Application\Runtime\Cache\Admin\b595b808c2ebeeeb0478ffc30bb4e87a.php 第 111 行.
NOTIC: [8] Undefined variable: page_title E:\wamp\www\tfamily\Application\Runtime\Cache\Admin\b595b808c2ebeeeb0478ffc30bb4e87a.php 第 114 行.
INFO: Run Behavior\ParseTemplateBehavior [ RunTime:0.071389s ]
INFO: [ view_parse ] --END-- [ RunTime:0.071584s ]
INFO: [ view_filter ] --START--
INFO: Run Behavior\WriteHtmlCacheBehavior [ RunTime:0.002270s ]
INFO: [ view_filter ] --END-- [ RunTime:0.002412s ]
INFO: [ app_end ] --START--
INFO: Run Behavior\ShowPageTraceBehavior [ RunTime:0.004185s ]
INFO: [ app_end ] --END-- [ RunTime:0.004363s ]

[ 2016-12-17T21:51:53+08:00 ] 127.0.0.1 /tfamily/admin.php?m=admin&c=house&a=index
INFO: [ app_init ] --START--
INFO: Run Behavior\BuildLiteBehavior [ RunTime:0.000038s ]
INFO: [ app_init ] --END-- [ RunTime:0.001116s ]
INFO: [ app_begin ] --START--
INFO: Run Behavior\ReadHtmlCacheBehavior [ RunTime:0.002768s ]
INFO: [ app_begin ] --END-- [ RunTime:0.002969s ]
NOTIC: [8] Undefined index: children E:\wamp\www\tfamily\Application\Admin\Controller\BaseController.class.php 第 195 行.
NOTIC: [8] Undefined index: children E:\wamp\www\tfamily\Application\Admin\Controller\BaseController.class.php 第 218 行.
NOTIC: [8] Undefined index: children E:\wamp\www\tfamily\Application\Admin\Controller\BaseController.class.php 第 178 行.
NOTIC: [8] Undefined index: children E:\wamp\www\tfamily\Application\Admin\Controller\BaseController.class.php 第 195 行.
NOTIC: [8] Undefined index: children E:\wamp\www\tfamily\Application\Admin\Controller\BaseController.class.php 第 218 行.
NOTIC: [8] Undefined index: children E:\wamp\www\tfamily\Application\Admin\Controller\BaseController.class.php 第 178 行.
NOTIC: [8] Undefined index: children E:\wamp\www\tfamily\Application\Admin\Controller\BaseController.class.php 第 195 行.
NOTIC: [8] Undefined index: children E:\wamp\www\tfamily\Application\Admin\Controller\BaseController.class.php 第 218 行.
NOTIC: [8] Undefined index: children E:\wamp\www\tfamily\Application\Admin\Controller\BaseController.class.php 第 178 行.
NOTIC: [8] Undefined index: children E:\wamp\www\tfamily\Application\Admin\Controller\BaseController.class.php 第 195 行.
NOTIC: [8] Undefined index: children E:\wamp\www\tfamily\Application\Admin\Controller\BaseController.class.php 第 218 行.
NOTIC: [8] Undefined index: children E:\wamp\www\tfamily\Application\Admin\Controller\BaseController.class.php 第 178 行.
NOTIC: [8] Undefined index: children E:\wamp\www\tfamily\Application\Admin\Controller\BaseController.class.php 第 195 行.
NOTIC: [8] Undefined index: children E:\wamp\www\tfamily\Application\Admin\Controller\BaseController.class.php 第 218 行.
NOTIC: [8] Undefined index: children E:\wamp\www\tfamily\Application\Admin\Controller\BaseController.class.php 第 178 行.
NOTIC: [8] Undefined index: children E:\wamp\www\tfamily\Application\Admin\Controller\BaseController.class.php 第 195 行.
NOTIC: [8] Undefined index: children E:\wamp\www\tfamily\Application\Admin\Controller\BaseController.class.php 第 218 行.
NOTIC: [8] Undefined index: children E:\wamp\www\tfamily\Application\Admin\Controller\BaseController.class.php 第 178 行.
NOTIC: [8] Undefined index: children E:\wamp\www\tfamily\Application\Admin\Controller\BaseController.class.php 第 195 行.
NOTIC: [8] Undefined index: children E:\wamp\www\tfamily\Application\Admin\Controller\BaseController.class.php 第 218 行.
NOTIC: [8] Undefined index: children E:\wamp\www\tfamily\Application\Admin\Controller\BaseController.class.php 第 178 行.
NOTIC: [8] Undefined index: children E:\wamp\www\tfamily\Application\Admin\Controller\BaseController.class.php 第 195 行.
NOTIC: [8] Undefined index: children E:\wamp\www\tfamily\Application\Admin\Controller\BaseController.class.php 第 218 行.
NOTIC: [8] Undefined index: children E:\wamp\www\tfamily\Application\Admin\Controller\BaseController.class.php 第 178 行.
SQL: SHOW COLUMNS FROM `tf_house` [ RunTime:0.0067s ]
SQL: SELECT COUNT(*) AS tp_count FROM `tf_house` LIMIT 1   [ RunTime:0.0004s ]
SQL: SELECT * FROM `tf_house` ORDER BY id desc LIMIT 0,4   [ RunTime:0.0007s ]
NOTIC: [8] Undefined index:  E:\wamp\www\tfamily\Application\Admin\Controller\HouseController.class.php 第 44 行.
NOTIC: [8] Undefined index:  E:\wamp\www\tfamily\Application\Admin\Controller\HouseController.class.php 第 44 行.
NOTIC: [8] Undefined index:  E:\wamp\www\tfamily\Application\Admin\Controller\HouseController.class.php 第 44 行.
NOTIC: [8] Undefined index:  E:\wamp\www\tfamily\Application\Admin\Controller\HouseController.class.php 第 44 行.
INFO: [ view_parse ] --START--
INFO: [ template_filter ] --START--
INFO: Run Behavior\ContentReplaceBehavior [ RunTime:0.000166s ]
INFO: [ template_filter ] --END-- [ RunTime:0.000349s ]
NOTIC: [8] Undefined variable: uname E:\wamp\www\tfamily\Application\Runtime\Cache\Admin\592338015e58c355f5612c932c3fb3aa.php 第 58 行.
INFO: Run Behavior\ParseTemplateBehavior [ RunTime:0.041835s ]
INFO: [ view_parse ] --END-- [ RunTime:0.042023s ]
INFO: [ view_filter ] --START--
INFO: Run Behavior\WriteHtmlCacheBehavior [ RunTime:0.002467s ]
INFO: [ view_filter ] --END-- [ RunTime:0.002616s ]
INFO: [ app_end ] --START--
INFO: Run Behavior\ShowPageTraceBehavior [ RunTime:0.002598s ]
INFO: [ app_end ] --END-- [ RunTime:0.002773s ]

