[ 2016-12-23T09:28:38+08:00 ] 127.0.0.1 /tfamily/admin.php
INFO: [ app_init ] --START--
INFO: Run Behavior\BuildLiteBehavior [ RunTime:0.000040s ]
INFO: [ app_init ] --END-- [ RunTime:0.000877s ]
INFO: [ app_begin ] --START--
INFO: Run Behavior\ReadHtmlCacheBehavior [ RunTime:0.001456s ]
INFO: [ app_begin ] --END-- [ RunTime:0.001646s ]
NOTIC: [8] Undefined index: HTTP_REFERER E:\wamp\www\tfamily\Application\Admin\Controller\BaseController.class.php 第 24 行.

[ 2016-12-23T09:28:38+08:00 ] 127.0.0.1 /tfamily/admin.php?m=Admin&c=auth&a=login
INFO: [ app_init ] --START--
INFO: Run Behavior\BuildLiteBehavior [ RunTime:0.000037s ]
INFO: [ app_init ] --END-- [ RunTime:0.000921s ]
INFO: [ app_begin ] --START--
INFO: Run Behavior\ReadHtmlCacheBehavior [ RunTime:0.001465s ]
INFO: [ app_begin ] --END-- [ RunTime:0.001624s ]
INFO: [ view_parse ] --START--
INFO: [ template_filter ] --START--
INFO: Run Behavior\ContentReplaceBehavior [ RunTime:0.000141s ]
INFO: [ template_filter ] --END-- [ RunTime:0.000402s ]
NOTIC: [8] Undefined variable: title E:\wamp\www\tfamily\Application\Runtime\Cache\Admin\dcfb7ddaab59bfbce2ddc9c860debad0.php 第 5 行.
NOTIC: [8] Undefined variable: meta_title E:\wamp\www\tfamily\Application\Runtime\Cache\Admin\dcfb7ddaab59bfbce2ddc9c860debad0.php 第 101 行.
NOTIC: [8] Undefined variable: error E:\wamp\www\tfamily\Application\Runtime\Cache\Admin\dcfb7ddaab59bfbce2ddc9c860debad0.php 第 121 行.
NOTIC: [8] Undefined variable: ref E:\wamp\www\tfamily\Application\Runtime\Cache\Admin\dcfb7ddaab59bfbce2ddc9c860debad0.php 第 150 行.
INFO: Run Behavior\ParseTemplateBehavior [ RunTime:0.054285s ]
INFO: [ view_parse ] --END-- [ RunTime:0.054481s ]
INFO: [ view_filter ] --START--
INFO: Run Behavior\WriteHtmlCacheBehavior [ RunTime:0.001402s ]
INFO: [ view_filter ] --END-- [ RunTime:0.001591s ]
INFO: [ app_end ] --START--
INFO: Run Behavior\ShowPageTraceBehavior [ RunTime:0.001484s ]
INFO: [ app_end ] --END-- [ RunTime:0.001640s ]

[ 2016-12-23T09:28:38+08:00 ] 127.0.0.1 /tfamily/admin.php?m=Admin&c=auth&a=verify
INFO: [ app_init ] --START--
INFO: Run Behavior\BuildLiteBehavior [ RunTime:0.000034s ]
INFO: [ app_init ] --END-- [ RunTime:0.000745s ]
INFO: [ app_begin ] --START--
INFO: Run Behavior\ReadHtmlCacheBehavior [ RunTime:0.001234s ]
INFO: [ app_begin ] --END-- [ RunTime:0.001405s ]
INFO: [ app_end ] --START--
INFO: Run Behavior\ShowPageTraceBehavior [ RunTime:0.001417s ]
INFO: [ app_end ] --END-- [ RunTime:0.001607s ]

[ 2016-12-23T09:28:45+08:00 ] 127.0.0.1 /tfamily/admin.php?m=Admin&c=auth&a=verify&t=1482456525497
INFO: [ app_init ] --START--
INFO: Run Behavior\BuildLiteBehavior [ RunTime:0.000038s ]
INFO: [ app_init ] --END-- [ RunTime:0.000772s ]
INFO: [ app_begin ] --START--
INFO: Run Behavior\ReadHtmlCacheBehavior [ RunTime:0.001432s ]
INFO: [ app_begin ] --END-- [ RunTime:0.001606s ]
INFO: [ app_end ] --START--
INFO: Run Behavior\ShowPageTraceBehavior [ RunTime:0.001428s ]
INFO: [ app_end ] --END-- [ RunTime:0.001613s ]

[ 2016-12-23T09:28:49+08:00 ] 127.0.0.1 /tfamily/admin.php?m=Admin&c=auth&a=login
INFO: [ app_init ] --START--
INFO: Run Behavior\BuildLiteBehavior [ RunTime:0.000036s ]
INFO: [ app_init ] --END-- [ RunTime:0.000757s ]
INFO: [ app_begin ] --START--
INFO: Run Behavior\ReadHtmlCacheBehavior [ RunTime:0.001164s ]
INFO: [ app_begin ] --END-- [ RunTime:0.001339s ]
SQL: SHOW COLUMNS FROM `tf_admin` [ RunTime:0.0208s ]
SQL: SELECT * FROM `tf_admin` WHERE `name` = 'admin' LIMIT 1   [ RunTime:0.0009s ]
SQL: UPDATE `tf_admin` SET `last_time`='2016-12-23 09:28:49',`last_ip`='127.0.0.1' WHERE `id` = 1 [ RunTime:0.0037s ]

[ 2016-12-23T09:28:49+08:00 ] 127.0.0.1 /tfamily/admin.php
INFO: [ app_init ] --START--
INFO: Run Behavior\BuildLiteBehavior [ RunTime:0.000037s ]
INFO: [ app_init ] --END-- [ RunTime:0.000777s ]
INFO: [ app_begin ] --START--
INFO: Run Behavior\ReadHtmlCacheBehavior [ RunTime:0.001403s ]
INFO: [ app_begin ] --END-- [ RunTime:0.001595s ]
NOTIC: [8] Undefined index: children E:\wamp\www\tfamily\Application\Admin\Controller\BaseController.class.php 第 195 行.
NOTIC: [8] Undefined index: children E:\wamp\www\tfamily\Application\Admin\Controller\BaseController.class.php 第 218 行.
NOTIC: [8] Undefined index: children E:\wamp\www\tfamily\Application\Admin\Controller\BaseController.class.php 第 178 行.
NOTIC: [8] Undefined index: children E:\wamp\www\tfamily\Application\Admin\Controller\BaseController.class.php 第 195 行.
NOTIC: [8] Undefined index: children E:\wamp\www\tfamily\Application\Admin\Controller\BaseController.class.php 第 218 行.
NOTIC: [8] Undefined index: children E:\wamp\www\tfamily\Application\Admin\Controller\BaseController.class.php 第 178 行.
NOTIC: [8] Undefined index: children E:\wamp\www\tfamily\Application\Admin\Controller\BaseController.class.php 第 195 行.
NOTIC: [8] Undefined index: children E:\wamp\www\tfamily\Application\Admin\Controller\BaseController.class.php 第 218 行.
NOTIC: [8] Undefined index: children E:\wamp\www\tfamily\Application\Admin\Controller\BaseController.class.php 第 178 行.
NOTIC: [8] Undefined index: children E:\wamp\www\tfamily\Application\Admin\Controller\BaseController.class.php 第 195 行.
NOTIC: [8] Undefined index: children E:\wamp\www\tfamily\Application\Admin\Controller\BaseController.class.php 第 218 行.
NOTIC: [8] Undefined index: children E:\wamp\www\tfamily\Application\Admin\Controller\BaseController.class.php 第 178 行.
NOTIC: [8] Undefined index: children E:\wamp\www\tfamily\Application\Admin\Controller\BaseController.class.php 第 195 行.
NOTIC: [8] Undefined index: children E:\wamp\www\tfamily\Application\Admin\Controller\BaseController.class.php 第 218 行.
NOTIC: [8] Undefined index: children E:\wamp\www\tfamily\Application\Admin\Controller\BaseController.class.php 第 178 行.
NOTIC: [8] Undefined index: children E:\wamp\www\tfamily\Application\Admin\Controller\BaseController.class.php 第 195 行.
NOTIC: [8] Undefined index: children E:\wamp\www\tfamily\Application\Admin\Controller\BaseController.class.php 第 218 行.
NOTIC: [8] Undefined index: children E:\wamp\www\tfamily\Application\Admin\Controller\BaseController.class.php 第 178 行.
NOTIC: [8] Undefined index: children E:\wamp\www\tfamily\Application\Admin\Controller\BaseController.class.php 第 195 行.
NOTIC: [8] Undefined index: children E:\wamp\www\tfamily\Application\Admin\Controller\BaseController.class.php 第 218 行.
NOTIC: [8] Undefined index: children E:\wamp\www\tfamily\Application\Admin\Controller\BaseController.class.php 第 178 行.
NOTIC: [8] Undefined index: children E:\wamp\www\tfamily\Application\Admin\Controller\BaseController.class.php 第 195 行.
NOTIC: [8] Undefined index: children E:\wamp\www\tfamily\Application\Admin\Controller\BaseController.class.php 第 218 行.
NOTIC: [8] Undefined index: children E:\wamp\www\tfamily\Application\Admin\Controller\BaseController.class.php 第 178 行.
SQL: SHOW COLUMNS FROM `tf_user` [ RunTime:0.0229s ]
SQL: SELECT COUNT(*) AS tp_count FROM `tf_user` WHERE ( user_type = 'province_agent' or user_type = 'district_agent' or user_type = 'city_agent' ) LIMIT 1   [ RunTime:0.0005s ]
SQL: SELECT COUNT(*) AS tp_count FROM `tf_user` WHERE ( user_type = 'member' ) LIMIT 1   [ RunTime:0.0003s ]
SQL: SELECT COUNT(*) AS tp_count FROM `tf_user` WHERE ( user_type = 'fan' ) LIMIT 1   [ RunTime:0.0002s ]
SQL: SHOW COLUMNS FROM `tf_house` [ RunTime:0.0287s ]
SQL: SELECT COUNT(*) AS tp_count FROM `tf_house` LIMIT 1   [ RunTime:0.0004s ]
SQL: SHOW COLUMNS FROM `tf_car` [ RunTime:0.1098s ]
SQL: SELECT COUNT(*) AS tp_count FROM `tf_car` LIMIT 1   [ RunTime:0.0010s ]
SQL: SHOW COLUMNS FROM `tf_orders` [ RunTime:0.0308s ]
SQL: SELECT COUNT(*) AS tp_count FROM `tf_orders` LIMIT 1   [ RunTime:0.0005s ]
SQL: SHOW COLUMNS FROM `tf_news` [ RunTime:0.0177s ]
SQL: SELECT COUNT(*) AS tp_count FROM `tf_news` LIMIT 1   [ RunTime:0.0003s ]
SQL: SHOW COLUMNS FROM `tf_adspace` [ RunTime:0.0279s ]
SQL: SELECT COUNT(*) AS tp_count FROM `tf_adspace` LIMIT 1   [ RunTime:0.0003s ]
SQL: SHOW COLUMNS FROM `tf_money_details` [ RunTime:0.0079s ]
SQL: SELECT COUNT(*) AS tp_count FROM `tf_money_details` LIMIT 1   [ RunTime:0.0006s ]
INFO: [ view_parse ] --START--
INFO: [ template_filter ] --START--
INFO: Run Behavior\ContentReplaceBehavior [ RunTime:0.000136s ]
INFO: [ template_filter ] --END-- [ RunTime:0.000299s ]
NOTIC: [8] Undefined variable: page_title E:\wamp\www\tfamily\Application\Runtime\Cache\Admin\b595b808c2ebeeeb0478ffc30bb4e87a.php 第 5 行.
NOTIC: [8] Undefined variable: uname E:\wamp\www\tfamily\Application\Runtime\Cache\Admin\b595b808c2ebeeeb0478ffc30bb4e87a.php 第 58 行.
NOTIC: [8] Undefined variable: page_title E:\wamp\www\tfamily\Application\Runtime\Cache\Admin\b595b808c2ebeeeb0478ffc30bb4e87a.php 第 111 行.
NOTIC: [8] Undefined variable: page_title E:\wamp\www\tfamily\Application\Runtime\Cache\Admin\b595b808c2ebeeeb0478ffc30bb4e87a.php 第 114 行.
INFO: Run Behavior\ParseTemplateBehavior [ RunTime:0.041368s ]
INFO: [ view_parse ] --END-- [ RunTime:0.041530s ]
INFO: [ view_filter ] --START--
INFO: Run Behavior\WriteHtmlCacheBehavior [ RunTime:0.000809s ]
INFO: [ view_filter ] --END-- [ RunTime:0.000980s ]
INFO: [ app_end ] --START--
INFO: Run Behavior\ShowPageTraceBehavior [ RunTime:0.001138s ]
INFO: [ app_end ] --END-- [ RunTime:0.001275s ]

