[ 2016-12-12T10:56:12+08:00 ] 127.0.0.1 /tfamily/admin.php
INFO: [ app_init ] --START--
INFO: Run Behavior\BuildLiteBehavior [ RunTime:0.000040s ]
INFO: [ app_init ] --END-- [ RunTime:0.000900s ]
INFO: [ app_begin ] --START--
INFO: Run Behavior\ReadHtmlCacheBehavior [ RunTime:0.002729s ]
INFO: [ app_begin ] --END-- [ RunTime:0.002931s ]
NOTIC: [8] Undefined index: HTTP_REFERER E:\wamp\www\tfamily\Application\Admin\Controller\BaseController.class.php 第 24 行.

[ 2016-12-12T10:56:12+08:00 ] 127.0.0.1 /tfamily/admin.php?m=Admin&c=auth&a=login
INFO: [ app_init ] --START--
INFO: Run Behavior\BuildLiteBehavior [ RunTime:0.000041s ]
INFO: [ app_init ] --END-- [ RunTime:0.001167s ]
INFO: [ app_begin ] --START--
INFO: Run Behavior\ReadHtmlCacheBehavior [ RunTime:0.000754s ]
INFO: [ app_begin ] --END-- [ RunTime:0.000918s ]
INFO: [ view_parse ] --START--
INFO: [ template_filter ] --START--
INFO: Run Behavior\ContentReplaceBehavior [ RunTime:0.000190s ]
INFO: [ template_filter ] --END-- [ RunTime:0.000442s ]
NOTIC: [8] Undefined variable: title E:\wamp\www\tfamily\Application\Runtime\Cache\Admin\dcfb7ddaab59bfbce2ddc9c860debad0.php 第 5 行.
NOTIC: [8] Undefined variable: meta_title E:\wamp\www\tfamily\Application\Runtime\Cache\Admin\dcfb7ddaab59bfbce2ddc9c860debad0.php 第 101 行.
NOTIC: [8] Undefined variable: error E:\wamp\www\tfamily\Application\Runtime\Cache\Admin\dcfb7ddaab59bfbce2ddc9c860debad0.php 第 121 行.
NOTIC: [8] Undefined variable: ref E:\wamp\www\tfamily\Application\Runtime\Cache\Admin\dcfb7ddaab59bfbce2ddc9c860debad0.php 第 150 行.
INFO: Run Behavior\ParseTemplateBehavior [ RunTime:0.038207s ]
INFO: [ view_parse ] --END-- [ RunTime:0.038623s ]
INFO: [ view_filter ] --START--
INFO: Run Behavior\WriteHtmlCacheBehavior [ RunTime:0.001125s ]
INFO: [ view_filter ] --END-- [ RunTime:0.001355s ]
INFO: [ app_end ] --START--
INFO: Run Behavior\ShowPageTraceBehavior [ RunTime:0.001514s ]
INFO: [ app_end ] --END-- [ RunTime:0.001770s ]

[ 2016-12-12T10:56:13+08:00 ] 127.0.0.1 /tfamily/admin.php?m=Admin&c=auth&a=verify
INFO: [ app_init ] --START--
INFO: Run Behavior\BuildLiteBehavior [ RunTime:0.000037s ]
INFO: [ app_init ] --END-- [ RunTime:0.000708s ]
INFO: [ app_begin ] --START--
INFO: Run Behavior\ReadHtmlCacheBehavior [ RunTime:0.000795s ]
INFO: [ app_begin ] --END-- [ RunTime:0.000968s ]
INFO: [ app_end ] --START--
INFO: Run Behavior\ShowPageTraceBehavior [ RunTime:0.000984s ]
INFO: [ app_end ] --END-- [ RunTime:0.001166s ]

[ 2016-12-12T10:56:19+08:00 ] 127.0.0.1 /tfamily/admin.php?m=Admin&c=auth&a=verify&t=1481511378962
INFO: [ app_init ] --START--
INFO: Run Behavior\BuildLiteBehavior [ RunTime:0.000040s ]
INFO: [ app_init ] --END-- [ RunTime:0.000809s ]
INFO: [ app_begin ] --START--
INFO: Run Behavior\ReadHtmlCacheBehavior [ RunTime:0.001188s ]
INFO: [ app_begin ] --END-- [ RunTime:0.001491s ]
INFO: [ app_end ] --START--
INFO: Run Behavior\ShowPageTraceBehavior [ RunTime:0.001322s ]
INFO: [ app_end ] --END-- [ RunTime:0.001507s ]

[ 2016-12-12T10:56:19+08:00 ] 127.0.0.1 /tfamily/admin.php?m=Admin&c=auth&a=verify&t=1481511379801
INFO: [ app_init ] --START--
INFO: Run Behavior\BuildLiteBehavior [ RunTime:0.000042s ]
INFO: [ app_init ] --END-- [ RunTime:0.000764s ]
INFO: [ app_begin ] --START--
INFO: Run Behavior\ReadHtmlCacheBehavior [ RunTime:0.000976s ]
INFO: [ app_begin ] --END-- [ RunTime:0.001176s ]
INFO: [ app_end ] --START--
INFO: Run Behavior\ShowPageTraceBehavior [ RunTime:0.000941s ]
INFO: [ app_end ] --END-- [ RunTime:0.001112s ]

[ 2016-12-12T10:56:20+08:00 ] 127.0.0.1 /tfamily/admin.php?m=Admin&c=auth&a=verify&t=1481511380800
INFO: [ app_init ] --START--
INFO: Run Behavior\BuildLiteBehavior [ RunTime:0.000040s ]
INFO: [ app_init ] --END-- [ RunTime:0.000768s ]
INFO: [ app_begin ] --START--
INFO: Run Behavior\ReadHtmlCacheBehavior [ RunTime:0.000951s ]
INFO: [ app_begin ] --END-- [ RunTime:0.001140s ]
INFO: [ app_end ] --START--
INFO: Run Behavior\ShowPageTraceBehavior [ RunTime:0.000921s ]
INFO: [ app_end ] --END-- [ RunTime:0.001119s ]

[ 2016-12-12T10:56:21+08:00 ] 127.0.0.1 /tfamily/admin.php?m=Admin&c=auth&a=verify&t=1481511381592
INFO: [ app_init ] --START--
INFO: Run Behavior\BuildLiteBehavior [ RunTime:0.000039s ]
INFO: [ app_init ] --END-- [ RunTime:0.000729s ]
INFO: [ app_begin ] --START--
INFO: Run Behavior\ReadHtmlCacheBehavior [ RunTime:0.000863s ]
INFO: [ app_begin ] --END-- [ RunTime:0.001042s ]
INFO: [ app_end ] --START--
INFO: Run Behavior\ShowPageTraceBehavior [ RunTime:0.000986s ]
INFO: [ app_end ] --END-- [ RunTime:0.001152s ]

[ 2016-12-12T10:56:25+08:00 ] 127.0.0.1 /tfamily/admin.php?m=Admin&c=auth&a=login
INFO: [ app_init ] --START--
INFO: Run Behavior\BuildLiteBehavior [ RunTime:0.000037s ]
INFO: [ app_init ] --END-- [ RunTime:0.000709s ]
INFO: [ app_begin ] --START--
INFO: Run Behavior\ReadHtmlCacheBehavior [ RunTime:0.000723s ]
INFO: [ app_begin ] --END-- [ RunTime:0.000873s ]
SQL: SHOW COLUMNS FROM `tf_admin` [ RunTime:0.0393s ]
SQL: SELECT * FROM `tf_admin` WHERE `name` = 'admin' LIMIT 1   [ RunTime:0.0005s ]
INFO: [ view_parse ] --START--
INFO: [ template_filter ] --START--
INFO: Run Behavior\ContentReplaceBehavior [ RunTime:0.000124s ]
INFO: [ template_filter ] --END-- [ RunTime:0.000288s ]
NOTIC: [8] Undefined variable: title E:\wamp\www\tfamily\Application\Runtime\Cache\Admin\dcfb7ddaab59bfbce2ddc9c860debad0.php 第 5 行.
NOTIC: [8] Undefined variable: meta_title E:\wamp\www\tfamily\Application\Runtime\Cache\Admin\dcfb7ddaab59bfbce2ddc9c860debad0.php 第 101 行.
NOTIC: [8] Undefined variable: ref E:\wamp\www\tfamily\Application\Runtime\Cache\Admin\dcfb7ddaab59bfbce2ddc9c860debad0.php 第 150 行.
INFO: Run Behavior\ParseTemplateBehavior [ RunTime:0.013904s ]
INFO: [ view_parse ] --END-- [ RunTime:0.014052s ]
INFO: [ view_filter ] --START--
INFO: Run Behavior\WriteHtmlCacheBehavior [ RunTime:0.000617s ]
INFO: [ view_filter ] --END-- [ RunTime:0.000753s ]

[ 2016-12-12T10:56:25+08:00 ] 127.0.0.1 /tfamily/admin.php?m=Admin&c=auth&a=verify
INFO: [ app_init ] --START--
INFO: Run Behavior\BuildLiteBehavior [ RunTime:0.000036s ]
INFO: [ app_init ] --END-- [ RunTime:0.000658s ]
INFO: [ app_begin ] --START--
INFO: Run Behavior\ReadHtmlCacheBehavior [ RunTime:0.000934s ]
INFO: [ app_begin ] --END-- [ RunTime:0.001119s ]
INFO: [ app_end ] --START--
INFO: Run Behavior\ShowPageTraceBehavior [ RunTime:0.001450s ]
INFO: [ app_end ] --END-- [ RunTime:0.001803s ]

[ 2016-12-12T10:56:34+08:00 ] 127.0.0.1 /tfamily/admin.php?m=Admin&c=auth&a=verify&t=1481511394493
INFO: [ app_init ] --START--
INFO: Run Behavior\BuildLiteBehavior [ RunTime:0.000034s ]
INFO: [ app_init ] --END-- [ RunTime:0.000628s ]
INFO: [ app_begin ] --START--
INFO: Run Behavior\ReadHtmlCacheBehavior [ RunTime:0.001536s ]
INFO: [ app_begin ] --END-- [ RunTime:0.001717s ]
INFO: [ app_end ] --START--
INFO: Run Behavior\ShowPageTraceBehavior [ RunTime:0.000954s ]
INFO: [ app_end ] --END-- [ RunTime:0.001130s ]

[ 2016-12-12T10:56:35+08:00 ] 127.0.0.1 /tfamily/admin.php?m=Admin&c=auth&a=verify&t=1481511395424
INFO: [ app_init ] --START--
INFO: Run Behavior\BuildLiteBehavior [ RunTime:0.000035s ]
INFO: [ app_init ] --END-- [ RunTime:0.000644s ]
INFO: [ app_begin ] --START--
INFO: Run Behavior\ReadHtmlCacheBehavior [ RunTime:0.000695s ]
INFO: [ app_begin ] --END-- [ RunTime:0.000841s ]
INFO: [ app_end ] --START--
INFO: Run Behavior\ShowPageTraceBehavior [ RunTime:0.000780s ]
INFO: [ app_end ] --END-- [ RunTime:0.000939s ]

[ 2016-12-12T10:56:36+08:00 ] 127.0.0.1 /tfamily/admin.php?m=Admin&c=auth&a=verify&t=1481511396241
INFO: [ app_init ] --START--
INFO: Run Behavior\BuildLiteBehavior [ RunTime:0.000033s ]
INFO: [ app_init ] --END-- [ RunTime:0.000620s ]
INFO: [ app_begin ] --START--
INFO: Run Behavior\ReadHtmlCacheBehavior [ RunTime:0.000766s ]
INFO: [ app_begin ] --END-- [ RunTime:0.000924s ]
INFO: [ app_end ] --START--
INFO: Run Behavior\ShowPageTraceBehavior [ RunTime:0.000898s ]
INFO: [ app_end ] --END-- [ RunTime:0.001057s ]

[ 2016-12-12T10:56:37+08:00 ] 127.0.0.1 /tfamily/admin.php?m=Admin&c=auth&a=verify&t=1481511397032
INFO: [ app_init ] --START--
INFO: Run Behavior\BuildLiteBehavior [ RunTime:0.000037s ]
INFO: [ app_init ] --END-- [ RunTime:0.000673s ]
INFO: [ app_begin ] --START--
INFO: Run Behavior\ReadHtmlCacheBehavior [ RunTime:0.000768s ]
INFO: [ app_begin ] --END-- [ RunTime:0.000930s ]
INFO: [ app_end ] --START--
INFO: Run Behavior\ShowPageTraceBehavior [ RunTime:0.000725s ]
INFO: [ app_end ] --END-- [ RunTime:0.000877s ]

[ 2016-12-12T10:56:37+08:00 ] 127.0.0.1 /tfamily/admin.php?m=Admin&c=auth&a=verify&t=1481511397808
INFO: [ app_init ] --START--
INFO: Run Behavior\BuildLiteBehavior [ RunTime:0.000034s ]
INFO: [ app_init ] --END-- [ RunTime:0.000631s ]
INFO: [ app_begin ] --START--
INFO: Run Behavior\ReadHtmlCacheBehavior [ RunTime:0.000723s ]
INFO: [ app_begin ] --END-- [ RunTime:0.000874s ]
INFO: [ app_end ] --START--
INFO: Run Behavior\ShowPageTraceBehavior [ RunTime:0.000789s ]
INFO: [ app_end ] --END-- [ RunTime:0.000953s ]

[ 2016-12-12T10:56:42+08:00 ] 127.0.0.1 /tfamily/admin.php?m=Admin&c=auth&a=login
INFO: [ app_init ] --START--
INFO: Run Behavior\BuildLiteBehavior [ RunTime:0.000032s ]
INFO: [ app_init ] --END-- [ RunTime:0.000606s ]
INFO: [ app_begin ] --START--
INFO: Run Behavior\ReadHtmlCacheBehavior [ RunTime:0.000830s ]
INFO: [ app_begin ] --END-- [ RunTime:0.001003s ]
INFO: [ view_parse ] --START--
INFO: [ template_filter ] --START--
INFO: Run Behavior\ContentReplaceBehavior [ RunTime:0.000116s ]
INFO: [ template_filter ] --END-- [ RunTime:0.000272s ]
NOTIC: [8] Undefined variable: title E:\wamp\www\tfamily\Application\Runtime\Cache\Admin\dcfb7ddaab59bfbce2ddc9c860debad0.php 第 5 行.
NOTIC: [8] Undefined variable: meta_title E:\wamp\www\tfamily\Application\Runtime\Cache\Admin\dcfb7ddaab59bfbce2ddc9c860debad0.php 第 101 行.
NOTIC: [8] Undefined variable: ref E:\wamp\www\tfamily\Application\Runtime\Cache\Admin\dcfb7ddaab59bfbce2ddc9c860debad0.php 第 150 行.
INFO: Run Behavior\ParseTemplateBehavior [ RunTime:0.011552s ]
INFO: [ view_parse ] --END-- [ RunTime:0.011698s ]
INFO: [ view_filter ] --START--
INFO: Run Behavior\WriteHtmlCacheBehavior [ RunTime:0.000384s ]
INFO: [ view_filter ] --END-- [ RunTime:0.000519s ]

[ 2016-12-12T10:56:42+08:00 ] 127.0.0.1 /tfamily/admin.php?m=Admin&c=auth&a=verify
INFO: [ app_init ] --START--
INFO: Run Behavior\BuildLiteBehavior [ RunTime:0.000057s ]
INFO: [ app_init ] --END-- [ RunTime:0.000949s ]
INFO: [ app_begin ] --START--
INFO: Run Behavior\ReadHtmlCacheBehavior [ RunTime:0.001170s ]
INFO: [ app_begin ] --END-- [ RunTime:0.001614s ]
INFO: [ app_end ] --START--
INFO: Run Behavior\ShowPageTraceBehavior [ RunTime:0.000916s ]
INFO: [ app_end ] --END-- [ RunTime:0.001101s ]

[ 2016-12-12T10:56:47+08:00 ] 127.0.0.1 /tfamily/admin.php?m=Admin&c=auth&a=login
INFO: [ app_init ] --START--
INFO: Run Behavior\BuildLiteBehavior [ RunTime:0.000038s ]
INFO: [ app_init ] --END-- [ RunTime:0.000670s ]
INFO: [ app_begin ] --START--
INFO: Run Behavior\ReadHtmlCacheBehavior [ RunTime:0.000797s ]
INFO: [ app_begin ] --END-- [ RunTime:0.000970s ]
INFO: [ view_parse ] --START--
INFO: [ template_filter ] --START--
INFO: Run Behavior\ContentReplaceBehavior [ RunTime:0.000129s ]
INFO: [ template_filter ] --END-- [ RunTime:0.000305s ]
NOTIC: [8] Undefined variable: title E:\wamp\www\tfamily\Application\Runtime\Cache\Admin\dcfb7ddaab59bfbce2ddc9c860debad0.php 第 5 行.
NOTIC: [8] Undefined variable: meta_title E:\wamp\www\tfamily\Application\Runtime\Cache\Admin\dcfb7ddaab59bfbce2ddc9c860debad0.php 第 101 行.
NOTIC: [8] Undefined variable: error E:\wamp\www\tfamily\Application\Runtime\Cache\Admin\dcfb7ddaab59bfbce2ddc9c860debad0.php 第 121 行.
NOTIC: [8] Undefined variable: ref E:\wamp\www\tfamily\Application\Runtime\Cache\Admin\dcfb7ddaab59bfbce2ddc9c860debad0.php 第 150 行.
INFO: Run Behavior\ParseTemplateBehavior [ RunTime:0.013488s ]
INFO: [ view_parse ] --END-- [ RunTime:0.013651s ]
INFO: [ view_filter ] --START--
INFO: Run Behavior\WriteHtmlCacheBehavior [ RunTime:0.000470s ]
INFO: [ view_filter ] --END-- [ RunTime:0.000608s ]
INFO: [ app_end ] --START--
INFO: Run Behavior\ShowPageTraceBehavior [ RunTime:0.000715s ]
INFO: [ app_end ] --END-- [ RunTime:0.000852s ]

[ 2016-12-12T10:56:48+08:00 ] 127.0.0.1 /tfamily/admin.php?m=Admin&c=auth&a=verify
INFO: [ app_init ] --START--
INFO: Run Behavior\BuildLiteBehavior [ RunTime:0.000055s ]
INFO: [ app_init ] --END-- [ RunTime:0.001326s ]
INFO: [ app_begin ] --START--
INFO: Run Behavior\ReadHtmlCacheBehavior [ RunTime:0.000814s ]
INFO: [ app_begin ] --END-- [ RunTime:0.000992s ]
INFO: [ app_end ] --START--
INFO: Run Behavior\ShowPageTraceBehavior [ RunTime:0.001366s ]
INFO: [ app_end ] --END-- [ RunTime:0.001648s ]

[ 2016-12-12T10:56:53+08:00 ] 127.0.0.1 /tfamily/admin.php?m=Admin&c=auth&a=verify&t=1481511413537
INFO: [ app_init ] --START--
INFO: Run Behavior\BuildLiteBehavior [ RunTime:0.000033s ]
INFO: [ app_init ] --END-- [ RunTime:0.000606s ]
INFO: [ app_begin ] --START--
INFO: Run Behavior\ReadHtmlCacheBehavior [ RunTime:0.000690s ]
INFO: [ app_begin ] --END-- [ RunTime:0.000835s ]
INFO: [ app_end ] --START--
INFO: Run Behavior\ShowPageTraceBehavior [ RunTime:0.000997s ]
INFO: [ app_end ] --END-- [ RunTime:0.001171s ]

[ 2016-12-12T10:56:55+08:00 ] 127.0.0.1 /tfamily/admin.php?m=Admin&c=auth&a=verify&t=1481511415279
INFO: [ app_init ] --START--
INFO: Run Behavior\BuildLiteBehavior [ RunTime:0.000042s ]
INFO: [ app_init ] --END-- [ RunTime:0.000803s ]
INFO: [ app_begin ] --START--
INFO: Run Behavior\ReadHtmlCacheBehavior [ RunTime:0.000702s ]
INFO: [ app_begin ] --END-- [ RunTime:0.000849s ]
INFO: [ app_end ] --START--
INFO: Run Behavior\ShowPageTraceBehavior [ RunTime:0.000750s ]
INFO: [ app_end ] --END-- [ RunTime:0.000904s ]

[ 2016-12-12T10:56:55+08:00 ] 127.0.0.1 /tfamily/admin.php?m=Admin&c=auth&a=verify&t=1481511415431
INFO: [ app_init ] --START--
INFO: Run Behavior\BuildLiteBehavior [ RunTime:0.000036s ]
INFO: [ app_init ] --END-- [ RunTime:0.000656s ]
INFO: [ app_begin ] --START--
INFO: Run Behavior\ReadHtmlCacheBehavior [ RunTime:0.000731s ]
INFO: [ app_begin ] --END-- [ RunTime:0.000885s ]
INFO: [ app_end ] --START--
INFO: Run Behavior\ShowPageTraceBehavior [ RunTime:0.000733s ]
INFO: [ app_end ] --END-- [ RunTime:0.000884s ]

[ 2016-12-12T10:56:56+08:00 ] 127.0.0.1 /tfamily/admin.php?m=Admin&c=auth&a=verify&t=1481511416424
INFO: [ app_init ] --START--
INFO: Run Behavior\BuildLiteBehavior [ RunTime:0.000044s ]
INFO: [ app_init ] --END-- [ RunTime:0.000864s ]
INFO: [ app_begin ] --START--
INFO: Run Behavior\ReadHtmlCacheBehavior [ RunTime:0.001211s ]
INFO: [ app_begin ] --END-- [ RunTime:0.001419s ]
INFO: [ app_end ] --START--
INFO: Run Behavior\ShowPageTraceBehavior [ RunTime:0.001047s ]
INFO: [ app_end ] --END-- [ RunTime:0.001262s ]

[ 2016-12-12T10:57:00+08:00 ] 127.0.0.1 /tfamily/admin.php?m=Admin&c=auth&a=login
INFO: [ app_init ] --START--
INFO: Run Behavior\BuildLiteBehavior [ RunTime:0.000035s ]
INFO: [ app_init ] --END-- [ RunTime:0.000639s ]
INFO: [ app_begin ] --START--
INFO: Run Behavior\ReadHtmlCacheBehavior [ RunTime:0.000689s ]
INFO: [ app_begin ] --END-- [ RunTime:0.000839s ]
SQL: SHOW COLUMNS FROM `tf_admin` [ RunTime:0.0053s ]
SQL: SELECT * FROM `tf_admin` WHERE `name` = 'admin' LIMIT 1   [ RunTime:0.0004s ]
SQL: UPDATE `tf_admin` SET `last_time`='2016-12-12 10:57:00',`last_ip`='127.0.0.1' WHERE `id` = 1 [ RunTime:0.0020s ]

[ 2016-12-12T10:57:00+08:00 ] 127.0.0.1 /tfamily/admin.php?m=Admin&c=index&a=index
INFO: [ app_init ] --START--
INFO: Run Behavior\BuildLiteBehavior [ RunTime:0.000033s ]
INFO: [ app_init ] --END-- [ RunTime:0.000614s ]
INFO: [ app_begin ] --START--
INFO: Run Behavior\ReadHtmlCacheBehavior [ RunTime:0.000772s ]
INFO: [ app_begin ] --END-- [ RunTime:0.000920s ]
NOTIC: [8] Undefined index: children E:\wamp\www\tfamily\Application\Admin\Controller\BaseController.class.php 第 195 行.
NOTIC: [8] Undefined index: children E:\wamp\www\tfamily\Application\Admin\Controller\BaseController.class.php 第 218 行.
NOTIC: [8] Undefined index: children E:\wamp\www\tfamily\Application\Admin\Controller\BaseController.class.php 第 178 行.
NOTIC: [8] Undefined index: children E:\wamp\www\tfamily\Application\Admin\Controller\BaseController.class.php 第 195 行.
NOTIC: [8] Undefined index: children E:\wamp\www\tfamily\Application\Admin\Controller\BaseController.class.php 第 218 行.
NOTIC: [8] Undefined index: children E:\wamp\www\tfamily\Application\Admin\Controller\BaseController.class.php 第 178 行.
NOTIC: [8] Undefined index: children E:\wamp\www\tfamily\Application\Admin\Controller\BaseController.class.php 第 195 行.
NOTIC: [8] Undefined index: children E:\wamp\www\tfamily\Application\Admin\Controller\BaseController.class.php 第 218 行.
NOTIC: [8] Undefined index: children E:\wamp\www\tfamily\Application\Admin\Controller\BaseController.class.php 第 178 行.
NOTIC: [8] Undefined index: children E:\wamp\www\tfamily\Application\Admin\Controller\BaseController.class.php 第 195 行.
NOTIC: [8] Undefined index: children E:\wamp\www\tfamily\Application\Admin\Controller\BaseController.class.php 第 218 行.
NOTIC: [8] Undefined index: children E:\wamp\www\tfamily\Application\Admin\Controller\BaseController.class.php 第 178 行.
NOTIC: [8] Undefined index: children E:\wamp\www\tfamily\Application\Admin\Controller\BaseController.class.php 第 195 行.
NOTIC: [8] Undefined index: children E:\wamp\www\tfamily\Application\Admin\Controller\BaseController.class.php 第 218 行.
NOTIC: [8] Undefined index: children E:\wamp\www\tfamily\Application\Admin\Controller\BaseController.class.php 第 178 行.
NOTIC: [8] Undefined index: children E:\wamp\www\tfamily\Application\Admin\Controller\BaseController.class.php 第 195 行.
NOTIC: [8] Undefined index: children E:\wamp\www\tfamily\Application\Admin\Controller\BaseController.class.php 第 218 行.
NOTIC: [8] Undefined index: children E:\wamp\www\tfamily\Application\Admin\Controller\BaseController.class.php 第 178 行.
NOTIC: [8] Undefined index: children E:\wamp\www\tfamily\Application\Admin\Controller\BaseController.class.php 第 195 行.
NOTIC: [8] Undefined index: children E:\wamp\www\tfamily\Application\Admin\Controller\BaseController.class.php 第 218 行.
NOTIC: [8] Undefined index: children E:\wamp\www\tfamily\Application\Admin\Controller\BaseController.class.php 第 178 行.
NOTIC: [8] Undefined index: children E:\wamp\www\tfamily\Application\Admin\Controller\BaseController.class.php 第 195 行.
NOTIC: [8] Undefined index: children E:\wamp\www\tfamily\Application\Admin\Controller\BaseController.class.php 第 218 行.
NOTIC: [8] Undefined index: children E:\wamp\www\tfamily\Application\Admin\Controller\BaseController.class.php 第 178 行.
SQL: SHOW COLUMNS FROM `tf_user` [ RunTime:0.0314s ]
SQL: SELECT COUNT(*) AS tp_count FROM `tf_user` WHERE ( user_type = 'province_agent' or user_type = 'district_agent' or user_type = 'city_agent' ) LIMIT 1   [ RunTime:0.0007s ]
SQL: SELECT COUNT(*) AS tp_count FROM `tf_user` WHERE ( user_type = 'member' ) LIMIT 1   [ RunTime:0.0004s ]
SQL: SELECT COUNT(*) AS tp_count FROM `tf_user` WHERE ( user_type = 'fan' ) LIMIT 1   [ RunTime:0.0003s ]
SQL: SHOW COLUMNS FROM `tf_house` [ RunTime:0.0202s ]
SQL: SELECT COUNT(*) AS tp_count FROM `tf_house` LIMIT 1   [ RunTime:0.0004s ]
SQL: SHOW COLUMNS FROM `tf_car` [ RunTime:0.0303s ]
SQL: SELECT COUNT(*) AS tp_count FROM `tf_car` LIMIT 1   [ RunTime:0.0009s ]
SQL: SHOW COLUMNS FROM `tf_orders` [ RunTime:0.0360s ]
SQL: SELECT COUNT(*) AS tp_count FROM `tf_orders` LIMIT 1   [ RunTime:0.0004s ]
SQL: SHOW COLUMNS FROM `tf_news` [ RunTime:0.0182s ]
SQL: SELECT COUNT(*) AS tp_count FROM `tf_news` LIMIT 1   [ RunTime:0.0003s ]
SQL: SHOW COLUMNS FROM `tf_adspace` [ RunTime:0.0279s ]
SQL: SELECT COUNT(*) AS tp_count FROM `tf_adspace` LIMIT 1   [ RunTime:0.0003s ]
SQL: SHOW COLUMNS FROM `tf_money_details` [ RunTime:0.0066s ]
SQL: SELECT COUNT(*) AS tp_count FROM `tf_money_details` LIMIT 1   [ RunTime:0.0003s ]
INFO: [ view_parse ] --START--
INFO: [ template_filter ] --START--
INFO: Run Behavior\ContentReplaceBehavior [ RunTime:0.000140s ]
INFO: [ template_filter ] --END-- [ RunTime:0.000301s ]
NOTIC: [8] Undefined variable: page_title E:\wamp\www\tfamily\Application\Runtime\Cache\Admin\b595b808c2ebeeeb0478ffc30bb4e87a.php 第 5 行.
NOTIC: [8] Undefined variable: uname E:\wamp\www\tfamily\Application\Runtime\Cache\Admin\b595b808c2ebeeeb0478ffc30bb4e87a.php 第 58 行.
NOTIC: [8] Undefined variable: page_title E:\wamp\www\tfamily\Application\Runtime\Cache\Admin\b595b808c2ebeeeb0478ffc30bb4e87a.php 第 111 行.
NOTIC: [8] Undefined variable: page_title E:\wamp\www\tfamily\Application\Runtime\Cache\Admin\b595b808c2ebeeeb0478ffc30bb4e87a.php 第 114 行.
INFO: Run Behavior\ParseTemplateBehavior [ RunTime:0.021592s ]
INFO: [ view_parse ] --END-- [ RunTime:0.021746s ]
INFO: [ view_filter ] --START--
INFO: Run Behavior\WriteHtmlCacheBehavior [ RunTime:0.000531s ]
INFO: [ view_filter ] --END-- [ RunTime:0.000670s ]
INFO: [ app_end ] --START--
INFO: Run Behavior\ShowPageTraceBehavior [ RunTime:0.000770s ]
INFO: [ app_end ] --END-- [ RunTime:0.000911s ]

[ 2016-12-12T10:57:18+08:00 ] 127.0.0.1 /tfamily/admin.php?m=Admin&c=image&a=test
INFO: [ app_init ] --START--
INFO: Run Behavior\BuildLiteBehavior [ RunTime:0.000037s ]
INFO: [ app_init ] --END-- [ RunTime:0.000809s ]
INFO: [ app_begin ] --START--
INFO: Run Behavior\ReadHtmlCacheBehavior [ RunTime:0.001138s ]
INFO: [ app_begin ] --END-- [ RunTime:0.001308s ]
NOTIC: [8] Undefined index: HTTP_REFERER E:\wamp\www\tfamily\Application\Admin\Controller\BaseController.class.php 第 24 行.
NOTIC: [8] Undefined index: children E:\wamp\www\tfamily\Application\Admin\Controller\BaseController.class.php 第 195 行.
NOTIC: [8] Undefined index: children E:\wamp\www\tfamily\Application\Admin\Controller\BaseController.class.php 第 218 行.
NOTIC: [8] Undefined index: children E:\wamp\www\tfamily\Application\Admin\Controller\BaseController.class.php 第 178 行.
NOTIC: [8] Undefined index: children E:\wamp\www\tfamily\Application\Admin\Controller\BaseController.class.php 第 195 行.
NOTIC: [8] Undefined index: children E:\wamp\www\tfamily\Application\Admin\Controller\BaseController.class.php 第 218 行.
NOTIC: [8] Undefined index: children E:\wamp\www\tfamily\Application\Admin\Controller\BaseController.class.php 第 178 行.
NOTIC: [8] Undefined index: children E:\wamp\www\tfamily\Application\Admin\Controller\BaseController.class.php 第 195 行.
NOTIC: [8] Undefined index: children E:\wamp\www\tfamily\Application\Admin\Controller\BaseController.class.php 第 218 行.
NOTIC: [8] Undefined index: children E:\wamp\www\tfamily\Application\Admin\Controller\BaseController.class.php 第 178 行.
NOTIC: [8] Undefined index: children E:\wamp\www\tfamily\Application\Admin\Controller\BaseController.class.php 第 195 行.
NOTIC: [8] Undefined index: children E:\wamp\www\tfamily\Application\Admin\Controller\BaseController.class.php 第 218 行.
NOTIC: [8] Undefined index: children E:\wamp\www\tfamily\Application\Admin\Controller\BaseController.class.php 第 178 行.
NOTIC: [8] Undefined index: children E:\wamp\www\tfamily\Application\Admin\Controller\BaseController.class.php 第 195 行.
NOTIC: [8] Undefined index: children E:\wamp\www\tfamily\Application\Admin\Controller\BaseController.class.php 第 218 行.
NOTIC: [8] Undefined index: children E:\wamp\www\tfamily\Application\Admin\Controller\BaseController.class.php 第 178 行.
NOTIC: [8] Undefined index: children E:\wamp\www\tfamily\Application\Admin\Controller\BaseController.class.php 第 195 行.
NOTIC: [8] Undefined index: children E:\wamp\www\tfamily\Application\Admin\Controller\BaseController.class.php 第 218 行.
NOTIC: [8] Undefined index: children E:\wamp\www\tfamily\Application\Admin\Controller\BaseController.class.php 第 178 行.
NOTIC: [8] Undefined index: children E:\wamp\www\tfamily\Application\Admin\Controller\BaseController.class.php 第 195 行.
NOTIC: [8] Undefined index: children E:\wamp\www\tfamily\Application\Admin\Controller\BaseController.class.php 第 218 行.
NOTIC: [8] Undefined index: children E:\wamp\www\tfamily\Application\Admin\Controller\BaseController.class.php 第 178 行.
NOTIC: [8] Undefined index: children E:\wamp\www\tfamily\Application\Admin\Controller\BaseController.class.php 第 195 行.
NOTIC: [8] Undefined index: children E:\wamp\www\tfamily\Application\Admin\Controller\BaseController.class.php 第 218 行.
NOTIC: [8] Undefined index: children E:\wamp\www\tfamily\Application\Admin\Controller\BaseController.class.php 第 178 行.
SQL: SHOW COLUMNS FROM `tf_admin` [ RunTime:0.0056s ]
INFO: [ view_parse ] --START--
INFO: [ template_filter ] --START--
INFO: Run Behavior\ContentReplaceBehavior [ RunTime:0.000090s ]
INFO: [ template_filter ] --END-- [ RunTime:0.000240s ]
INFO: Run Behavior\ParseTemplateBehavior [ RunTime:0.009724s ]
INFO: [ view_parse ] --END-- [ RunTime:0.009881s ]
INFO: [ view_filter ] --START--
INFO: Run Behavior\WriteHtmlCacheBehavior [ RunTime:0.000601s ]
INFO: [ view_filter ] --END-- [ RunTime:0.000735s ]
INFO: [ app_end ] --START--
INFO: Run Behavior\ShowPageTraceBehavior [ RunTime:0.000924s ]
INFO: [ app_end ] --END-- [ RunTime:0.001060s ]

[ 2016-12-12T10:57:25+08:00 ] 127.0.0.1 /tfamily/admin.php?m=Admin&c=image&a=test
INFO: [ app_init ] --START--
INFO: Run Behavior\BuildLiteBehavior [ RunTime:0.000035s ]
INFO: [ app_init ] --END-- [ RunTime:0.000707s ]
INFO: [ app_begin ] --START--
INFO: Run Behavior\ReadHtmlCacheBehavior [ RunTime:0.000703s ]
INFO: [ app_begin ] --END-- [ RunTime:0.000851s ]
NOTIC: [8] Undefined index: HTTP_REFERER E:\wamp\www\tfamily\Application\Admin\Controller\BaseController.class.php 第 24 行.
NOTIC: [8] Undefined index: children E:\wamp\www\tfamily\Application\Admin\Controller\BaseController.class.php 第 195 行.
NOTIC: [8] Undefined index: children E:\wamp\www\tfamily\Application\Admin\Controller\BaseController.class.php 第 218 行.
NOTIC: [8] Undefined index: children E:\wamp\www\tfamily\Application\Admin\Controller\BaseController.class.php 第 178 行.
NOTIC: [8] Undefined index: children E:\wamp\www\tfamily\Application\Admin\Controller\BaseController.class.php 第 195 行.
NOTIC: [8] Undefined index: children E:\wamp\www\tfamily\Application\Admin\Controller\BaseController.class.php 第 218 行.
NOTIC: [8] Undefined index: children E:\wamp\www\tfamily\Application\Admin\Controller\BaseController.class.php 第 178 行.
NOTIC: [8] Undefined index: children E:\wamp\www\tfamily\Application\Admin\Controller\BaseController.class.php 第 195 行.
NOTIC: [8] Undefined index: children E:\wamp\www\tfamily\Application\Admin\Controller\BaseController.class.php 第 218 行.
NOTIC: [8] Undefined index: children E:\wamp\www\tfamily\Application\Admin\Controller\BaseController.class.php 第 178 行.
NOTIC: [8] Undefined index: children E:\wamp\www\tfamily\Application\Admin\Controller\BaseController.class.php 第 195 行.
NOTIC: [8] Undefined index: children E:\wamp\www\tfamily\Application\Admin\Controller\BaseController.class.php 第 218 行.
NOTIC: [8] Undefined index: children E:\wamp\www\tfamily\Application\Admin\Controller\BaseController.class.php 第 178 行.
NOTIC: [8] Undefined index: children E:\wamp\www\tfamily\Application\Admin\Controller\BaseController.class.php 第 195 行.
NOTIC: [8] Undefined index: children E:\wamp\www\tfamily\Application\Admin\Controller\BaseController.class.php 第 218 行.
NOTIC: [8] Undefined index: children E:\wamp\www\tfamily\Application\Admin\Controller\BaseController.class.php 第 178 行.
NOTIC: [8] Undefined index: children E:\wamp\www\tfamily\Application\Admin\Controller\BaseController.class.php 第 195 行.
NOTIC: [8] Undefined index: children E:\wamp\www\tfamily\Application\Admin\Controller\BaseController.class.php 第 218 行.
NOTIC: [8] Undefined index: children E:\wamp\www\tfamily\Application\Admin\Controller\BaseController.class.php 第 178 行.
NOTIC: [8] Undefined index: children E:\wamp\www\tfamily\Application\Admin\Controller\BaseController.class.php 第 195 行.
NOTIC: [8] Undefined index: children E:\wamp\www\tfamily\Application\Admin\Controller\BaseController.class.php 第 218 行.
NOTIC: [8] Undefined index: children E:\wamp\www\tfamily\Application\Admin\Controller\BaseController.class.php 第 178 行.
NOTIC: [8] Undefined index: children E:\wamp\www\tfamily\Application\Admin\Controller\BaseController.class.php 第 195 行.
NOTIC: [8] Undefined index: children E:\wamp\www\tfamily\Application\Admin\Controller\BaseController.class.php 第 218 行.
NOTIC: [8] Undefined index: children E:\wamp\www\tfamily\Application\Admin\Controller\BaseController.class.php 第 178 行.
SQL: SHOW COLUMNS FROM `tf_admin` [ RunTime:0.0066s ]
INFO: [ view_parse ] --START--
INFO: [ template_filter ] --START--
INFO: Run Behavior\ContentReplaceBehavior [ RunTime:0.000090s ]
INFO: [ template_filter ] --END-- [ RunTime:0.000242s ]
INFO: Run Behavior\ParseTemplateBehavior [ RunTime:0.008172s ]
INFO: [ view_parse ] --END-- [ RunTime:0.008321s ]
INFO: [ view_filter ] --START--
INFO: Run Behavior\WriteHtmlCacheBehavior [ RunTime:0.000377s ]
INFO: [ view_filter ] --END-- [ RunTime:0.000509s ]
INFO: [ app_end ] --START--
INFO: Run Behavior\ShowPageTraceBehavior [ RunTime:0.000711s ]
INFO: [ app_end ] --END-- [ RunTime:0.000844s ]

[ 2016-12-12T16:33:05+08:00 ] 127.0.0.1 /tfamily/admin.php
INFO: [ app_init ] --START--
INFO: Run Behavior\BuildLiteBehavior [ RunTime:0.000042s ]
INFO: [ app_init ] --END-- [ RunTime:0.001393s ]
INFO: [ app_begin ] --START--
INFO: Run Behavior\ReadHtmlCacheBehavior [ RunTime:0.001927s ]
INFO: [ app_begin ] --END-- [ RunTime:0.002254s ]
NOTIC: [8] Undefined index: HTTP_REFERER E:\wamp\www\tfamily\Application\Admin\Controller\BaseController.class.php 第 24 行.
NOTIC: [8] Undefined index: children E:\wamp\www\tfamily\Application\Admin\Controller\BaseController.class.php 第 195 行.
NOTIC: [8] Undefined index: children E:\wamp\www\tfamily\Application\Admin\Controller\BaseController.class.php 第 218 行.
NOTIC: [8] Undefined index: children E:\wamp\www\tfamily\Application\Admin\Controller\BaseController.class.php 第 178 行.
NOTIC: [8] Undefined index: children E:\wamp\www\tfamily\Application\Admin\Controller\BaseController.class.php 第 195 行.
NOTIC: [8] Undefined index: children E:\wamp\www\tfamily\Application\Admin\Controller\BaseController.class.php 第 218 行.
NOTIC: [8] Undefined index: children E:\wamp\www\tfamily\Application\Admin\Controller\BaseController.class.php 第 178 行.
NOTIC: [8] Undefined index: children E:\wamp\www\tfamily\Application\Admin\Controller\BaseController.class.php 第 195 行.
NOTIC: [8] Undefined index: children E:\wamp\www\tfamily\Application\Admin\Controller\BaseController.class.php 第 218 行.
NOTIC: [8] Undefined index: children E:\wamp\www\tfamily\Application\Admin\Controller\BaseController.class.php 第 178 行.
NOTIC: [8] Undefined index: children E:\wamp\www\tfamily\Application\Admin\Controller\BaseController.class.php 第 195 行.
NOTIC: [8] Undefined index: children E:\wamp\www\tfamily\Application\Admin\Controller\BaseController.class.php 第 218 行.
NOTIC: [8] Undefined index: children E:\wamp\www\tfamily\Application\Admin\Controller\BaseController.class.php 第 178 行.
NOTIC: [8] Undefined index: children E:\wamp\www\tfamily\Application\Admin\Controller\BaseController.class.php 第 195 行.
NOTIC: [8] Undefined index: children E:\wamp\www\tfamily\Application\Admin\Controller\BaseController.class.php 第 218 行.
NOTIC: [8] Undefined index: children E:\wamp\www\tfamily\Application\Admin\Controller\BaseController.class.php 第 178 行.
NOTIC: [8] Undefined index: children E:\wamp\www\tfamily\Application\Admin\Controller\BaseController.class.php 第 195 行.
NOTIC: [8] Undefined index: children E:\wamp\www\tfamily\Application\Admin\Controller\BaseController.class.php 第 218 行.
NOTIC: [8] Undefined index: children E:\wamp\www\tfamily\Application\Admin\Controller\BaseController.class.php 第 178 行.
NOTIC: [8] Undefined index: children E:\wamp\www\tfamily\Application\Admin\Controller\BaseController.class.php 第 195 行.
NOTIC: [8] Undefined index: children E:\wamp\www\tfamily\Application\Admin\Controller\BaseController.class.php 第 218 行.
NOTIC: [8] Undefined index: children E:\wamp\www\tfamily\Application\Admin\Controller\BaseController.class.php 第 178 行.
NOTIC: [8] Undefined index: children E:\wamp\www\tfamily\Application\Admin\Controller\BaseController.class.php 第 195 行.
NOTIC: [8] Undefined index: children E:\wamp\www\tfamily\Application\Admin\Controller\BaseController.class.php 第 218 行.
NOTIC: [8] Undefined index: children E:\wamp\www\tfamily\Application\Admin\Controller\BaseController.class.php 第 178 行.
SQL: SHOW COLUMNS FROM `tf_user` [ RunTime:0.0088s ]
SQL: SELECT COUNT(*) AS tp_count FROM `tf_user` WHERE ( user_type = 'province_agent' or user_type = 'district_agent' or user_type = 'city_agent' ) LIMIT 1   [ RunTime:0.0007s ]
SQL: SELECT COUNT(*) AS tp_count FROM `tf_user` WHERE ( user_type = 'member' ) LIMIT 1   [ RunTime:0.0005s ]
SQL: SELECT COUNT(*) AS tp_count FROM `tf_user` WHERE ( user_type = 'fan' ) LIMIT 1   [ RunTime:0.0004s ]
SQL: SHOW COLUMNS FROM `tf_house` [ RunTime:0.0077s ]
SQL: SELECT COUNT(*) AS tp_count FROM `tf_house` LIMIT 1   [ RunTime:0.0004s ]
SQL: SHOW COLUMNS FROM `tf_car` [ RunTime:0.0066s ]
SQL: SELECT COUNT(*) AS tp_count FROM `tf_car` LIMIT 1   [ RunTime:0.0006s ]
SQL: SHOW COLUMNS FROM `tf_orders` [ RunTime:0.0077s ]
SQL: SELECT COUNT(*) AS tp_count FROM `tf_orders` LIMIT 1   [ RunTime:0.0004s ]
SQL: SHOW COLUMNS FROM `tf_news` [ RunTime:0.0059s ]
SQL: SELECT COUNT(*) AS tp_count FROM `tf_news` LIMIT 1   [ RunTime:0.0004s ]
SQL: SHOW COLUMNS FROM `tf_adspace` [ RunTime:0.0067s ]
SQL: SELECT COUNT(*) AS tp_count FROM `tf_adspace` LIMIT 1   [ RunTime:0.0003s ]
SQL: SHOW COLUMNS FROM `tf_money_details` [ RunTime:0.0076s ]
SQL: SELECT COUNT(*) AS tp_count FROM `tf_money_details` LIMIT 1   [ RunTime:0.0005s ]
INFO: [ view_parse ] --START--
INFO: [ template_filter ] --START--
INFO: Run Behavior\ContentReplaceBehavior [ RunTime:0.000153s ]
INFO: [ template_filter ] --END-- [ RunTime:0.000342s ]
NOTIC: [8] Undefined variable: page_title E:\wamp\www\tfamily\Application\Runtime\Cache\Admin\b595b808c2ebeeeb0478ffc30bb4e87a.php 第 5 行.
NOTIC: [8] Undefined variable: uname E:\wamp\www\tfamily\Application\Runtime\Cache\Admin\b595b808c2ebeeeb0478ffc30bb4e87a.php 第 58 行.
NOTIC: [8] Undefined variable: page_title E:\wamp\www\tfamily\Application\Runtime\Cache\Admin\b595b808c2ebeeeb0478ffc30bb4e87a.php 第 111 行.
NOTIC: [8] Undefined variable: page_title E:\wamp\www\tfamily\Application\Runtime\Cache\Admin\b595b808c2ebeeeb0478ffc30bb4e87a.php 第 114 行.
INFO: Run Behavior\ParseTemplateBehavior [ RunTime:0.028326s ]
INFO: [ view_parse ] --END-- [ RunTime:0.028576s ]
INFO: [ view_filter ] --START--
INFO: Run Behavior\WriteHtmlCacheBehavior [ RunTime:0.000979s ]
INFO: [ view_filter ] --END-- [ RunTime:0.001212s ]
INFO: [ app_end ] --START--
INFO: Run Behavior\ShowPageTraceBehavior [ RunTime:0.001430s ]
INFO: [ app_end ] --END-- [ RunTime:0.001671s ]

[ 2016-12-12T16:33:10+08:00 ] 127.0.0.1 /tfamily/admin.php?m=admin&c=admin&a=index
INFO: [ app_init ] --START--
INFO: Run Behavior\BuildLiteBehavior [ RunTime:0.000036s ]
INFO: [ app_init ] --END-- [ RunTime:0.000689s ]
INFO: [ app_begin ] --START--
INFO: Run Behavior\ReadHtmlCacheBehavior [ RunTime:0.000713s ]
INFO: [ app_begin ] --END-- [ RunTime:0.000865s ]
NOTIC: [8] Undefined index: children E:\wamp\www\tfamily\Application\Admin\Controller\BaseController.class.php 第 195 行.
NOTIC: [8] Undefined index: children E:\wamp\www\tfamily\Application\Admin\Controller\BaseController.class.php 第 218 行.
NOTIC: [8] Undefined index: children E:\wamp\www\tfamily\Application\Admin\Controller\BaseController.class.php 第 178 行.
NOTIC: [8] Undefined index: children E:\wamp\www\tfamily\Application\Admin\Controller\BaseController.class.php 第 195 行.
NOTIC: [8] Undefined index: children E:\wamp\www\tfamily\Application\Admin\Controller\BaseController.class.php 第 218 行.
NOTIC: [8] Undefined index: children E:\wamp\www\tfamily\Application\Admin\Controller\BaseController.class.php 第 178 行.
NOTIC: [8] Undefined index: children E:\wamp\www\tfamily\Application\Admin\Controller\BaseController.class.php 第 195 行.
NOTIC: [8] Undefined index: children E:\wamp\www\tfamily\Application\Admin\Controller\BaseController.class.php 第 218 行.
NOTIC: [8] Undefined index: children E:\wamp\www\tfamily\Application\Admin\Controller\BaseController.class.php 第 178 行.
NOTIC: [8] Undefined index: children E:\wamp\www\tfamily\Application\Admin\Controller\BaseController.class.php 第 195 行.
NOTIC: [8] Undefined index: children E:\wamp\www\tfamily\Application\Admin\Controller\BaseController.class.php 第 218 行.
NOTIC: [8] Undefined index: children E:\wamp\www\tfamily\Application\Admin\Controller\BaseController.class.php 第 178 行.
NOTIC: [8] Undefined index: children E:\wamp\www\tfamily\Application\Admin\Controller\BaseController.class.php 第 195 行.
NOTIC: [8] Undefined index: children E:\wamp\www\tfamily\Application\Admin\Controller\BaseController.class.php 第 218 行.
NOTIC: [8] Undefined index: children E:\wamp\www\tfamily\Application\Admin\Controller\BaseController.class.php 第 178 行.
NOTIC: [8] Undefined index: children E:\wamp\www\tfamily\Application\Admin\Controller\BaseController.class.php 第 195 行.
NOTIC: [8] Undefined index: children E:\wamp\www\tfamily\Application\Admin\Controller\BaseController.class.php 第 218 行.
NOTIC: [8] Undefined index: children E:\wamp\www\tfamily\Application\Admin\Controller\BaseController.class.php 第 178 行.
NOTIC: [8] Undefined index: children E:\wamp\www\tfamily\Application\Admin\Controller\BaseController.class.php 第 195 行.
NOTIC: [8] Undefined index: children E:\wamp\www\tfamily\Application\Admin\Controller\BaseController.class.php 第 218 行.
NOTIC: [8] Undefined index: children E:\wamp\www\tfamily\Application\Admin\Controller\BaseController.class.php 第 178 行.
NOTIC: [8] Undefined index: children E:\wamp\www\tfamily\Application\Admin\Controller\BaseController.class.php 第 195 行.
NOTIC: [8] Undefined index: children E:\wamp\www\tfamily\Application\Admin\Controller\BaseController.class.php 第 218 行.
NOTIC: [8] Undefined index: children E:\wamp\www\tfamily\Application\Admin\Controller\BaseController.class.php 第 178 行.
SQL: SHOW COLUMNS FROM `tf_admin` [ RunTime:0.0060s ]
SQL: SELECT COUNT(*) AS tp_count FROM `tf_admin` LIMIT 1   [ RunTime:0.0004s ]
SQL: SELECT * FROM `tf_admin` WHERE ( is_super_admin=0 ) LIMIT 0,5   [ RunTime:0.0007s ]
SQL: SHOW COLUMNS FROM `tf_admin_role` [ RunTime:0.0220s ]
SQL: SELECT * FROM `tf_admin_role`  [ RunTime:0.0004s ]
INFO: [ view_parse ] --START--
INFO: [ template_filter ] --START--
INFO: Run Behavior\ContentReplaceBehavior [ RunTime:0.000161s ]
INFO: [ template_filter ] --END-- [ RunTime:0.000406s ]
NOTIC: [8] Undefined variable: uname E:\wamp\www\tfamily\Application\Runtime\Cache\Admin\b682812e058c4f7cab74d08ab9eabe11.php 第 59 行.
INFO: Run Behavior\ParseTemplateBehavior [ RunTime:0.036047s ]
INFO: [ view_parse ] --END-- [ RunTime:0.036317s ]
INFO: [ view_filter ] --START--
INFO: Run Behavior\WriteHtmlCacheBehavior [ RunTime:0.001367s ]
INFO: [ view_filter ] --END-- [ RunTime:0.001525s ]
INFO: [ app_end ] --START--
INFO: Run Behavior\ShowPageTraceBehavior [ RunTime:0.000921s ]
INFO: [ app_end ] --END-- [ RunTime:0.001256s ]

[ 2016-12-12T16:33:39+08:00 ] 127.0.0.1 /tfamily/admin.php?m=admin&c=admin&a=role
INFO: [ app_init ] --START--
INFO: Run Behavior\BuildLiteBehavior [ RunTime:0.000038s ]
INFO: [ app_init ] --END-- [ RunTime:0.000801s ]
INFO: [ app_begin ] --START--
INFO: Run Behavior\ReadHtmlCacheBehavior [ RunTime:0.000940s ]
INFO: [ app_begin ] --END-- [ RunTime:0.001150s ]
NOTIC: [8] Undefined index: children E:\wamp\www\tfamily\Application\Admin\Controller\BaseController.class.php 第 195 行.
NOTIC: [8] Undefined index: children E:\wamp\www\tfamily\Application\Admin\Controller\BaseController.class.php 第 218 行.
NOTIC: [8] Undefined index: children E:\wamp\www\tfamily\Application\Admin\Controller\BaseController.class.php 第 178 行.
NOTIC: [8] Undefined index: children E:\wamp\www\tfamily\Application\Admin\Controller\BaseController.class.php 第 195 行.
NOTIC: [8] Undefined index: children E:\wamp\www\tfamily\Application\Admin\Controller\BaseController.class.php 第 218 行.
NOTIC: [8] Undefined index: children E:\wamp\www\tfamily\Application\Admin\Controller\BaseController.class.php 第 178 行.
NOTIC: [8] Undefined index: children E:\wamp\www\tfamily\Application\Admin\Controller\BaseController.class.php 第 195 行.
NOTIC: [8] Undefined index: children E:\wamp\www\tfamily\Application\Admin\Controller\BaseController.class.php 第 218 行.
NOTIC: [8] Undefined index: children E:\wamp\www\tfamily\Application\Admin\Controller\BaseController.class.php 第 178 行.
NOTIC: [8] Undefined index: children E:\wamp\www\tfamily\Application\Admin\Controller\BaseController.class.php 第 195 行.
NOTIC: [8] Undefined index: children E:\wamp\www\tfamily\Application\Admin\Controller\BaseController.class.php 第 218 行.
NOTIC: [8] Undefined index: children E:\wamp\www\tfamily\Application\Admin\Controller\BaseController.class.php 第 178 行.
NOTIC: [8] Undefined index: children E:\wamp\www\tfamily\Application\Admin\Controller\BaseController.class.php 第 195 行.
NOTIC: [8] Undefined index: children E:\wamp\www\tfamily\Application\Admin\Controller\BaseController.class.php 第 218 行.
NOTIC: [8] Undefined index: children E:\wamp\www\tfamily\Application\Admin\Controller\BaseController.class.php 第 178 行.
NOTIC: [8] Undefined index: children E:\wamp\www\tfamily\Application\Admin\Controller\BaseController.class.php 第 195 行.
NOTIC: [8] Undefined index: children E:\wamp\www\tfamily\Application\Admin\Controller\BaseController.class.php 第 218 行.
NOTIC: [8] Undefined index: children E:\wamp\www\tfamily\Application\Admin\Controller\BaseController.class.php 第 178 行.
NOTIC: [8] Undefined index: children E:\wamp\www\tfamily\Application\Admin\Controller\BaseController.class.php 第 195 行.
NOTIC: [8] Undefined index: children E:\wamp\www\tfamily\Application\Admin\Controller\BaseController.class.php 第 218 行.
NOTIC: [8] Undefined index: children E:\wamp\www\tfamily\Application\Admin\Controller\BaseController.class.php 第 178 行.
NOTIC: [8] Undefined index: children E:\wamp\www\tfamily\Application\Admin\Controller\BaseController.class.php 第 195 行.
NOTIC: [8] Undefined index: children E:\wamp\www\tfamily\Application\Admin\Controller\BaseController.class.php 第 218 行.
NOTIC: [8] Undefined index: children E:\wamp\www\tfamily\Application\Admin\Controller\BaseController.class.php 第 178 行.
SQL: SHOW COLUMNS FROM `tf_admin_role` [ RunTime:0.0078s ]
SQL: SELECT * FROM `tf_admin_role`  [ RunTime:0.0005s ]
INFO: [ view_parse ] --START--
INFO: [ template_filter ] --START--
INFO: Run Behavior\ContentReplaceBehavior [ RunTime:0.000231s ]
INFO: [ template_filter ] --END-- [ RunTime:0.000503s ]
NOTIC: [8] Undefined variable: uname E:\wamp\www\tfamily\Application\Runtime\Cache\Admin\20927eb07d3b96edd3fb6587372d1c00.php 第 59 行.
NOTIC: [8] Undefined variable: rolre E:\wamp\www\tfamily\Application\Runtime\Cache\Admin\20927eb07d3b96edd3fb6587372d1c00.php 第 165 行.
NOTIC: [8] Undefined variable: rolre E:\wamp\www\tfamily\Application\Runtime\Cache\Admin\20927eb07d3b96edd3fb6587372d1c00.php 第 166 行.
NOTIC: [8] Undefined variable: rolre E:\wamp\www\tfamily\Application\Runtime\Cache\Admin\20927eb07d3b96edd3fb6587372d1c00.php 第 165 行.
NOTIC: [8] Undefined variable: rolre E:\wamp\www\tfamily\Application\Runtime\Cache\Admin\20927eb07d3b96edd3fb6587372d1c00.php 第 166 行.
INFO: Run Behavior\ParseTemplateBehavior [ RunTime:0.045961s ]
INFO: [ view_parse ] --END-- [ RunTime:0.046168s ]
INFO: [ view_filter ] --START--
INFO: Run Behavior\WriteHtmlCacheBehavior [ RunTime:0.000811s ]
INFO: [ view_filter ] --END-- [ RunTime:0.001003s ]
INFO: [ app_end ] --START--
INFO: Run Behavior\ShowPageTraceBehavior [ RunTime:0.001340s ]
INFO: [ app_end ] --END-- [ RunTime:0.001492s ]

[ 2016-12-12T16:33:50+08:00 ] 127.0.0.1 /tfamily/admin.php?m=Admin&c=admin&a=role_add
INFO: [ app_init ] --START--
INFO: Run Behavior\BuildLiteBehavior [ RunTime:0.000040s ]
INFO: [ app_init ] --END-- [ RunTime:0.000710s ]
INFO: [ app_begin ] --START--
INFO: Run Behavior\ReadHtmlCacheBehavior [ RunTime:0.000858s ]
INFO: [ app_begin ] --END-- [ RunTime:0.001074s ]
NOTIC: [8] Undefined index: children E:\wamp\www\tfamily\Application\Admin\Controller\BaseController.class.php 第 195 行.
NOTIC: [8] Undefined index: children E:\wamp\www\tfamily\Application\Admin\Controller\BaseController.class.php 第 218 行.
NOTIC: [8] Undefined index: children E:\wamp\www\tfamily\Application\Admin\Controller\BaseController.class.php 第 178 行.
NOTIC: [8] Undefined index: children E:\wamp\www\tfamily\Application\Admin\Controller\BaseController.class.php 第 195 行.
NOTIC: [8] Undefined index: children E:\wamp\www\tfamily\Application\Admin\Controller\BaseController.class.php 第 218 行.
NOTIC: [8] Undefined index: children E:\wamp\www\tfamily\Application\Admin\Controller\BaseController.class.php 第 178 行.
NOTIC: [8] Undefined index: children E:\wamp\www\tfamily\Application\Admin\Controller\BaseController.class.php 第 195 行.
NOTIC: [8] Undefined index: children E:\wamp\www\tfamily\Application\Admin\Controller\BaseController.class.php 第 218 行.
NOTIC: [8] Undefined index: children E:\wamp\www\tfamily\Application\Admin\Controller\BaseController.class.php 第 178 行.
NOTIC: [8] Undefined index: children E:\wamp\www\tfamily\Application\Admin\Controller\BaseController.class.php 第 195 行.
NOTIC: [8] Undefined index: children E:\wamp\www\tfamily\Application\Admin\Controller\BaseController.class.php 第 218 行.
NOTIC: [8] Undefined index: children E:\wamp\www\tfamily\Application\Admin\Controller\BaseController.class.php 第 178 行.
NOTIC: [8] Undefined index: children E:\wamp\www\tfamily\Application\Admin\Controller\BaseController.class.php 第 195 行.
NOTIC: [8] Undefined index: children E:\wamp\www\tfamily\Application\Admin\Controller\BaseController.class.php 第 218 行.
NOTIC: [8] Undefined index: children E:\wamp\www\tfamily\Application\Admin\Controller\BaseController.class.php 第 178 行.
NOTIC: [8] Undefined index: children E:\wamp\www\tfamily\Application\Admin\Controller\BaseController.class.php 第 195 行.
NOTIC: [8] Undefined index: children E:\wamp\www\tfamily\Application\Admin\Controller\BaseController.class.php 第 218 行.
NOTIC: [8] Undefined index: children E:\wamp\www\tfamily\Application\Admin\Controller\BaseController.class.php 第 178 行.
NOTIC: [8] Undefined index: children E:\wamp\www\tfamily\Application\Admin\Controller\BaseController.class.php 第 195 行.
NOTIC: [8] Undefined index: children E:\wamp\www\tfamily\Application\Admin\Controller\BaseController.class.php 第 218 行.
NOTIC: [8] Undefined index: children E:\wamp\www\tfamily\Application\Admin\Controller\BaseController.class.php 第 178 行.
NOTIC: [8] Undefined index: children E:\wamp\www\tfamily\Application\Admin\Controller\BaseController.class.php 第 195 行.
NOTIC: [8] Undefined index: children E:\wamp\www\tfamily\Application\Admin\Controller\BaseController.class.php 第 218 行.
NOTIC: [8] Undefined index: children E:\wamp\www\tfamily\Application\Admin\Controller\BaseController.class.php 第 178 行.
NOTIC: [8] Undefined index: name E:\wamp\www\tfamily\Application\Admin\Controller\AdminController.class.php 第 78 行.
NOTIC: [8] Undefined index: enabled E:\wamp\www\tfamily\Application\Admin\Controller\AdminController.class.php 第 79 行.
NOTIC: [8] Undefined index: description E:\wamp\www\tfamily\Application\Admin\Controller\AdminController.class.php 第 80 行.
SQL: SHOW COLUMNS FROM `tf_admin_role` [ RunTime:0.0066s ]
SQL: INSERT INTO `tf_admin_role` (`name`,`enabled`,`description`) VALUES (NULL,NULL,NULL) [ RunTime:0.0469s ]
INFO: [ view_parse ] --START--
INFO: [ template_filter ] --START--
INFO: Run Behavior\ContentReplaceBehavior [ RunTime:0.000111s ]
INFO: [ template_filter ] --END-- [ RunTime:0.000291s ]
INFO: Run Behavior\ParseTemplateBehavior [ RunTime:0.011551s ]
INFO: [ view_parse ] --END-- [ RunTime:0.011725s ]
INFO: [ view_filter ] --START--
INFO: Run Behavior\WriteHtmlCacheBehavior [ RunTime:0.000412s ]
INFO: [ view_filter ] --END-- [ RunTime:0.000554s ]
INFO: [ app_end ] --START--
INFO: Run Behavior\ShowPageTraceBehavior [ RunTime:0.000759s ]
INFO: [ app_end ] --END-- [ RunTime:0.000903s ]

[ 2016-12-12T16:33:54+08:00 ] 127.0.0.1 /tfamily/admin.php?m=admin&c=admin&a=index
INFO: [ app_init ] --START--
INFO: Run Behavior\BuildLiteBehavior [ RunTime:0.000079s ]
INFO: [ app_init ] --END-- [ RunTime:0.000861s ]
INFO: [ app_begin ] --START--
INFO: Run Behavior\ReadHtmlCacheBehavior [ RunTime:0.000952s ]
INFO: [ app_begin ] --END-- [ RunTime:0.001140s ]
NOTIC: [8] Undefined index: children E:\wamp\www\tfamily\Application\Admin\Controller\BaseController.class.php 第 195 行.
NOTIC: [8] Undefined index: children E:\wamp\www\tfamily\Application\Admin\Controller\BaseController.class.php 第 218 行.
NOTIC: [8] Undefined index: children E:\wamp\www\tfamily\Application\Admin\Controller\BaseController.class.php 第 178 行.
NOTIC: [8] Undefined index: children E:\wamp\www\tfamily\Application\Admin\Controller\BaseController.class.php 第 195 行.
NOTIC: [8] Undefined index: children E:\wamp\www\tfamily\Application\Admin\Controller\BaseController.class.php 第 218 行.
NOTIC: [8] Undefined index: children E:\wamp\www\tfamily\Application\Admin\Controller\BaseController.class.php 第 178 行.
NOTIC: [8] Undefined index: children E:\wamp\www\tfamily\Application\Admin\Controller\BaseController.class.php 第 195 行.
NOTIC: [8] Undefined index: children E:\wamp\www\tfamily\Application\Admin\Controller\BaseController.class.php 第 218 行.
NOTIC: [8] Undefined index: children E:\wamp\www\tfamily\Application\Admin\Controller\BaseController.class.php 第 178 行.
NOTIC: [8] Undefined index: children E:\wamp\www\tfamily\Application\Admin\Controller\BaseController.class.php 第 195 行.
NOTIC: [8] Undefined index: children E:\wamp\www\tfamily\Application\Admin\Controller\BaseController.class.php 第 218 行.
NOTIC: [8] Undefined index: children E:\wamp\www\tfamily\Application\Admin\Controller\BaseController.class.php 第 178 行.
NOTIC: [8] Undefined index: children E:\wamp\www\tfamily\Application\Admin\Controller\BaseController.class.php 第 195 行.
NOTIC: [8] Undefined index: children E:\wamp\www\tfamily\Application\Admin\Controller\BaseController.class.php 第 218 行.
NOTIC: [8] Undefined index: children E:\wamp\www\tfamily\Application\Admin\Controller\BaseController.class.php 第 178 行.
NOTIC: [8] Undefined index: children E:\wamp\www\tfamily\Application\Admin\Controller\BaseController.class.php 第 195 行.
NOTIC: [8] Undefined index: children E:\wamp\www\tfamily\Application\Admin\Controller\BaseController.class.php 第 218 行.
NOTIC: [8] Undefined index: children E:\wamp\www\tfamily\Application\Admin\Controller\BaseController.class.php 第 178 行.
NOTIC: [8] Undefined index: children E:\wamp\www\tfamily\Application\Admin\Controller\BaseController.class.php 第 195 行.
NOTIC: [8] Undefined index: children E:\wamp\www\tfamily\Application\Admin\Controller\BaseController.class.php 第 218 行.
NOTIC: [8] Undefined index: children E:\wamp\www\tfamily\Application\Admin\Controller\BaseController.class.php 第 178 行.
NOTIC: [8] Undefined index: children E:\wamp\www\tfamily\Application\Admin\Controller\BaseController.class.php 第 195 行.
NOTIC: [8] Undefined index: children E:\wamp\www\tfamily\Application\Admin\Controller\BaseController.class.php 第 218 行.
NOTIC: [8] Undefined index: children E:\wamp\www\tfamily\Application\Admin\Controller\BaseController.class.php 第 178 行.
SQL: SHOW COLUMNS FROM `tf_admin` [ RunTime:0.0065s ]
SQL: SELECT COUNT(*) AS tp_count FROM `tf_admin` LIMIT 1   [ RunTime:0.0005s ]
SQL: SELECT * FROM `tf_admin` WHERE ( is_super_admin=0 ) LIMIT 0,5   [ RunTime:0.0007s ]
SQL: SHOW COLUMNS FROM `tf_admin_role` [ RunTime:0.0060s ]
SQL: SELECT * FROM `tf_admin_role`  [ RunTime:0.0010s ]
INFO: [ view_parse ] --START--
INFO: [ template_filter ] --START--
INFO: Run Behavior\ContentReplaceBehavior [ RunTime:0.000164s ]
INFO: [ template_filter ] --END-- [ RunTime:0.000371s ]
NOTIC: [8] Undefined variable: uname E:\wamp\www\tfamily\Application\Runtime\Cache\Admin\b682812e058c4f7cab74d08ab9eabe11.php 第 59 行.
INFO: Run Behavior\ParseTemplateBehavior [ RunTime:0.022523s ]
INFO: [ view_parse ] --END-- [ RunTime:0.022789s ]
INFO: [ view_filter ] --START--
INFO: Run Behavior\WriteHtmlCacheBehavior [ RunTime:0.000476s ]
INFO: [ view_filter ] --END-- [ RunTime:0.000612s ]
INFO: [ app_end ] --START--
INFO: Run Behavior\ShowPageTraceBehavior [ RunTime:0.000741s ]
INFO: [ app_end ] --END-- [ RunTime:0.000930s ]

[ 2016-12-12T16:33:56+08:00 ] 127.0.0.1 /tfamily/admin.php?m=Admin&c=admin&a=add
INFO: [ app_init ] --START--
INFO: Run Behavior\BuildLiteBehavior [ RunTime:0.000034s ]
INFO: [ app_init ] --END-- [ RunTime:0.000623s ]
INFO: [ app_begin ] --START--
INFO: Run Behavior\ReadHtmlCacheBehavior [ RunTime:0.000838s ]
INFO: [ app_begin ] --END-- [ RunTime:0.001019s ]
NOTIC: [8] Undefined index: children E:\wamp\www\tfamily\Application\Admin\Controller\BaseController.class.php 第 195 行.
NOTIC: [8] Undefined index: children E:\wamp\www\tfamily\Application\Admin\Controller\BaseController.class.php 第 218 行.
NOTIC: [8] Undefined index: children E:\wamp\www\tfamily\Application\Admin\Controller\BaseController.class.php 第 178 行.
NOTIC: [8] Undefined index: children E:\wamp\www\tfamily\Application\Admin\Controller\BaseController.class.php 第 195 行.
NOTIC: [8] Undefined index: children E:\wamp\www\tfamily\Application\Admin\Controller\BaseController.class.php 第 218 行.
NOTIC: [8] Undefined index: children E:\wamp\www\tfamily\Application\Admin\Controller\BaseController.class.php 第 178 行.
NOTIC: [8] Undefined index: children E:\wamp\www\tfamily\Application\Admin\Controller\BaseController.class.php 第 195 行.
NOTIC: [8] Undefined index: children E:\wamp\www\tfamily\Application\Admin\Controller\BaseController.class.php 第 218 行.
NOTIC: [8] Undefined index: children E:\wamp\www\tfamily\Application\Admin\Controller\BaseController.class.php 第 178 行.
NOTIC: [8] Undefined index: children E:\wamp\www\tfamily\Application\Admin\Controller\BaseController.class.php 第 195 行.
NOTIC: [8] Undefined index: children E:\wamp\www\tfamily\Application\Admin\Controller\BaseController.class.php 第 218 行.
NOTIC: [8] Undefined index: children E:\wamp\www\tfamily\Application\Admin\Controller\BaseController.class.php 第 178 行.
NOTIC: [8] Undefined index: children E:\wamp\www\tfamily\Application\Admin\Controller\BaseController.class.php 第 195 行.
NOTIC: [8] Undefined index: children E:\wamp\www\tfamily\Application\Admin\Controller\BaseController.class.php 第 218 行.
NOTIC: [8] Undefined index: children E:\wamp\www\tfamily\Application\Admin\Controller\BaseController.class.php 第 178 行.
NOTIC: [8] Undefined index: children E:\wamp\www\tfamily\Application\Admin\Controller\BaseController.class.php 第 195 行.
NOTIC: [8] Undefined index: children E:\wamp\www\tfamily\Application\Admin\Controller\BaseController.class.php 第 218 行.
NOTIC: [8] Undefined index: children E:\wamp\www\tfamily\Application\Admin\Controller\BaseController.class.php 第 178 行.
NOTIC: [8] Undefined index: children E:\wamp\www\tfamily\Application\Admin\Controller\BaseController.class.php 第 195 行.
NOTIC: [8] Undefined index: children E:\wamp\www\tfamily\Application\Admin\Controller\BaseController.class.php 第 218 行.
NOTIC: [8] Undefined index: children E:\wamp\www\tfamily\Application\Admin\Controller\BaseController.class.php 第 178 行.
NOTIC: [8] Undefined index: children E:\wamp\www\tfamily\Application\Admin\Controller\BaseController.class.php 第 195 行.
NOTIC: [8] Undefined index: children E:\wamp\www\tfamily\Application\Admin\Controller\BaseController.class.php 第 218 行.
NOTIC: [8] Undefined index: children E:\wamp\www\tfamily\Application\Admin\Controller\BaseController.class.php 第 178 行.
SQL: SHOW COLUMNS FROM `tf_admin_role` [ RunTime:0.0078s ]
SQL: SELECT * FROM `tf_admin_role` WHERE ( enabled=1 )  [ RunTime:0.0005s ]
INFO: [ view_parse ] --START--
INFO: [ template_filter ] --START--
INFO: Run Behavior\ContentReplaceBehavior [ RunTime:0.000191s ]
INFO: [ template_filter ] --END-- [ RunTime:0.000561s ]
NOTIC: [8] Undefined variable: uname E:\wamp\www\tfamily\Application\Runtime\Cache\Admin\82f4efac697b2e42d74f6bbc51f1b0e1.php 第 59 行.
NOTIC: [8] Undefined variable: data E:\wamp\www\tfamily\Application\Runtime\Cache\Admin\82f4efac697b2e42d74f6bbc51f1b0e1.php 第 189 行.
NOTIC: [8] Undefined variable: data E:\wamp\www\tfamily\Application\Runtime\Cache\Admin\82f4efac697b2e42d74f6bbc51f1b0e1.php 第 239 行.
NOTIC: [8] Undefined variable: data E:\wamp\www\tfamily\Application\Runtime\Cache\Admin\82f4efac697b2e42d74f6bbc51f1b0e1.php 第 240 行.
INFO: Run Behavior\ParseTemplateBehavior [ RunTime:0.039599s ]
INFO: [ view_parse ] --END-- [ RunTime:0.039804s ]
INFO: [ view_filter ] --START--
INFO: Run Behavior\WriteHtmlCacheBehavior [ RunTime:0.000494s ]
INFO: [ view_filter ] --END-- [ RunTime:0.000632s ]
INFO: [ app_end ] --START--
INFO: Run Behavior\ShowPageTraceBehavior [ RunTime:0.000819s ]
INFO: [ app_end ] --END-- [ RunTime:0.000972s ]

[ 2016-12-12T17:24:34+08:00 ] 127.0.0.1 /tfamily/admin.php?m=admin&c=finance&a=index
INFO: [ app_init ] --START--
INFO: Run Behavior\BuildLiteBehavior [ RunTime:0.000038s ]
INFO: [ app_init ] --END-- [ RunTime:0.000818s ]
INFO: [ app_begin ] --START--
INFO: Run Behavior\ReadHtmlCacheBehavior [ RunTime:0.001614s ]
INFO: [ app_begin ] --END-- [ RunTime:0.001789s ]
NOTIC: [8] Undefined index: children E:\wamp\www\tfamily\Application\Admin\Controller\BaseController.class.php 第 195 行.
NOTIC: [8] Undefined index: children E:\wamp\www\tfamily\Application\Admin\Controller\BaseController.class.php 第 218 行.
NOTIC: [8] Undefined index: children E:\wamp\www\tfamily\Application\Admin\Controller\BaseController.class.php 第 178 行.
NOTIC: [8] Undefined index: children E:\wamp\www\tfamily\Application\Admin\Controller\BaseController.class.php 第 195 行.
NOTIC: [8] Undefined index: children E:\wamp\www\tfamily\Application\Admin\Controller\BaseController.class.php 第 218 行.
NOTIC: [8] Undefined index: children E:\wamp\www\tfamily\Application\Admin\Controller\BaseController.class.php 第 178 行.
NOTIC: [8] Undefined index: children E:\wamp\www\tfamily\Application\Admin\Controller\BaseController.class.php 第 195 行.
NOTIC: [8] Undefined index: children E:\wamp\www\tfamily\Application\Admin\Controller\BaseController.class.php 第 218 行.
NOTIC: [8] Undefined index: children E:\wamp\www\tfamily\Application\Admin\Controller\BaseController.class.php 第 178 行.
NOTIC: [8] Undefined index: children E:\wamp\www\tfamily\Application\Admin\Controller\BaseController.class.php 第 195 行.
NOTIC: [8] Undefined index: children E:\wamp\www\tfamily\Application\Admin\Controller\BaseController.class.php 第 218 行.
NOTIC: [8] Undefined index: children E:\wamp\www\tfamily\Application\Admin\Controller\BaseController.class.php 第 178 行.
NOTIC: [8] Undefined index: children E:\wamp\www\tfamily\Application\Admin\Controller\BaseController.class.php 第 195 行.
NOTIC: [8] Undefined index: children E:\wamp\www\tfamily\Application\Admin\Controller\BaseController.class.php 第 218 行.
NOTIC: [8] Undefined index: children E:\wamp\www\tfamily\Application\Admin\Controller\BaseController.class.php 第 178 行.
NOTIC: [8] Undefined index: children E:\wamp\www\tfamily\Application\Admin\Controller\BaseController.class.php 第 195 行.
NOTIC: [8] Undefined index: children E:\wamp\www\tfamily\Application\Admin\Controller\BaseController.class.php 第 218 行.
NOTIC: [8] Undefined index: children E:\wamp\www\tfamily\Application\Admin\Controller\BaseController.class.php 第 178 行.
NOTIC: [8] Undefined index: children E:\wamp\www\tfamily\Application\Admin\Controller\BaseController.class.php 第 195 行.
NOTIC: [8] Undefined index: children E:\wamp\www\tfamily\Application\Admin\Controller\BaseController.class.php 第 218 行.
NOTIC: [8] Undefined index: children E:\wamp\www\tfamily\Application\Admin\Controller\BaseController.class.php 第 178 行.
NOTIC: [8] Undefined index: children E:\wamp\www\tfamily\Application\Admin\Controller\BaseController.class.php 第 195 行.
NOTIC: [8] Undefined index: children E:\wamp\www\tfamily\Application\Admin\Controller\BaseController.class.php 第 218 行.
NOTIC: [8] Undefined index: children E:\wamp\www\tfamily\Application\Admin\Controller\BaseController.class.php 第 178 行.
SQL: SHOW COLUMNS FROM `tf_money_details` [ RunTime:0.0055s ]
SQL: SHOW COLUMNS FROM `tf_level` [ RunTime:0.0202s ]
SQL: SHOW COLUMNS FROM `tf_user` [ RunTime:0.0064s ]
NOTIC: [8] Use of undefined constant BUSINESS_TYPE - assumed 'BUSINESS_TYPE' E:\wamp\www\tfamily\Application\Admin\Controller\FinanceController.class.php 第 26 行.
SQL: SELECT * FROM `tf_level`  [ RunTime:0.0005s ]
SQL: select COUNT(*) from tf_money_details [ RunTime:0.0002s ]
SQL: SELECT * FROM `tf_money_details` ORDER BY id DESC LIMIT 0,4   [ RunTime:0.0003s ]
SQL: SELECT * FROM `tf_user`  [ RunTime:0.0007s ]
SQL: SELECT * FROM `tf_level`  [ RunTime:0.0015s ]
INFO: [ view_parse ] --START--
INFO: [ template_filter ] --START--
INFO: Run Behavior\ContentReplaceBehavior [ RunTime:0.000213s ]
INFO: [ template_filter ] --END-- [ RunTime:0.000386s ]
NOTIC: [8] Undefined variable: uname E:\wamp\www\tfamily\Application\Runtime\Cache\Admin\be63e8ac18ebea09dc932cef0872ffd8.php 第 58 行.
INFO: Run Behavior\ParseTemplateBehavior [ RunTime:0.043203s ]
INFO: [ view_parse ] --END-- [ RunTime:0.043375s ]
INFO: [ view_filter ] --START--
INFO: Run Behavior\WriteHtmlCacheBehavior [ RunTime:0.000853s ]
INFO: [ view_filter ] --END-- [ RunTime:0.000989s ]
INFO: [ app_end ] --START--
INFO: Run Behavior\ShowPageTraceBehavior [ RunTime:0.001262s ]
INFO: [ app_end ] --END-- [ RunTime:0.001419s ]

