[ 2016-12-05T16:14:31+08:00 ] 127.0.0.1 /tfamily/admin.php
INFO: [ app_init ] --START--
INFO: Run Behavior\BuildLiteBehavior [ RunTime:0.000043s ]
INFO: [ app_init ] --END-- [ RunTime:0.001058s ]
INFO: [ app_begin ] --START--
INFO: Run Behavior\ReadHtmlCacheBehavior [ RunTime:0.001354s ]
INFO: [ app_begin ] --END-- [ RunTime:0.001561s ]
NOTIC: [8] Undefined index: HTTP_REFERER E:\wamp\www\tfamily\Application\Admin\Controller\BaseController.class.php 第 24 行.

[ 2016-12-05T16:14:31+08:00 ] 127.0.0.1 /tfamily/admin.php?m=Admin&c=auth&a=login
INFO: [ app_init ] --START--
INFO: Run Behavior\BuildLiteBehavior [ RunTime:0.000035s ]
INFO: [ app_init ] --END-- [ RunTime:0.000638s ]
INFO: [ app_begin ] --START--
INFO: Run Behavior\ReadHtmlCacheBehavior [ RunTime:0.000881s ]
INFO: [ app_begin ] --END-- [ RunTime:0.001101s ]
INFO: [ view_parse ] --START--
INFO: [ template_filter ] --START--
INFO: Run Behavior\ContentReplaceBehavior [ RunTime:0.000243s ]
INFO: [ template_filter ] --END-- [ RunTime:0.000743s ]
NOTIC: [8] Undefined variable: title E:\wamp\www\tfamily\Application\Runtime\Cache\Admin\dcfb7ddaab59bfbce2ddc9c860debad0.php 第 5 行.
NOTIC: [8] Undefined variable: meta_title E:\wamp\www\tfamily\Application\Runtime\Cache\Admin\dcfb7ddaab59bfbce2ddc9c860debad0.php 第 101 行.
NOTIC: [8] Undefined variable: error E:\wamp\www\tfamily\Application\Runtime\Cache\Admin\dcfb7ddaab59bfbce2ddc9c860debad0.php 第 121 行.
NOTIC: [8] Undefined variable: ref E:\wamp\www\tfamily\Application\Runtime\Cache\Admin\dcfb7ddaab59bfbce2ddc9c860debad0.php 第 150 行.
INFO: Run Behavior\ParseTemplateBehavior [ RunTime:0.115014s ]
INFO: [ view_parse ] --END-- [ RunTime:0.115371s ]
INFO: [ view_filter ] --START--
INFO: Run Behavior\WriteHtmlCacheBehavior [ RunTime:0.001011s ]
INFO: [ view_filter ] --END-- [ RunTime:0.001240s ]
INFO: [ app_end ] --START--
INFO: Run Behavior\ShowPageTraceBehavior [ RunTime:0.001544s ]
INFO: [ app_end ] --END-- [ RunTime:0.001779s ]

[ 2016-12-05T16:14:32+08:00 ] 127.0.0.1 /tfamily/admin.php?m=Admin&c=auth&a=verify
INFO: [ app_init ] --START--
INFO: Run Behavior\BuildLiteBehavior [ RunTime:0.000060s ]
INFO: [ app_init ] --END-- [ RunTime:0.000999s ]
INFO: [ app_begin ] --START--
INFO: Run Behavior\ReadHtmlCacheBehavior [ RunTime:0.000948s ]
INFO: [ app_begin ] --END-- [ RunTime:0.001177s ]
INFO: [ app_end ] --START--
INFO: Run Behavior\ShowPageTraceBehavior [ RunTime:0.000926s ]
INFO: [ app_end ] --END-- [ RunTime:0.001107s ]

[ 2016-12-05T16:14:39+08:00 ] 127.0.0.1 /tfamily/admin.php?m=Admin&c=auth&a=login
INFO: [ app_init ] --START--
INFO: Run Behavior\BuildLiteBehavior [ RunTime:0.000038s ]
INFO: [ app_init ] --END-- [ RunTime:0.000713s ]
INFO: [ app_begin ] --START--
INFO: Run Behavior\ReadHtmlCacheBehavior [ RunTime:0.000919s ]
INFO: [ app_begin ] --END-- [ RunTime:0.001162s ]
SQL: SHOW COLUMNS FROM `tf_admin` [ RunTime:0.0656s ]
SQL: SELECT * FROM `tf_admin` WHERE `name` = 'admin' LIMIT 1   [ RunTime:0.0011s ]
SQL: UPDATE `tf_admin` SET `last_time`='2016-12-05 16:14:39',`last_ip`='127.0.0.1' WHERE `id` = 1 [ RunTime:0.0036s ]

[ 2016-12-05T16:14:39+08:00 ] 127.0.0.1 /tfamily/admin.php?m=Admin&c=index&a=index
INFO: [ app_init ] --START--
INFO: Run Behavior\BuildLiteBehavior [ RunTime:0.000041s ]
INFO: [ app_init ] --END-- [ RunTime:0.001042s ]
INFO: [ app_begin ] --START--
INFO: Run Behavior\ReadHtmlCacheBehavior [ RunTime:0.001064s ]
INFO: [ app_begin ] --END-- [ RunTime:0.001243s ]
NOTIC: [8] Undefined index: children E:\wamp\www\tfamily\Application\Admin\Controller\BaseController.class.php 第 195 行.
NOTIC: [8] Undefined index: children E:\wamp\www\tfamily\Application\Admin\Controller\BaseController.class.php 第 218 行.
NOTIC: [8] Undefined index: children E:\wamp\www\tfamily\Application\Admin\Controller\BaseController.class.php 第 178 行.
NOTIC: [8] Undefined index: children E:\wamp\www\tfamily\Application\Admin\Controller\BaseController.class.php 第 195 行.
NOTIC: [8] Undefined index: children E:\wamp\www\tfamily\Application\Admin\Controller\BaseController.class.php 第 218 行.
NOTIC: [8] Undefined index: children E:\wamp\www\tfamily\Application\Admin\Controller\BaseController.class.php 第 178 行.
NOTIC: [8] Undefined index: children E:\wamp\www\tfamily\Application\Admin\Controller\BaseController.class.php 第 195 行.
NOTIC: [8] Undefined index: children E:\wamp\www\tfamily\Application\Admin\Controller\BaseController.class.php 第 218 行.
NOTIC: [8] Undefined index: children E:\wamp\www\tfamily\Application\Admin\Controller\BaseController.class.php 第 178 行.
NOTIC: [8] Undefined index: children E:\wamp\www\tfamily\Application\Admin\Controller\BaseController.class.php 第 195 行.
NOTIC: [8] Undefined index: children E:\wamp\www\tfamily\Application\Admin\Controller\BaseController.class.php 第 218 行.
NOTIC: [8] Undefined index: children E:\wamp\www\tfamily\Application\Admin\Controller\BaseController.class.php 第 178 行.
NOTIC: [8] Undefined index: children E:\wamp\www\tfamily\Application\Admin\Controller\BaseController.class.php 第 195 行.
NOTIC: [8] Undefined index: children E:\wamp\www\tfamily\Application\Admin\Controller\BaseController.class.php 第 218 行.
NOTIC: [8] Undefined index: children E:\wamp\www\tfamily\Application\Admin\Controller\BaseController.class.php 第 178 行.
NOTIC: [8] Undefined index: children E:\wamp\www\tfamily\Application\Admin\Controller\BaseController.class.php 第 195 行.
NOTIC: [8] Undefined index: children E:\wamp\www\tfamily\Application\Admin\Controller\BaseController.class.php 第 218 行.
NOTIC: [8] Undefined index: children E:\wamp\www\tfamily\Application\Admin\Controller\BaseController.class.php 第 178 行.
NOTIC: [8] Undefined index: children E:\wamp\www\tfamily\Application\Admin\Controller\BaseController.class.php 第 195 行.
NOTIC: [8] Undefined index: children E:\wamp\www\tfamily\Application\Admin\Controller\BaseController.class.php 第 218 行.
NOTIC: [8] Undefined index: children E:\wamp\www\tfamily\Application\Admin\Controller\BaseController.class.php 第 178 行.
NOTIC: [8] Undefined index: children E:\wamp\www\tfamily\Application\Admin\Controller\BaseController.class.php 第 195 行.
NOTIC: [8] Undefined index: children E:\wamp\www\tfamily\Application\Admin\Controller\BaseController.class.php 第 218 行.
NOTIC: [8] Undefined index: children E:\wamp\www\tfamily\Application\Admin\Controller\BaseController.class.php 第 178 行.
INFO: [ view_parse ] --START--
INFO: [ template_filter ] --START--
INFO: Run Behavior\ContentReplaceBehavior [ RunTime:0.000140s ]
INFO: [ template_filter ] --END-- [ RunTime:0.000315s ]
NOTIC: [8] Undefined variable: uname E:\wamp\www\tfamily\Application\Runtime\Cache\Admin\b595b808c2ebeeeb0478ffc30bb4e87a.php 第 58 行.
INFO: Run Behavior\ParseTemplateBehavior [ RunTime:0.080191s ]
INFO: [ view_parse ] --END-- [ RunTime:0.080449s ]
INFO: [ view_filter ] --START--
INFO: Run Behavior\WriteHtmlCacheBehavior [ RunTime:0.000786s ]
INFO: [ view_filter ] --END-- [ RunTime:0.000928s ]
INFO: [ app_end ] --START--
INFO: Run Behavior\ShowPageTraceBehavior [ RunTime:0.001008s ]
INFO: [ app_end ] --END-- [ RunTime:0.001193s ]

[ 2016-12-05T16:14:42+08:00 ] 127.0.0.1 /tfamily/admin.php?m=admin&c=order&a=orders
INFO: [ app_init ] --START--
INFO: Run Behavior\BuildLiteBehavior [ RunTime:0.000033s ]
INFO: [ app_init ] --END-- [ RunTime:0.000658s ]
INFO: [ app_begin ] --START--
INFO: Run Behavior\ReadHtmlCacheBehavior [ RunTime:0.000819s ]
INFO: [ app_begin ] --END-- [ RunTime:0.001115s ]
NOTIC: [8] Undefined index: children E:\wamp\www\tfamily\Application\Admin\Controller\BaseController.class.php 第 195 行.
NOTIC: [8] Undefined index: children E:\wamp\www\tfamily\Application\Admin\Controller\BaseController.class.php 第 218 行.
NOTIC: [8] Undefined index: children E:\wamp\www\tfamily\Application\Admin\Controller\BaseController.class.php 第 178 行.
NOTIC: [8] Undefined index: children E:\wamp\www\tfamily\Application\Admin\Controller\BaseController.class.php 第 195 行.
NOTIC: [8] Undefined index: children E:\wamp\www\tfamily\Application\Admin\Controller\BaseController.class.php 第 218 行.
NOTIC: [8] Undefined index: children E:\wamp\www\tfamily\Application\Admin\Controller\BaseController.class.php 第 178 行.
NOTIC: [8] Undefined index: children E:\wamp\www\tfamily\Application\Admin\Controller\BaseController.class.php 第 195 行.
NOTIC: [8] Undefined index: children E:\wamp\www\tfamily\Application\Admin\Controller\BaseController.class.php 第 218 行.
NOTIC: [8] Undefined index: children E:\wamp\www\tfamily\Application\Admin\Controller\BaseController.class.php 第 178 行.
NOTIC: [8] Undefined index: children E:\wamp\www\tfamily\Application\Admin\Controller\BaseController.class.php 第 195 行.
NOTIC: [8] Undefined index: children E:\wamp\www\tfamily\Application\Admin\Controller\BaseController.class.php 第 218 行.
NOTIC: [8] Undefined index: children E:\wamp\www\tfamily\Application\Admin\Controller\BaseController.class.php 第 178 行.
NOTIC: [8] Undefined index: children E:\wamp\www\tfamily\Application\Admin\Controller\BaseController.class.php 第 195 行.
NOTIC: [8] Undefined index: children E:\wamp\www\tfamily\Application\Admin\Controller\BaseController.class.php 第 218 行.
NOTIC: [8] Undefined index: children E:\wamp\www\tfamily\Application\Admin\Controller\BaseController.class.php 第 178 行.
NOTIC: [8] Undefined index: children E:\wamp\www\tfamily\Application\Admin\Controller\BaseController.class.php 第 195 行.
NOTIC: [8] Undefined index: children E:\wamp\www\tfamily\Application\Admin\Controller\BaseController.class.php 第 218 行.
NOTIC: [8] Undefined index: children E:\wamp\www\tfamily\Application\Admin\Controller\BaseController.class.php 第 178 行.
NOTIC: [8] Undefined index: children E:\wamp\www\tfamily\Application\Admin\Controller\BaseController.class.php 第 195 行.
NOTIC: [8] Undefined index: children E:\wamp\www\tfamily\Application\Admin\Controller\BaseController.class.php 第 218 行.
NOTIC: [8] Undefined index: children E:\wamp\www\tfamily\Application\Admin\Controller\BaseController.class.php 第 178 行.
NOTIC: [8] Undefined index: children E:\wamp\www\tfamily\Application\Admin\Controller\BaseController.class.php 第 195 行.
NOTIC: [8] Undefined index: children E:\wamp\www\tfamily\Application\Admin\Controller\BaseController.class.php 第 218 行.
NOTIC: [8] Undefined index: children E:\wamp\www\tfamily\Application\Admin\Controller\BaseController.class.php 第 178 行.
SQL: SHOW COLUMNS FROM `tf_orders` [ RunTime:0.0538s ]
SQL: SELECT COUNT(*) AS tp_count FROM `tf_orders` LIMIT 1   [ RunTime:0.0003s ]
SQL: SELECT * FROM `tf_orders` ORDER BY add_time DESC LIMIT 0,2   [ RunTime:0.0008s ]
SQL: SHOW COLUMNS FROM `tf_region` [ RunTime:0.0437s ]
SQL: SELECT `region_name` FROM `tf_region` WHERE ( region_id=7 )  [ RunTime:0.0008s ]
SQL: SELECT `region_name` FROM `tf_region` WHERE ( region_id=84 )  [ RunTime:0.0002s ]
SQL: SELECT `region_name` FROM `tf_region` WHERE ( region_id=949 )  [ RunTime:0.0009s ]
SQL: SELECT `region_name` FROM `tf_region` WHERE ( region_id=7 )  [ RunTime:0.0004s ]
SQL: SELECT `region_name` FROM `tf_region` WHERE ( region_id=84 )  [ RunTime:0.0003s ]
SQL: SELECT `region_name` FROM `tf_region` WHERE ( region_id=947 )  [ RunTime:0.0004s ]
SQL: SHOW COLUMNS FROM `tf_user` [ RunTime:0.0281s ]
SQL: SELECT `user_type` FROM `tf_user` WHERE ( id=3 )  [ RunTime:0.0005s ]
SQL: SELECT `user_type` FROM `tf_user` WHERE ( id=4 )  [ RunTime:0.0004s ]
INFO: [ view_parse ] --START--
INFO: [ template_filter ] --START--
INFO: Run Behavior\ContentReplaceBehavior [ RunTime:0.000174s ]
INFO: [ template_filter ] --END-- [ RunTime:0.000352s ]
NOTIC: [8] Undefined variable: uname E:\wamp\www\tfamily\Application\Runtime\Cache\Admin\834c9ffac70d37d96827484f10e2eb52.php 第 58 行.
NOTIC: [8] Undefined variable: find E:\wamp\www\tfamily\Application\Runtime\Cache\Admin\834c9ffac70d37d96827484f10e2eb52.php 第 145 行.
INFO: Run Behavior\ParseTemplateBehavior [ RunTime:0.029588s ]
INFO: [ view_parse ] --END-- [ RunTime:0.029790s ]
INFO: [ view_filter ] --START--
INFO: Run Behavior\WriteHtmlCacheBehavior [ RunTime:0.000477s ]
INFO: [ view_filter ] --END-- [ RunTime:0.000615s ]
INFO: [ app_end ] --START--
INFO: Run Behavior\ShowPageTraceBehavior [ RunTime:0.000867s ]
INFO: [ app_end ] --END-- [ RunTime:0.001006s ]

[ 2016-12-05T16:14:43+08:00 ] 127.0.0.1 /tfamily/admin.php?m=admin&c=house&a=getCity
INFO: [ app_init ] --START--
INFO: Run Behavior\BuildLiteBehavior [ RunTime:0.000033s ]
INFO: [ app_init ] --END-- [ RunTime:0.000637s ]
INFO: [ app_begin ] --START--
INFO: Run Behavior\ReadHtmlCacheBehavior [ RunTime:0.000733s ]
INFO: [ app_begin ] --END-- [ RunTime:0.000863s ]
NOTIC: [8] Undefined index: children E:\wamp\www\tfamily\Application\Admin\Controller\BaseController.class.php 第 195 行.
NOTIC: [8] Undefined index: children E:\wamp\www\tfamily\Application\Admin\Controller\BaseController.class.php 第 218 行.
NOTIC: [8] Undefined index: children E:\wamp\www\tfamily\Application\Admin\Controller\BaseController.class.php 第 178 行.
NOTIC: [8] Undefined index: children E:\wamp\www\tfamily\Application\Admin\Controller\BaseController.class.php 第 195 行.
NOTIC: [8] Undefined index: children E:\wamp\www\tfamily\Application\Admin\Controller\BaseController.class.php 第 218 行.
NOTIC: [8] Undefined index: children E:\wamp\www\tfamily\Application\Admin\Controller\BaseController.class.php 第 178 行.
NOTIC: [8] Undefined index: children E:\wamp\www\tfamily\Application\Admin\Controller\BaseController.class.php 第 195 行.
NOTIC: [8] Undefined index: children E:\wamp\www\tfamily\Application\Admin\Controller\BaseController.class.php 第 218 行.
NOTIC: [8] Undefined index: children E:\wamp\www\tfamily\Application\Admin\Controller\BaseController.class.php 第 178 行.
NOTIC: [8] Undefined index: children E:\wamp\www\tfamily\Application\Admin\Controller\BaseController.class.php 第 195 行.
NOTIC: [8] Undefined index: children E:\wamp\www\tfamily\Application\Admin\Controller\BaseController.class.php 第 218 行.
NOTIC: [8] Undefined index: children E:\wamp\www\tfamily\Application\Admin\Controller\BaseController.class.php 第 178 行.
NOTIC: [8] Undefined index: children E:\wamp\www\tfamily\Application\Admin\Controller\BaseController.class.php 第 195 行.
NOTIC: [8] Undefined index: children E:\wamp\www\tfamily\Application\Admin\Controller\BaseController.class.php 第 218 行.
NOTIC: [8] Undefined index: children E:\wamp\www\tfamily\Application\Admin\Controller\BaseController.class.php 第 178 行.
NOTIC: [8] Undefined index: children E:\wamp\www\tfamily\Application\Admin\Controller\BaseController.class.php 第 195 行.
NOTIC: [8] Undefined index: children E:\wamp\www\tfamily\Application\Admin\Controller\BaseController.class.php 第 218 行.
NOTIC: [8] Undefined index: children E:\wamp\www\tfamily\Application\Admin\Controller\BaseController.class.php 第 178 行.
NOTIC: [8] Undefined index: children E:\wamp\www\tfamily\Application\Admin\Controller\BaseController.class.php 第 195 行.
NOTIC: [8] Undefined index: children E:\wamp\www\tfamily\Application\Admin\Controller\BaseController.class.php 第 218 行.
NOTIC: [8] Undefined index: children E:\wamp\www\tfamily\Application\Admin\Controller\BaseController.class.php 第 178 行.
NOTIC: [8] Undefined index: children E:\wamp\www\tfamily\Application\Admin\Controller\BaseController.class.php 第 195 行.
NOTIC: [8] Undefined index: children E:\wamp\www\tfamily\Application\Admin\Controller\BaseController.class.php 第 218 行.
NOTIC: [8] Undefined index: children E:\wamp\www\tfamily\Application\Admin\Controller\BaseController.class.php 第 178 行.
SQL: SHOW COLUMNS FROM `tf_region` [ RunTime:0.0057s ]
SQL: SELECT * FROM `tf_region`  [ RunTime:0.0296s ]

[ 2016-12-05T16:14:44+08:00 ] 127.0.0.1 /tfamily/admin.php?m=Admin&c=Order&a=index_sel
INFO: [ app_init ] --START--
INFO: Run Behavior\BuildLiteBehavior [ RunTime:0.000036s ]
INFO: [ app_init ] --END-- [ RunTime:0.000649s ]
INFO: [ app_begin ] --START--
INFO: Run Behavior\ReadHtmlCacheBehavior [ RunTime:0.000893s ]
INFO: [ app_begin ] --END-- [ RunTime:0.001070s ]
NOTIC: [8] Undefined index: children E:\wamp\www\tfamily\Application\Admin\Controller\BaseController.class.php 第 195 行.
NOTIC: [8] Undefined index: children E:\wamp\www\tfamily\Application\Admin\Controller\BaseController.class.php 第 218 行.
NOTIC: [8] Undefined index: children E:\wamp\www\tfamily\Application\Admin\Controller\BaseController.class.php 第 178 行.
NOTIC: [8] Undefined index: children E:\wamp\www\tfamily\Application\Admin\Controller\BaseController.class.php 第 195 行.
NOTIC: [8] Undefined index: children E:\wamp\www\tfamily\Application\Admin\Controller\BaseController.class.php 第 218 行.
NOTIC: [8] Undefined index: children E:\wamp\www\tfamily\Application\Admin\Controller\BaseController.class.php 第 178 行.
NOTIC: [8] Undefined index: children E:\wamp\www\tfamily\Application\Admin\Controller\BaseController.class.php 第 195 行.
NOTIC: [8] Undefined index: children E:\wamp\www\tfamily\Application\Admin\Controller\BaseController.class.php 第 218 行.
NOTIC: [8] Undefined index: children E:\wamp\www\tfamily\Application\Admin\Controller\BaseController.class.php 第 178 行.
NOTIC: [8] Undefined index: children E:\wamp\www\tfamily\Application\Admin\Controller\BaseController.class.php 第 195 行.
NOTIC: [8] Undefined index: children E:\wamp\www\tfamily\Application\Admin\Controller\BaseController.class.php 第 218 行.
NOTIC: [8] Undefined index: children E:\wamp\www\tfamily\Application\Admin\Controller\BaseController.class.php 第 178 行.
NOTIC: [8] Undefined index: children E:\wamp\www\tfamily\Application\Admin\Controller\BaseController.class.php 第 195 行.
NOTIC: [8] Undefined index: children E:\wamp\www\tfamily\Application\Admin\Controller\BaseController.class.php 第 218 行.
NOTIC: [8] Undefined index: children E:\wamp\www\tfamily\Application\Admin\Controller\BaseController.class.php 第 178 行.
NOTIC: [8] Undefined index: children E:\wamp\www\tfamily\Application\Admin\Controller\BaseController.class.php 第 195 行.
NOTIC: [8] Undefined index: children E:\wamp\www\tfamily\Application\Admin\Controller\BaseController.class.php 第 218 行.
NOTIC: [8] Undefined index: children E:\wamp\www\tfamily\Application\Admin\Controller\BaseController.class.php 第 178 行.
NOTIC: [8] Undefined index: children E:\wamp\www\tfamily\Application\Admin\Controller\BaseController.class.php 第 195 行.
NOTIC: [8] Undefined index: children E:\wamp\www\tfamily\Application\Admin\Controller\BaseController.class.php 第 218 行.
NOTIC: [8] Undefined index: children E:\wamp\www\tfamily\Application\Admin\Controller\BaseController.class.php 第 178 行.
NOTIC: [8] Undefined index: children E:\wamp\www\tfamily\Application\Admin\Controller\BaseController.class.php 第 195 行.
NOTIC: [8] Undefined index: children E:\wamp\www\tfamily\Application\Admin\Controller\BaseController.class.php 第 218 行.
NOTIC: [8] Undefined index: children E:\wamp\www\tfamily\Application\Admin\Controller\BaseController.class.php 第 178 行.
SQL: SHOW COLUMNS FROM `tf_orders` [ RunTime:0.0062s ]
SQL: select count(*) from tf_orders where `name` LIKE '%%' OR `tel` LIKE '%%' [ RunTime:0.0005s ]
SQL: select * from tf_orders where `name` LIKE '%%' OR `tel` LIKE '%%' ORDER BY `add_time` DESC LIMIT 0 , 4 [ RunTime:0.0005s ]
SQL: SHOW COLUMNS FROM `tf_region` [ RunTime:0.0052s ]
SQL: SELECT `region_name` FROM `tf_region` WHERE ( region_id=7 )  [ RunTime:0.0003s ]
SQL: SELECT `region_name` FROM `tf_region` WHERE ( region_id=84 )  [ RunTime:0.0002s ]
SQL: SELECT `region_name` FROM `tf_region` WHERE ( region_id=949 )  [ RunTime:0.0002s ]
SQL: SELECT `region_name` FROM `tf_region` WHERE ( region_id=7 )  [ RunTime:0.0002s ]
SQL: SELECT `region_name` FROM `tf_region` WHERE ( region_id=84 )  [ RunTime:0.0002s ]
SQL: SELECT `region_name` FROM `tf_region` WHERE ( region_id=947 )  [ RunTime:0.0002s ]
SQL: SELECT `region_name` FROM `tf_region` WHERE ( region_id=89 )  [ RunTime:0.0002s ]
SQL: SELECT `region_name` FROM `tf_region` WHERE ( region_id=988 )  [ RunTime:0.0002s ]
SQL: SELECT `region_name` FROM `tf_region` WHERE ( region_id=9 )  [ RunTime:0.0003s ]
SQL: SELECT `region_name` FROM `tf_region` WHERE ( region_id=92 )  [ RunTime:0.0003s ]
SQL: SELECT `region_name` FROM `tf_region` WHERE ( region_id=1005 )  [ RunTime:0.0003s ]
SQL: SHOW COLUMNS FROM `tf_user` [ RunTime:0.0069s ]
SQL: SELECT `user_type` FROM `tf_user` WHERE ( id=3 )  [ RunTime:0.0003s ]
SQL: SELECT `user_type` FROM `tf_user` WHERE ( id=4 )  [ RunTime:0.0002s ]
SQL: SELECT `user_type` FROM `tf_user` WHERE ( id=1 )  [ RunTime:0.0002s ]
SQL: SELECT `user_type` FROM `tf_user` WHERE ( id=2 )  [ RunTime:0.0002s ]
INFO: [ view_parse ] --START--
INFO: [ template_filter ] --START--
INFO: Run Behavior\ContentReplaceBehavior [ RunTime:0.000167s ]
INFO: [ template_filter ] --END-- [ RunTime:0.000329s ]
NOTIC: [8] Undefined variable: uname E:\wamp\www\tfamily\Application\Runtime\Cache\Admin\834c9ffac70d37d96827484f10e2eb52.php 第 58 行.
INFO: Run Behavior\ParseTemplateBehavior [ RunTime:0.026700s ]
INFO: [ view_parse ] --END-- [ RunTime:0.026863s ]
INFO: [ view_filter ] --START--
INFO: Run Behavior\WriteHtmlCacheBehavior [ RunTime:0.000465s ]
INFO: [ view_filter ] --END-- [ RunTime:0.000602s ]
INFO: [ app_end ] --START--
INFO: Run Behavior\ShowPageTraceBehavior [ RunTime:0.000708s ]
INFO: [ app_end ] --END-- [ RunTime:0.000845s ]

[ 2016-12-05T16:14:45+08:00 ] 127.0.0.1 /tfamily/admin.php?m=admin&c=house&a=getCity
INFO: [ app_init ] --START--
INFO: Run Behavior\BuildLiteBehavior [ RunTime:0.000126s ]
INFO: [ app_init ] --END-- [ RunTime:0.000767s ]
INFO: [ app_begin ] --START--
INFO: Run Behavior\ReadHtmlCacheBehavior [ RunTime:0.001633s ]
INFO: [ app_begin ] --END-- [ RunTime:0.001937s ]
NOTIC: [8] Undefined index: children E:\wamp\www\tfamily\Application\Admin\Controller\BaseController.class.php 第 195 行.
NOTIC: [8] Undefined index: children E:\wamp\www\tfamily\Application\Admin\Controller\BaseController.class.php 第 218 行.
NOTIC: [8] Undefined index: children E:\wamp\www\tfamily\Application\Admin\Controller\BaseController.class.php 第 178 行.
NOTIC: [8] Undefined index: children E:\wamp\www\tfamily\Application\Admin\Controller\BaseController.class.php 第 195 行.
NOTIC: [8] Undefined index: children E:\wamp\www\tfamily\Application\Admin\Controller\BaseController.class.php 第 218 行.
NOTIC: [8] Undefined index: children E:\wamp\www\tfamily\Application\Admin\Controller\BaseController.class.php 第 178 行.
NOTIC: [8] Undefined index: children E:\wamp\www\tfamily\Application\Admin\Controller\BaseController.class.php 第 195 行.
NOTIC: [8] Undefined index: children E:\wamp\www\tfamily\Application\Admin\Controller\BaseController.class.php 第 218 行.
NOTIC: [8] Undefined index: children E:\wamp\www\tfamily\Application\Admin\Controller\BaseController.class.php 第 178 行.
NOTIC: [8] Undefined index: children E:\wamp\www\tfamily\Application\Admin\Controller\BaseController.class.php 第 195 行.
NOTIC: [8] Undefined index: children E:\wamp\www\tfamily\Application\Admin\Controller\BaseController.class.php 第 218 行.
NOTIC: [8] Undefined index: children E:\wamp\www\tfamily\Application\Admin\Controller\BaseController.class.php 第 178 行.
NOTIC: [8] Undefined index: children E:\wamp\www\tfamily\Application\Admin\Controller\BaseController.class.php 第 195 行.
NOTIC: [8] Undefined index: children E:\wamp\www\tfamily\Application\Admin\Controller\BaseController.class.php 第 218 行.
NOTIC: [8] Undefined index: children E:\wamp\www\tfamily\Application\Admin\Controller\BaseController.class.php 第 178 行.
NOTIC: [8] Undefined index: children E:\wamp\www\tfamily\Application\Admin\Controller\BaseController.class.php 第 195 行.
NOTIC: [8] Undefined index: children E:\wamp\www\tfamily\Application\Admin\Controller\BaseController.class.php 第 218 行.
NOTIC: [8] Undefined index: children E:\wamp\www\tfamily\Application\Admin\Controller\BaseController.class.php 第 178 行.
NOTIC: [8] Undefined index: children E:\wamp\www\tfamily\Application\Admin\Controller\BaseController.class.php 第 195 行.
NOTIC: [8] Undefined index: children E:\wamp\www\tfamily\Application\Admin\Controller\BaseController.class.php 第 218 行.
NOTIC: [8] Undefined index: children E:\wamp\www\tfamily\Application\Admin\Controller\BaseController.class.php 第 178 行.
NOTIC: [8] Undefined index: children E:\wamp\www\tfamily\Application\Admin\Controller\BaseController.class.php 第 195 行.
NOTIC: [8] Undefined index: children E:\wamp\www\tfamily\Application\Admin\Controller\BaseController.class.php 第 218 行.
NOTIC: [8] Undefined index: children E:\wamp\www\tfamily\Application\Admin\Controller\BaseController.class.php 第 178 行.
SQL: SHOW COLUMNS FROM `tf_region` [ RunTime:0.0053s ]
SQL: SELECT * FROM `tf_region`  [ RunTime:0.0181s ]

[ 2016-12-05T16:14:52+08:00 ] 127.0.0.1 /tfamily/admin.php?m=Admin&c=Order&a=index_sel
INFO: [ app_init ] --START--
INFO: Run Behavior\BuildLiteBehavior [ RunTime:0.000071s ]
INFO: [ app_init ] --END-- [ RunTime:0.001405s ]
INFO: [ app_begin ] --START--
INFO: Run Behavior\ReadHtmlCacheBehavior [ RunTime:0.000851s ]
INFO: [ app_begin ] --END-- [ RunTime:0.001048s ]
NOTIC: [8] Undefined index: children E:\wamp\www\tfamily\Application\Admin\Controller\BaseController.class.php 第 195 行.
NOTIC: [8] Undefined index: children E:\wamp\www\tfamily\Application\Admin\Controller\BaseController.class.php 第 218 行.
NOTIC: [8] Undefined index: children E:\wamp\www\tfamily\Application\Admin\Controller\BaseController.class.php 第 178 行.
NOTIC: [8] Undefined index: children E:\wamp\www\tfamily\Application\Admin\Controller\BaseController.class.php 第 195 行.
NOTIC: [8] Undefined index: children E:\wamp\www\tfamily\Application\Admin\Controller\BaseController.class.php 第 218 行.
NOTIC: [8] Undefined index: children E:\wamp\www\tfamily\Application\Admin\Controller\BaseController.class.php 第 178 行.
NOTIC: [8] Undefined index: children E:\wamp\www\tfamily\Application\Admin\Controller\BaseController.class.php 第 195 行.
NOTIC: [8] Undefined index: children E:\wamp\www\tfamily\Application\Admin\Controller\BaseController.class.php 第 218 行.
NOTIC: [8] Undefined index: children E:\wamp\www\tfamily\Application\Admin\Controller\BaseController.class.php 第 178 行.
NOTIC: [8] Undefined index: children E:\wamp\www\tfamily\Application\Admin\Controller\BaseController.class.php 第 195 行.
NOTIC: [8] Undefined index: children E:\wamp\www\tfamily\Application\Admin\Controller\BaseController.class.php 第 218 行.
NOTIC: [8] Undefined index: children E:\wamp\www\tfamily\Application\Admin\Controller\BaseController.class.php 第 178 行.
NOTIC: [8] Undefined index: children E:\wamp\www\tfamily\Application\Admin\Controller\BaseController.class.php 第 195 行.
NOTIC: [8] Undefined index: children E:\wamp\www\tfamily\Application\Admin\Controller\BaseController.class.php 第 218 行.
NOTIC: [8] Undefined index: children E:\wamp\www\tfamily\Application\Admin\Controller\BaseController.class.php 第 178 行.
NOTIC: [8] Undefined index: children E:\wamp\www\tfamily\Application\Admin\Controller\BaseController.class.php 第 195 行.
NOTIC: [8] Undefined index: children E:\wamp\www\tfamily\Application\Admin\Controller\BaseController.class.php 第 218 行.
NOTIC: [8] Undefined index: children E:\wamp\www\tfamily\Application\Admin\Controller\BaseController.class.php 第 178 行.
NOTIC: [8] Undefined index: children E:\wamp\www\tfamily\Application\Admin\Controller\BaseController.class.php 第 195 行.
NOTIC: [8] Undefined index: children E:\wamp\www\tfamily\Application\Admin\Controller\BaseController.class.php 第 218 行.
NOTIC: [8] Undefined index: children E:\wamp\www\tfamily\Application\Admin\Controller\BaseController.class.php 第 178 行.
NOTIC: [8] Undefined index: children E:\wamp\www\tfamily\Application\Admin\Controller\BaseController.class.php 第 195 行.
NOTIC: [8] Undefined index: children E:\wamp\www\tfamily\Application\Admin\Controller\BaseController.class.php 第 218 行.
NOTIC: [8] Undefined index: children E:\wamp\www\tfamily\Application\Admin\Controller\BaseController.class.php 第 178 行.
SQL: SHOW COLUMNS FROM `tf_orders` [ RunTime:0.0060s ]
SQL: select count(*) from tf_orders where `name` LIKE '%1%' OR `tel` LIKE '%1%' [ RunTime:0.0005s ]
SQL: select * from tf_orders where `name` LIKE '%1%' OR `tel` LIKE '%1%' ORDER BY `add_time` DESC LIMIT 0 , 4 [ RunTime:0.0005s ]
SQL: SHOW COLUMNS FROM `tf_region` [ RunTime:0.0055s ]
SQL: SELECT `region_name` FROM `tf_region` WHERE ( region_id=7 )  [ RunTime:0.0004s ]
SQL: SELECT `region_name` FROM `tf_region` WHERE ( region_id=84 )  [ RunTime:0.0002s ]
SQL: SELECT `region_name` FROM `tf_region` WHERE ( region_id=949 )  [ RunTime:0.0002s ]
SQL: SELECT `region_name` FROM `tf_region` WHERE ( region_id=7 )  [ RunTime:0.0002s ]
SQL: SELECT `region_name` FROM `tf_region` WHERE ( region_id=84 )  [ RunTime:0.0002s ]
SQL: SELECT `region_name` FROM `tf_region` WHERE ( region_id=947 )  [ RunTime:0.0002s ]
SQL: SELECT `region_name` FROM `tf_region` WHERE ( region_id=9 )  [ RunTime:0.0003s ]
SQL: SELECT `region_name` FROM `tf_region` WHERE ( region_id=92 )  [ RunTime:0.0002s ]
SQL: SELECT `region_name` FROM `tf_region` WHERE ( region_id=1005 )  [ RunTime:0.0002s ]
SQL: SHOW COLUMNS FROM `tf_user` [ RunTime:0.0078s ]
SQL: SELECT `user_type` FROM `tf_user` WHERE ( id=3 )  [ RunTime:0.0005s ]
SQL: SELECT `user_type` FROM `tf_user` WHERE ( id=4 )  [ RunTime:0.0004s ]
SQL: SELECT `user_type` FROM `tf_user` WHERE ( id=2 )  [ RunTime:0.0004s ]
INFO: [ view_parse ] --START--
INFO: [ template_filter ] --START--
INFO: Run Behavior\ContentReplaceBehavior [ RunTime:0.000171s ]
INFO: [ template_filter ] --END-- [ RunTime:0.000336s ]
NOTIC: [8] Undefined variable: uname E:\wamp\www\tfamily\Application\Runtime\Cache\Admin\834c9ffac70d37d96827484f10e2eb52.php 第 58 行.
INFO: Run Behavior\ParseTemplateBehavior [ RunTime:0.024735s ]
INFO: [ view_parse ] --END-- [ RunTime:0.024895s ]
INFO: [ view_filter ] --START--
INFO: Run Behavior\WriteHtmlCacheBehavior [ RunTime:0.000490s ]
INFO: [ view_filter ] --END-- [ RunTime:0.000633s ]
INFO: [ app_end ] --START--
INFO: Run Behavior\ShowPageTraceBehavior [ RunTime:0.000738s ]
INFO: [ app_end ] --END-- [ RunTime:0.000876s ]

[ 2016-12-05T16:14:53+08:00 ] 127.0.0.1 /tfamily/admin.php?m=admin&c=house&a=getCity
INFO: [ app_init ] --START--
INFO: Run Behavior\BuildLiteBehavior [ RunTime:0.000038s ]
INFO: [ app_init ] --END-- [ RunTime:0.001095s ]
INFO: [ app_begin ] --START--
INFO: Run Behavior\ReadHtmlCacheBehavior [ RunTime:0.001108s ]
INFO: [ app_begin ] --END-- [ RunTime:0.001275s ]
NOTIC: [8] Undefined index: children E:\wamp\www\tfamily\Application\Admin\Controller\BaseController.class.php 第 195 行.
NOTIC: [8] Undefined index: children E:\wamp\www\tfamily\Application\Admin\Controller\BaseController.class.php 第 218 行.
NOTIC: [8] Undefined index: children E:\wamp\www\tfamily\Application\Admin\Controller\BaseController.class.php 第 178 行.
NOTIC: [8] Undefined index: children E:\wamp\www\tfamily\Application\Admin\Controller\BaseController.class.php 第 195 行.
NOTIC: [8] Undefined index: children E:\wamp\www\tfamily\Application\Admin\Controller\BaseController.class.php 第 218 行.
NOTIC: [8] Undefined index: children E:\wamp\www\tfamily\Application\Admin\Controller\BaseController.class.php 第 178 行.
NOTIC: [8] Undefined index: children E:\wamp\www\tfamily\Application\Admin\Controller\BaseController.class.php 第 195 行.
NOTIC: [8] Undefined index: children E:\wamp\www\tfamily\Application\Admin\Controller\BaseController.class.php 第 218 行.
NOTIC: [8] Undefined index: children E:\wamp\www\tfamily\Application\Admin\Controller\BaseController.class.php 第 178 行.
NOTIC: [8] Undefined index: children E:\wamp\www\tfamily\Application\Admin\Controller\BaseController.class.php 第 195 行.
NOTIC: [8] Undefined index: children E:\wamp\www\tfamily\Application\Admin\Controller\BaseController.class.php 第 218 行.
NOTIC: [8] Undefined index: children E:\wamp\www\tfamily\Application\Admin\Controller\BaseController.class.php 第 178 行.
NOTIC: [8] Undefined index: children E:\wamp\www\tfamily\Application\Admin\Controller\BaseController.class.php 第 195 行.
NOTIC: [8] Undefined index: children E:\wamp\www\tfamily\Application\Admin\Controller\BaseController.class.php 第 218 行.
NOTIC: [8] Undefined index: children E:\wamp\www\tfamily\Application\Admin\Controller\BaseController.class.php 第 178 行.
NOTIC: [8] Undefined index: children E:\wamp\www\tfamily\Application\Admin\Controller\BaseController.class.php 第 195 行.
NOTIC: [8] Undefined index: children E:\wamp\www\tfamily\Application\Admin\Controller\BaseController.class.php 第 218 行.
NOTIC: [8] Undefined index: children E:\wamp\www\tfamily\Application\Admin\Controller\BaseController.class.php 第 178 行.
NOTIC: [8] Undefined index: children E:\wamp\www\tfamily\Application\Admin\Controller\BaseController.class.php 第 195 行.
NOTIC: [8] Undefined index: children E:\wamp\www\tfamily\Application\Admin\Controller\BaseController.class.php 第 218 行.
NOTIC: [8] Undefined index: children E:\wamp\www\tfamily\Application\Admin\Controller\BaseController.class.php 第 178 行.
NOTIC: [8] Undefined index: children E:\wamp\www\tfamily\Application\Admin\Controller\BaseController.class.php 第 195 行.
NOTIC: [8] Undefined index: children E:\wamp\www\tfamily\Application\Admin\Controller\BaseController.class.php 第 218 行.
NOTIC: [8] Undefined index: children E:\wamp\www\tfamily\Application\Admin\Controller\BaseController.class.php 第 178 行.
SQL: SHOW COLUMNS FROM `tf_region` [ RunTime:0.0060s ]
SQL: SELECT * FROM `tf_region`  [ RunTime:0.0209s ]

[ 2016-12-05T16:15:08+08:00 ] 127.0.0.1 /tfamily/admin.php?m=Admin&c=Order&a=index_sel
INFO: [ app_init ] --START--
INFO: Run Behavior\BuildLiteBehavior [ RunTime:0.000035s ]
INFO: [ app_init ] --END-- [ RunTime:0.000640s ]
INFO: [ app_begin ] --START--
INFO: Run Behavior\ReadHtmlCacheBehavior [ RunTime:0.000988s ]
INFO: [ app_begin ] --END-- [ RunTime:0.001226s ]
NOTIC: [8] Undefined index: children E:\wamp\www\tfamily\Application\Admin\Controller\BaseController.class.php 第 195 行.
NOTIC: [8] Undefined index: children E:\wamp\www\tfamily\Application\Admin\Controller\BaseController.class.php 第 218 行.
NOTIC: [8] Undefined index: children E:\wamp\www\tfamily\Application\Admin\Controller\BaseController.class.php 第 178 行.
NOTIC: [8] Undefined index: children E:\wamp\www\tfamily\Application\Admin\Controller\BaseController.class.php 第 195 行.
NOTIC: [8] Undefined index: children E:\wamp\www\tfamily\Application\Admin\Controller\BaseController.class.php 第 218 行.
NOTIC: [8] Undefined index: children E:\wamp\www\tfamily\Application\Admin\Controller\BaseController.class.php 第 178 行.
NOTIC: [8] Undefined index: children E:\wamp\www\tfamily\Application\Admin\Controller\BaseController.class.php 第 195 行.
NOTIC: [8] Undefined index: children E:\wamp\www\tfamily\Application\Admin\Controller\BaseController.class.php 第 218 行.
NOTIC: [8] Undefined index: children E:\wamp\www\tfamily\Application\Admin\Controller\BaseController.class.php 第 178 行.
NOTIC: [8] Undefined index: children E:\wamp\www\tfamily\Application\Admin\Controller\BaseController.class.php 第 195 行.
NOTIC: [8] Undefined index: children E:\wamp\www\tfamily\Application\Admin\Controller\BaseController.class.php 第 218 行.
NOTIC: [8] Undefined index: children E:\wamp\www\tfamily\Application\Admin\Controller\BaseController.class.php 第 178 行.
NOTIC: [8] Undefined index: children E:\wamp\www\tfamily\Application\Admin\Controller\BaseController.class.php 第 195 行.
NOTIC: [8] Undefined index: children E:\wamp\www\tfamily\Application\Admin\Controller\BaseController.class.php 第 218 行.
NOTIC: [8] Undefined index: children E:\wamp\www\tfamily\Application\Admin\Controller\BaseController.class.php 第 178 行.
NOTIC: [8] Undefined index: children E:\wamp\www\tfamily\Application\Admin\Controller\BaseController.class.php 第 195 行.
NOTIC: [8] Undefined index: children E:\wamp\www\tfamily\Application\Admin\Controller\BaseController.class.php 第 218 行.
NOTIC: [8] Undefined index: children E:\wamp\www\tfamily\Application\Admin\Controller\BaseController.class.php 第 178 行.
NOTIC: [8] Undefined index: children E:\wamp\www\tfamily\Application\Admin\Controller\BaseController.class.php 第 195 行.
NOTIC: [8] Undefined index: children E:\wamp\www\tfamily\Application\Admin\Controller\BaseController.class.php 第 218 行.
NOTIC: [8] Undefined index: children E:\wamp\www\tfamily\Application\Admin\Controller\BaseController.class.php 第 178 行.
NOTIC: [8] Undefined index: children E:\wamp\www\tfamily\Application\Admin\Controller\BaseController.class.php 第 195 行.
NOTIC: [8] Undefined index: children E:\wamp\www\tfamily\Application\Admin\Controller\BaseController.class.php 第 218 行.
NOTIC: [8] Undefined index: children E:\wamp\www\tfamily\Application\Admin\Controller\BaseController.class.php 第 178 行.
SQL: SHOW COLUMNS FROM `tf_orders` [ RunTime:0.0067s ]
SQL: select count(*) from tf_orders where `name` LIKE '%56656165%' OR `tel` LIKE '%56656165%' [ RunTime:0.0005s ]
SQL: select * from tf_orders where `name` LIKE '%56656165%' OR `tel` LIKE '%56656165%' ORDER BY `add_time` DESC LIMIT 0 , 4 [ RunTime:0.0005s ]
INFO: [ view_parse ] --START--
INFO: [ template_filter ] --START--
INFO: Run Behavior\ContentReplaceBehavior [ RunTime:0.000175s ]
INFO: [ template_filter ] --END-- [ RunTime:0.000353s ]
NOTIC: [8] Undefined variable: uname E:\wamp\www\tfamily\Application\Runtime\Cache\Admin\834c9ffac70d37d96827484f10e2eb52.php 第 58 行.
INFO: Run Behavior\ParseTemplateBehavior [ RunTime:0.025933s ]
INFO: [ view_parse ] --END-- [ RunTime:0.026106s ]
INFO: [ view_filter ] --START--
INFO: Run Behavior\WriteHtmlCacheBehavior [ RunTime:0.000567s ]
INFO: [ view_filter ] --END-- [ RunTime:0.000710s ]
INFO: [ app_end ] --START--
INFO: Run Behavior\ShowPageTraceBehavior [ RunTime:0.000714s ]
INFO: [ app_end ] --END-- [ RunTime:0.000851s ]

[ 2016-12-05T16:15:09+08:00 ] 127.0.0.1 /tfamily/admin.php?m=admin&c=house&a=getCity
INFO: [ app_init ] --START--
INFO: Run Behavior\BuildLiteBehavior [ RunTime:0.000056s ]
INFO: [ app_init ] --END-- [ RunTime:0.001116s ]
INFO: [ app_begin ] --START--
INFO: Run Behavior\ReadHtmlCacheBehavior [ RunTime:0.001812s ]
INFO: [ app_begin ] --END-- [ RunTime:0.002095s ]
NOTIC: [8] Undefined index: children E:\wamp\www\tfamily\Application\Admin\Controller\BaseController.class.php 第 195 行.
NOTIC: [8] Undefined index: children E:\wamp\www\tfamily\Application\Admin\Controller\BaseController.class.php 第 218 行.
NOTIC: [8] Undefined index: children E:\wamp\www\tfamily\Application\Admin\Controller\BaseController.class.php 第 178 行.
NOTIC: [8] Undefined index: children E:\wamp\www\tfamily\Application\Admin\Controller\BaseController.class.php 第 195 行.
NOTIC: [8] Undefined index: children E:\wamp\www\tfamily\Application\Admin\Controller\BaseController.class.php 第 218 行.
NOTIC: [8] Undefined index: children E:\wamp\www\tfamily\Application\Admin\Controller\BaseController.class.php 第 178 行.
NOTIC: [8] Undefined index: children E:\wamp\www\tfamily\Application\Admin\Controller\BaseController.class.php 第 195 行.
NOTIC: [8] Undefined index: children E:\wamp\www\tfamily\Application\Admin\Controller\BaseController.class.php 第 218 行.
NOTIC: [8] Undefined index: children E:\wamp\www\tfamily\Application\Admin\Controller\BaseController.class.php 第 178 行.
NOTIC: [8] Undefined index: children E:\wamp\www\tfamily\Application\Admin\Controller\BaseController.class.php 第 195 行.
NOTIC: [8] Undefined index: children E:\wamp\www\tfamily\Application\Admin\Controller\BaseController.class.php 第 218 行.
NOTIC: [8] Undefined index: children E:\wamp\www\tfamily\Application\Admin\Controller\BaseController.class.php 第 178 行.
NOTIC: [8] Undefined index: children E:\wamp\www\tfamily\Application\Admin\Controller\BaseController.class.php 第 195 行.
NOTIC: [8] Undefined index: children E:\wamp\www\tfamily\Application\Admin\Controller\BaseController.class.php 第 218 行.
NOTIC: [8] Undefined index: children E:\wamp\www\tfamily\Application\Admin\Controller\BaseController.class.php 第 178 行.
NOTIC: [8] Undefined index: children E:\wamp\www\tfamily\Application\Admin\Controller\BaseController.class.php 第 195 行.
NOTIC: [8] Undefined index: children E:\wamp\www\tfamily\Application\Admin\Controller\BaseController.class.php 第 218 行.
NOTIC: [8] Undefined index: children E:\wamp\www\tfamily\Application\Admin\Controller\BaseController.class.php 第 178 行.
NOTIC: [8] Undefined index: children E:\wamp\www\tfamily\Application\Admin\Controller\BaseController.class.php 第 195 行.
NOTIC: [8] Undefined index: children E:\wamp\www\tfamily\Application\Admin\Controller\BaseController.class.php 第 218 行.
NOTIC: [8] Undefined index: children E:\wamp\www\tfamily\Application\Admin\Controller\BaseController.class.php 第 178 行.
NOTIC: [8] Undefined index: children E:\wamp\www\tfamily\Application\Admin\Controller\BaseController.class.php 第 195 行.
NOTIC: [8] Undefined index: children E:\wamp\www\tfamily\Application\Admin\Controller\BaseController.class.php 第 218 行.
NOTIC: [8] Undefined index: children E:\wamp\www\tfamily\Application\Admin\Controller\BaseController.class.php 第 178 行.
SQL: SHOW COLUMNS FROM `tf_region` [ RunTime:0.0068s ]
SQL: SELECT * FROM `tf_region`  [ RunTime:0.0226s ]

