[ 2017-02-27T17:31:08+08:00 ] 127.0.0.1 /tfamily/admin.php?m=Admin&c=auth&a=login
INFO: [ app_init ] --START--
INFO: Run Behavior\BuildLiteBehavior [ RunTime:0.000000s ]
INFO: [ app_init ] --END-- [ RunTime:0.000000s ]
INFO: [ app_begin ] --START--
INFO: Run Behavior\ReadHtmlCacheBehavior [ RunTime:0.000000s ]
INFO: [ app_begin ] --END-- [ RunTime:0.000000s ]
INFO: [ view_parse ] --START--
INFO: [ template_filter ] --START--
INFO: Run Behavior\ContentReplaceBehavior [ RunTime:0.000000s ]
INFO: [ template_filter ] --END-- [ RunTime:0.000000s ]
NOTIC: [8] Undefined variable: title E:\phpstudy\www\tfamily\Application\Runtime\Cache\Admin\dcfb7ddaab59bfbce2ddc9c860debad0.php 第 5 行.
NOTIC: [8] Undefined variable: meta_title E:\phpstudy\www\tfamily\Application\Runtime\Cache\Admin\dcfb7ddaab59bfbce2ddc9c860debad0.php 第 101 行.
NOTIC: [8] Undefined variable: error E:\phpstudy\www\tfamily\Application\Runtime\Cache\Admin\dcfb7ddaab59bfbce2ddc9c860debad0.php 第 121 行.
NOTIC: [8] Undefined variable: ref E:\phpstudy\www\tfamily\Application\Runtime\Cache\Admin\dcfb7ddaab59bfbce2ddc9c860debad0.php 第 150 行.
INFO: Run Behavior\ParseTemplateBehavior [ RunTime:0.046801s ]
INFO: [ view_parse ] --END-- [ RunTime:0.046801s ]
INFO: [ view_filter ] --START--
INFO: Run Behavior\WriteHtmlCacheBehavior [ RunTime:0.000000s ]
INFO: [ view_filter ] --END-- [ RunTime:0.000000s ]
INFO: [ app_end ] --START--
INFO: Run Behavior\ShowPageTraceBehavior [ RunTime:0.000000s ]
INFO: [ app_end ] --END-- [ RunTime:0.000000s ]

[ 2017-02-27T17:31:08+08:00 ] 127.0.0.1 /tfamily/admin.php?m=Admin&c=auth&a=verify
INFO: [ app_init ] --START--
INFO: Run Behavior\BuildLiteBehavior [ RunTime:0.000000s ]
INFO: [ app_init ] --END-- [ RunTime:0.001000s ]
INFO: [ app_begin ] --START--
INFO: Run Behavior\ReadHtmlCacheBehavior [ RunTime:0.001000s ]
INFO: [ app_begin ] --END-- [ RunTime:0.001000s ]
INFO: [ app_end ] --START--
INFO: Run Behavior\ShowPageTraceBehavior [ RunTime:0.001000s ]
INFO: [ app_end ] --END-- [ RunTime:0.001000s ]

[ 2017-02-27T17:31:16+08:00 ] 127.0.0.1 /tfamily/admin.php?m=Admin&c=auth&a=login
INFO: [ app_init ] --START--
INFO: Run Behavior\BuildLiteBehavior [ RunTime:0.000000s ]
INFO: [ app_init ] --END-- [ RunTime:0.000000s ]
INFO: [ app_begin ] --START--
INFO: Run Behavior\ReadHtmlCacheBehavior [ RunTime:0.000000s ]
INFO: [ app_begin ] --END-- [ RunTime:0.000000s ]
ERR: SQLSTATE[HY000] [1045] Access denied for user 'root'@'localhost' (using password: NO)

[ 2017-02-27T17:41:37+08:00 ] 127.0.0.1 /tfamily/admin.php
INFO: [ app_init ] --START--
INFO: Run Behavior\BuildLiteBehavior [ RunTime:0.000000s ]
INFO: [ app_init ] --END-- [ RunTime:0.000000s ]
INFO: [ app_begin ] --START--
INFO: Run Behavior\ReadHtmlCacheBehavior [ RunTime:0.001000s ]
INFO: [ app_begin ] --END-- [ RunTime:0.001000s ]
NOTIC: [8] Undefined index: HTTP_REFERER E:\phpstudy\www\tfamily\Application\Admin\Controller\BaseController.class.php 第 24 行.

[ 2017-02-27T17:41:37+08:00 ] 127.0.0.1 /tfamily/admin.php?m=Admin&c=auth&a=login
INFO: [ app_init ] --START--
INFO: Run Behavior\BuildLiteBehavior [ RunTime:0.000000s ]
INFO: [ app_init ] --END-- [ RunTime:0.000000s ]
INFO: [ app_begin ] --START--
INFO: Run Behavior\ReadHtmlCacheBehavior [ RunTime:0.001000s ]
INFO: [ app_begin ] --END-- [ RunTime:0.001000s ]
INFO: [ view_parse ] --START--
INFO: [ template_filter ] --START--
INFO: Run Behavior\ContentReplaceBehavior [ RunTime:0.000000s ]
INFO: [ template_filter ] --END-- [ RunTime:0.000000s ]
NOTIC: [8] Undefined variable: title E:\phpstudy\www\tfamily\Application\Runtime\Cache\Admin\dcfb7ddaab59bfbce2ddc9c860debad0.php 第 5 行.
NOTIC: [8] Undefined variable: meta_title E:\phpstudy\www\tfamily\Application\Runtime\Cache\Admin\dcfb7ddaab59bfbce2ddc9c860debad0.php 第 101 行.
NOTIC: [8] Undefined variable: error E:\phpstudy\www\tfamily\Application\Runtime\Cache\Admin\dcfb7ddaab59bfbce2ddc9c860debad0.php 第 121 行.
NOTIC: [8] Undefined variable: ref E:\phpstudy\www\tfamily\Application\Runtime\Cache\Admin\dcfb7ddaab59bfbce2ddc9c860debad0.php 第 150 行.
INFO: Run Behavior\ParseTemplateBehavior [ RunTime:0.009000s ]
INFO: [ view_parse ] --END-- [ RunTime:0.009000s ]
INFO: [ view_filter ] --START--
INFO: Run Behavior\WriteHtmlCacheBehavior [ RunTime:0.000000s ]
INFO: [ view_filter ] --END-- [ RunTime:0.000000s ]
INFO: [ app_end ] --START--
INFO: Run Behavior\ShowPageTraceBehavior [ RunTime:0.001000s ]
INFO: [ app_end ] --END-- [ RunTime:0.001000s ]

[ 2017-02-27T17:41:37+08:00 ] 127.0.0.1 /tfamily/admin.php?m=Admin&c=auth&a=verify
INFO: [ app_init ] --START--
INFO: Run Behavior\BuildLiteBehavior [ RunTime:0.000000s ]
INFO: [ app_init ] --END-- [ RunTime:0.000000s ]
INFO: [ app_begin ] --START--
INFO: Run Behavior\ReadHtmlCacheBehavior [ RunTime:0.000000s ]
INFO: [ app_begin ] --END-- [ RunTime:0.000000s ]
INFO: [ app_end ] --START--
INFO: Run Behavior\ShowPageTraceBehavior [ RunTime:0.001000s ]
INFO: [ app_end ] --END-- [ RunTime:0.001000s ]

[ 2017-02-27T17:41:43+08:00 ] 127.0.0.1 /tfamily/admin.php?m=Admin&c=auth&a=verify&t=1488188503327
INFO: [ app_init ] --START--
INFO: Run Behavior\BuildLiteBehavior [ RunTime:0.000000s ]
INFO: [ app_init ] --END-- [ RunTime:0.000000s ]
INFO: [ app_begin ] --START--
INFO: Run Behavior\ReadHtmlCacheBehavior [ RunTime:0.001000s ]
INFO: [ app_begin ] --END-- [ RunTime:0.001000s ]
INFO: [ app_end ] --START--
INFO: Run Behavior\ShowPageTraceBehavior [ RunTime:0.001000s ]
INFO: [ app_end ] --END-- [ RunTime:0.001000s ]

[ 2017-02-27T17:41:44+08:00 ] 127.0.0.1 /tfamily/admin.php?m=Admin&c=auth&a=verify&t=1488188504355
INFO: [ app_init ] --START--
INFO: Run Behavior\BuildLiteBehavior [ RunTime:0.000000s ]
INFO: [ app_init ] --END-- [ RunTime:0.000000s ]
INFO: [ app_begin ] --START--
INFO: Run Behavior\ReadHtmlCacheBehavior [ RunTime:0.001000s ]
INFO: [ app_begin ] --END-- [ RunTime:0.001000s ]
INFO: [ app_end ] --START--
INFO: Run Behavior\ShowPageTraceBehavior [ RunTime:0.001000s ]
INFO: [ app_end ] --END-- [ RunTime:0.001000s ]

[ 2017-02-27T17:41:45+08:00 ] 127.0.0.1 /tfamily/admin.php?m=Admin&c=auth&a=verify&t=1488188505236
INFO: [ app_init ] --START--
INFO: Run Behavior\BuildLiteBehavior [ RunTime:0.000000s ]
INFO: [ app_init ] --END-- [ RunTime:0.001000s ]
INFO: [ app_begin ] --START--
INFO: Run Behavior\ReadHtmlCacheBehavior [ RunTime:0.001000s ]
INFO: [ app_begin ] --END-- [ RunTime:0.001000s ]
INFO: [ app_end ] --START--
INFO: Run Behavior\ShowPageTraceBehavior [ RunTime:0.001000s ]
INFO: [ app_end ] --END-- [ RunTime:0.001000s ]

[ 2017-02-27T17:41:48+08:00 ] 127.0.0.1 /tfamily/admin.php?m=Admin&c=auth&a=login
INFO: [ app_init ] --START--
INFO: Run Behavior\BuildLiteBehavior [ RunTime:0.000000s ]
INFO: [ app_init ] --END-- [ RunTime:0.001000s ]
INFO: [ app_begin ] --START--
INFO: Run Behavior\ReadHtmlCacheBehavior [ RunTime:0.001000s ]
INFO: [ app_begin ] --END-- [ RunTime:0.001000s ]
ERR: SQLSTATE[HY000] [1045] Access denied for user 'root'@'localhost' (using password: NO)

[ 2017-02-27T17:42:49+08:00 ] 127.0.0.1 /tfamily/admin.php?m=Admin&c=auth&a=login
INFO: [ app_init ] --START--
INFO: Run Behavior\BuildLiteBehavior [ RunTime:0.000000s ]
INFO: [ app_init ] --END-- [ RunTime:0.001001s ]
INFO: [ app_begin ] --START--
INFO: Run Behavior\ReadHtmlCacheBehavior [ RunTime:0.001000s ]
INFO: [ app_begin ] --END-- [ RunTime:0.001000s ]
INFO: [ view_parse ] --START--
INFO: [ template_filter ] --START--
INFO: Run Behavior\ContentReplaceBehavior [ RunTime:0.000000s ]
INFO: [ template_filter ] --END-- [ RunTime:0.000000s ]
NOTIC: [8] Undefined variable: title E:\phpstudy\www\tfamily\Application\Runtime\Cache\Admin\dcfb7ddaab59bfbce2ddc9c860debad0.php 第 5 行.
NOTIC: [8] Undefined variable: meta_title E:\phpstudy\www\tfamily\Application\Runtime\Cache\Admin\dcfb7ddaab59bfbce2ddc9c860debad0.php 第 101 行.
NOTIC: [8] Undefined variable: error E:\phpstudy\www\tfamily\Application\Runtime\Cache\Admin\dcfb7ddaab59bfbce2ddc9c860debad0.php 第 121 行.
NOTIC: [8] Undefined variable: ref E:\phpstudy\www\tfamily\Application\Runtime\Cache\Admin\dcfb7ddaab59bfbce2ddc9c860debad0.php 第 150 行.
INFO: Run Behavior\ParseTemplateBehavior [ RunTime:0.013001s ]
INFO: [ view_parse ] --END-- [ RunTime:0.020001s ]
INFO: [ view_filter ] --START--
INFO: Run Behavior\WriteHtmlCacheBehavior [ RunTime:0.001000s ]
INFO: [ view_filter ] --END-- [ RunTime:0.001000s ]
INFO: [ app_end ] --START--
INFO: Run Behavior\ShowPageTraceBehavior [ RunTime:0.001000s ]
INFO: [ app_end ] --END-- [ RunTime:0.001000s ]

[ 2017-02-27T17:42:49+08:00 ] 127.0.0.1 /tfamily/admin.php?m=Admin&c=auth&a=verify
INFO: [ app_init ] --START--
INFO: Run Behavior\BuildLiteBehavior [ RunTime:0.000000s ]
INFO: [ app_init ] --END-- [ RunTime:0.001000s ]
INFO: [ app_begin ] --START--
INFO: Run Behavior\ReadHtmlCacheBehavior [ RunTime:0.000000s ]
INFO: [ app_begin ] --END-- [ RunTime:0.001000s ]
INFO: [ app_end ] --START--
INFO: Run Behavior\ShowPageTraceBehavior [ RunTime:0.001000s ]
INFO: [ app_end ] --END-- [ RunTime:0.001000s ]

[ 2017-02-27T17:42:56+08:00 ] 127.0.0.1 /tfamily/admin.php?m=Admin&c=auth&a=verify&t=1488188576337
INFO: [ app_init ] --START--
INFO: Run Behavior\BuildLiteBehavior [ RunTime:0.000000s ]
INFO: [ app_init ] --END-- [ RunTime:0.001000s ]
INFO: [ app_begin ] --START--
INFO: Run Behavior\ReadHtmlCacheBehavior [ RunTime:0.001000s ]
INFO: [ app_begin ] --END-- [ RunTime:0.001000s ]
INFO: [ app_end ] --START--
INFO: Run Behavior\ShowPageTraceBehavior [ RunTime:0.001001s ]
INFO: [ app_end ] --END-- [ RunTime:0.002001s ]

[ 2017-02-27T17:42:57+08:00 ] 127.0.0.1 /tfamily/admin.php?m=Admin&c=auth&a=verify&t=1488188577233
INFO: [ app_init ] --START--
INFO: Run Behavior\BuildLiteBehavior [ RunTime:0.000000s ]
INFO: [ app_init ] --END-- [ RunTime:0.001000s ]
INFO: [ app_begin ] --START--
INFO: Run Behavior\ReadHtmlCacheBehavior [ RunTime:0.001000s ]
INFO: [ app_begin ] --END-- [ RunTime:0.001000s ]
INFO: [ app_end ] --START--
INFO: Run Behavior\ShowPageTraceBehavior [ RunTime:0.002000s ]
INFO: [ app_end ] --END-- [ RunTime:0.002000s ]

[ 2017-02-27T17:42:58+08:00 ] 127.0.0.1 /tfamily/admin.php?m=Admin&c=auth&a=verify&t=1488188578353
INFO: [ app_init ] --START--
INFO: Run Behavior\BuildLiteBehavior [ RunTime:0.000000s ]
INFO: [ app_init ] --END-- [ RunTime:0.000000s ]
INFO: [ app_begin ] --START--
INFO: Run Behavior\ReadHtmlCacheBehavior [ RunTime:0.001000s ]
INFO: [ app_begin ] --END-- [ RunTime:0.001000s ]
INFO: [ app_end ] --START--
INFO: Run Behavior\ShowPageTraceBehavior [ RunTime:0.001000s ]
INFO: [ app_end ] --END-- [ RunTime:0.151009s ]

[ 2017-02-27T17:42:59+08:00 ] 127.0.0.1 /tfamily/admin.php?m=Admin&c=auth&a=verify&t=1488188579313
INFO: [ app_init ] --START--
INFO: Run Behavior\BuildLiteBehavior [ RunTime:0.000000s ]
INFO: [ app_init ] --END-- [ RunTime:0.001000s ]
INFO: [ app_begin ] --START--
INFO: Run Behavior\ReadHtmlCacheBehavior [ RunTime:0.001000s ]
INFO: [ app_begin ] --END-- [ RunTime:0.001000s ]
INFO: [ app_end ] --START--
INFO: Run Behavior\ShowPageTraceBehavior [ RunTime:0.001000s ]
INFO: [ app_end ] --END-- [ RunTime:0.001000s ]

[ 2017-02-27T17:43:03+08:00 ] 127.0.0.1 /tfamily/admin.php?m=Admin&c=auth&a=login
INFO: [ app_init ] --START--
INFO: Run Behavior\BuildLiteBehavior [ RunTime:0.000000s ]
INFO: [ app_init ] --END-- [ RunTime:0.001000s ]
INFO: [ app_begin ] --START--
INFO: Run Behavior\ReadHtmlCacheBehavior [ RunTime:0.001000s ]
INFO: [ app_begin ] --END-- [ RunTime:0.001000s ]
INFO: [ view_parse ] --START--
INFO: [ template_filter ] --START--
INFO: Run Behavior\ContentReplaceBehavior [ RunTime:0.001000s ]
INFO: [ template_filter ] --END-- [ RunTime:0.001000s ]
NOTIC: [8] Undefined variable: title E:\phpstudy\www\tfamily\Application\Runtime\Cache\Admin\dcfb7ddaab59bfbce2ddc9c860debad0.php 第 5 行.
NOTIC: [8] Undefined variable: meta_title E:\phpstudy\www\tfamily\Application\Runtime\Cache\Admin\dcfb7ddaab59bfbce2ddc9c860debad0.php 第 101 行.
NOTIC: [8] Undefined variable: ref E:\phpstudy\www\tfamily\Application\Runtime\Cache\Admin\dcfb7ddaab59bfbce2ddc9c860debad0.php 第 150 行.
INFO: Run Behavior\ParseTemplateBehavior [ RunTime:0.049003s ]
INFO: [ view_parse ] --END-- [ RunTime:0.049003s ]
INFO: [ view_filter ] --START--
INFO: Run Behavior\WriteHtmlCacheBehavior [ RunTime:0.000000s ]
INFO: [ view_filter ] --END-- [ RunTime:0.000000s ]

[ 2017-02-27T17:43:05+08:00 ] 127.0.0.1 /tfamily/admin.php?m=Admin&c=auth&a=verify
INFO: [ app_init ] --START--
INFO: Run Behavior\BuildLiteBehavior [ RunTime:0.000000s ]
INFO: [ app_init ] --END-- [ RunTime:0.000000s ]
INFO: [ app_begin ] --START--
INFO: Run Behavior\ReadHtmlCacheBehavior [ RunTime:0.001000s ]
INFO: [ app_begin ] --END-- [ RunTime:0.001000s ]
INFO: [ app_end ] --START--
INFO: Run Behavior\ShowPageTraceBehavior [ RunTime:0.207012s ]
INFO: [ app_end ] --END-- [ RunTime:0.207012s ]

[ 2017-02-27T17:43:16+08:00 ] 127.0.0.1 /tfamily/admin.php?m=Admin&c=auth&a=verify&t=1488188595672
INFO: [ app_init ] --START--
INFO: Run Behavior\BuildLiteBehavior [ RunTime:0.000000s ]
INFO: [ app_init ] --END-- [ RunTime:0.000000s ]
INFO: [ app_begin ] --START--
INFO: Run Behavior\ReadHtmlCacheBehavior [ RunTime:0.015600s ]
INFO: [ app_begin ] --END-- [ RunTime:0.015600s ]
INFO: [ app_end ] --START--
INFO: Run Behavior\ShowPageTraceBehavior [ RunTime:0.000000s ]
INFO: [ app_end ] --END-- [ RunTime:0.000000s ]

[ 2017-02-27T17:43:22+08:00 ] 127.0.0.1 /tfamily/admin.php?m=Admin&c=auth&a=login
INFO: [ app_init ] --START--
INFO: Run Behavior\BuildLiteBehavior [ RunTime:0.000000s ]
INFO: [ app_init ] --END-- [ RunTime:0.000000s ]
INFO: [ app_begin ] --START--
INFO: Run Behavior\ReadHtmlCacheBehavior [ RunTime:0.000000s ]
INFO: [ app_begin ] --END-- [ RunTime:0.000000s ]
INFO: [ view_parse ] --START--
INFO: [ template_filter ] --START--
INFO: Run Behavior\ContentReplaceBehavior [ RunTime:0.000000s ]
INFO: [ template_filter ] --END-- [ RunTime:0.000000s ]
NOTIC: [8] Undefined variable: title E:\phpstudy\www\tfamily\Application\Runtime\Cache\Admin\dcfb7ddaab59bfbce2ddc9c860debad0.php 第 5 行.
NOTIC: [8] Undefined variable: meta_title E:\phpstudy\www\tfamily\Application\Runtime\Cache\Admin\dcfb7ddaab59bfbce2ddc9c860debad0.php 第 101 行.
NOTIC: [8] Undefined variable: ref E:\phpstudy\www\tfamily\Application\Runtime\Cache\Admin\dcfb7ddaab59bfbce2ddc9c860debad0.php 第 150 行.
INFO: Run Behavior\ParseTemplateBehavior [ RunTime:0.015600s ]
INFO: [ view_parse ] --END-- [ RunTime:0.015600s ]
INFO: [ view_filter ] --START--
INFO: Run Behavior\WriteHtmlCacheBehavior [ RunTime:0.000000s ]
INFO: [ view_filter ] --END-- [ RunTime:0.000000s ]

[ 2017-02-27T17:43:23+08:00 ] 127.0.0.1 /tfamily/admin.php?m=Admin&c=auth&a=verify
INFO: [ app_init ] --START--
INFO: Run Behavior\BuildLiteBehavior [ RunTime:0.000000s ]
INFO: [ app_init ] --END-- [ RunTime:0.000000s ]
INFO: [ app_begin ] --START--
INFO: Run Behavior\ReadHtmlCacheBehavior [ RunTime:0.000000s ]
INFO: [ app_begin ] --END-- [ RunTime:0.000000s ]
INFO: [ app_end ] --START--
INFO: Run Behavior\ShowPageTraceBehavior [ RunTime:0.031200s ]
INFO: [ app_end ] --END-- [ RunTime:0.031200s ]

[ 2017-02-27T17:43:26+08:00 ] 127.0.0.1 /tfamily/admin.php?m=Admin&c=auth&a=verify&t=1488188606179
INFO: [ app_init ] --START--
INFO: Run Behavior\BuildLiteBehavior [ RunTime:0.000000s ]
INFO: [ app_init ] --END-- [ RunTime:0.000000s ]
INFO: [ app_begin ] --START--
INFO: Run Behavior\ReadHtmlCacheBehavior [ RunTime:0.000000s ]
INFO: [ app_begin ] --END-- [ RunTime:0.000000s ]
INFO: [ app_end ] --START--
INFO: Run Behavior\ShowPageTraceBehavior [ RunTime:0.000000s ]
INFO: [ app_end ] --END-- [ RunTime:0.000000s ]

[ 2017-02-27T17:43:26+08:00 ] 127.0.0.1 /tfamily/admin.php?m=Admin&c=auth&a=verify&t=1488188606911
INFO: [ app_init ] --START--
INFO: Run Behavior\BuildLiteBehavior [ RunTime:0.000000s ]
INFO: [ app_init ] --END-- [ RunTime:0.000000s ]
INFO: [ app_begin ] --START--
INFO: Run Behavior\ReadHtmlCacheBehavior [ RunTime:0.000000s ]
INFO: [ app_begin ] --END-- [ RunTime:0.000000s ]
INFO: [ app_end ] --START--
INFO: Run Behavior\ShowPageTraceBehavior [ RunTime:0.000000s ]
INFO: [ app_end ] --END-- [ RunTime:0.000000s ]

[ 2017-02-27T17:43:27+08:00 ] 127.0.0.1 /tfamily/admin.php?m=Admin&c=auth&a=verify&t=1488188607839
INFO: [ app_init ] --START--
INFO: Run Behavior\BuildLiteBehavior [ RunTime:0.000000s ]
INFO: [ app_init ] --END-- [ RunTime:0.000000s ]
INFO: [ app_begin ] --START--
INFO: Run Behavior\ReadHtmlCacheBehavior [ RunTime:0.015600s ]
INFO: [ app_begin ] --END-- [ RunTime:0.015600s ]
INFO: [ app_end ] --START--
INFO: Run Behavior\ShowPageTraceBehavior [ RunTime:0.000000s ]
INFO: [ app_end ] --END-- [ RunTime:0.000000s ]

[ 2017-02-27T17:43:28+08:00 ] 127.0.0.1 /tfamily/admin.php?m=Admin&c=auth&a=verify&t=1488188608807
INFO: [ app_init ] --START--
INFO: Run Behavior\BuildLiteBehavior [ RunTime:0.000000s ]
INFO: [ app_init ] --END-- [ RunTime:0.000000s ]
INFO: [ app_begin ] --START--
INFO: Run Behavior\ReadHtmlCacheBehavior [ RunTime:0.000000s ]
INFO: [ app_begin ] --END-- [ RunTime:0.000000s ]
INFO: [ app_end ] --START--
INFO: Run Behavior\ShowPageTraceBehavior [ RunTime:0.000000s ]
INFO: [ app_end ] --END-- [ RunTime:0.000000s ]

[ 2017-02-27T17:43:29+08:00 ] 127.0.0.1 /tfamily/admin.php?m=Admin&c=auth&a=verify&t=1488188609743
INFO: [ app_init ] --START--
INFO: Run Behavior\BuildLiteBehavior [ RunTime:0.000000s ]
INFO: [ app_init ] --END-- [ RunTime:0.000000s ]
INFO: [ app_begin ] --START--
INFO: Run Behavior\ReadHtmlCacheBehavior [ RunTime:0.000000s ]
INFO: [ app_begin ] --END-- [ RunTime:0.015600s ]
INFO: [ app_end ] --START--
INFO: Run Behavior\ShowPageTraceBehavior [ RunTime:0.000000s ]
INFO: [ app_end ] --END-- [ RunTime:0.000000s ]

[ 2017-02-27T17:43:31+08:00 ] 127.0.0.1 /tfamily/admin.php?m=Admin&c=auth&a=verify&t=1488188611071
INFO: [ app_init ] --START--
INFO: Run Behavior\BuildLiteBehavior [ RunTime:0.000000s ]
INFO: [ app_init ] --END-- [ RunTime:0.000000s ]
INFO: [ app_begin ] --START--
INFO: Run Behavior\ReadHtmlCacheBehavior [ RunTime:0.000000s ]
INFO: [ app_begin ] --END-- [ RunTime:0.000000s ]
INFO: [ app_end ] --START--
INFO: Run Behavior\ShowPageTraceBehavior [ RunTime:0.000000s ]
INFO: [ app_end ] --END-- [ RunTime:0.000000s ]

[ 2017-02-27T17:43:32+08:00 ] 127.0.0.1 /tfamily/admin.php?m=Admin&c=auth&a=verify&t=1488188612175
INFO: [ app_init ] --START--
INFO: Run Behavior\BuildLiteBehavior [ RunTime:0.000000s ]
INFO: [ app_init ] --END-- [ RunTime:0.000000s ]
INFO: [ app_begin ] --START--
INFO: Run Behavior\ReadHtmlCacheBehavior [ RunTime:0.000000s ]
INFO: [ app_begin ] --END-- [ RunTime:0.000000s ]
INFO: [ app_end ] --START--
INFO: Run Behavior\ShowPageTraceBehavior [ RunTime:0.000000s ]
INFO: [ app_end ] --END-- [ RunTime:0.000000s ]

[ 2017-02-27T17:43:33+08:00 ] 127.0.0.1 /tfamily/admin.php?m=Admin&c=auth&a=verify&t=1488188613040
INFO: [ app_init ] --START--
INFO: Run Behavior\BuildLiteBehavior [ RunTime:0.000000s ]
INFO: [ app_init ] --END-- [ RunTime:0.000000s ]
INFO: [ app_begin ] --START--
INFO: Run Behavior\ReadHtmlCacheBehavior [ RunTime:0.000000s ]
INFO: [ app_begin ] --END-- [ RunTime:0.000000s ]
INFO: [ app_end ] --START--
INFO: Run Behavior\ShowPageTraceBehavior [ RunTime:0.015600s ]
INFO: [ app_end ] --END-- [ RunTime:0.015600s ]

[ 2017-02-27T17:43:34+08:00 ] 127.0.0.1 /tfamily/admin.php?m=Admin&c=auth&a=verify&t=1488188613951
INFO: [ app_init ] --START--
INFO: Run Behavior\BuildLiteBehavior [ RunTime:0.000000s ]
INFO: [ app_init ] --END-- [ RunTime:0.000000s ]
INFO: [ app_begin ] --START--
INFO: Run Behavior\ReadHtmlCacheBehavior [ RunTime:0.000000s ]
INFO: [ app_begin ] --END-- [ RunTime:0.000000s ]
INFO: [ app_end ] --START--
INFO: Run Behavior\ShowPageTraceBehavior [ RunTime:0.000000s ]
INFO: [ app_end ] --END-- [ RunTime:0.000000s ]

[ 2017-02-27T17:43:34+08:00 ] 127.0.0.1 /tfamily/admin.php?m=Admin&c=auth&a=verify&t=1488188614935
INFO: [ app_init ] --START--
INFO: Run Behavior\BuildLiteBehavior [ RunTime:0.000000s ]
INFO: [ app_init ] --END-- [ RunTime:0.000000s ]
INFO: [ app_begin ] --START--
INFO: Run Behavior\ReadHtmlCacheBehavior [ RunTime:0.000000s ]
INFO: [ app_begin ] --END-- [ RunTime:0.000000s ]
INFO: [ app_end ] --START--
INFO: Run Behavior\ShowPageTraceBehavior [ RunTime:0.000000s ]
INFO: [ app_end ] --END-- [ RunTime:0.000000s ]

[ 2017-02-27T17:43:35+08:00 ] 127.0.0.1 /tfamily/admin.php?m=Admin&c=auth&a=verify&t=1488188615791
INFO: [ app_init ] --START--
INFO: Run Behavior\BuildLiteBehavior [ RunTime:0.000000s ]
INFO: [ app_init ] --END-- [ RunTime:0.000000s ]
INFO: [ app_begin ] --START--
INFO: Run Behavior\ReadHtmlCacheBehavior [ RunTime:0.000000s ]
INFO: [ app_begin ] --END-- [ RunTime:0.000000s ]
INFO: [ app_end ] --START--
INFO: Run Behavior\ShowPageTraceBehavior [ RunTime:0.000000s ]
INFO: [ app_end ] --END-- [ RunTime:0.000000s ]

[ 2017-02-27T17:43:46+08:00 ] 127.0.0.1 /tfamily/admin.php?m=Admin&c=auth&a=login
INFO: [ app_init ] --START--
INFO: Run Behavior\BuildLiteBehavior [ RunTime:0.000000s ]
INFO: [ app_init ] --END-- [ RunTime:0.000000s ]
INFO: [ app_begin ] --START--
INFO: Run Behavior\ReadHtmlCacheBehavior [ RunTime:0.000000s ]
INFO: [ app_begin ] --END-- [ RunTime:0.000000s ]
ERR: SQLSTATE[HY000] [1049] Unknown database 'tfamily'

[ 2017-02-27T18:28:02+08:00 ] 127.0.0.1 /tfamily/admin.php
INFO: [ app_init ] --START--
INFO: Run Behavior\BuildLiteBehavior [ RunTime:0.000000s ]
INFO: [ app_init ] --END-- [ RunTime:0.001000s ]
INFO: [ app_begin ] --START--
INFO: Run Behavior\ReadHtmlCacheBehavior [ RunTime:0.001000s ]
INFO: [ app_begin ] --END-- [ RunTime:0.001000s ]
NOTIC: [8] Undefined index: HTTP_REFERER E:\phpstudy\www\tfamily\Application\Admin\Controller\BaseController.class.php 第 24 行.
SQL: SHOW COLUMNS FROM `tf_admin_role` [ RunTime:0.0070s ]
SQL: SELECT `rights` FROM `tf_admin_role` WHERE `id` = 2 LIMIT 1   [ RunTime:0.0010s ]
NOTIC: [8] Undefined index: actions E:\phpstudy\www\tfamily\Application\Admin\Controller\BaseController.class.php 第 293 行.
NOTIC: [8] Undefined index: actions E:\phpstudy\www\tfamily\Application\Admin\Controller\BaseController.class.php 第 293 行.
NOTIC: [8] Undefined index: actions E:\phpstudy\www\tfamily\Application\Admin\Controller\BaseController.class.php 第 293 行.
NOTIC: [8] Undefined index: children E:\phpstudy\www\tfamily\Application\Admin\Controller\BaseController.class.php 第 195 行.
NOTIC: [8] Undefined index: children E:\phpstudy\www\tfamily\Application\Admin\Controller\BaseController.class.php 第 218 行.
NOTIC: [8] Undefined index: children E:\phpstudy\www\tfamily\Application\Admin\Controller\BaseController.class.php 第 178 行.
NOTIC: [8] Undefined index: actions E:\phpstudy\www\tfamily\Application\Admin\Controller\BaseController.class.php 第 293 行.
NOTIC: [8] Undefined index: actions E:\phpstudy\www\tfamily\Application\Admin\Controller\BaseController.class.php 第 293 行.
NOTIC: [8] Undefined index: children E:\phpstudy\www\tfamily\Application\Admin\Controller\BaseController.class.php 第 195 行.
NOTIC: [8] Undefined index: children E:\phpstudy\www\tfamily\Application\Admin\Controller\BaseController.class.php 第 218 行.
NOTIC: [8] Undefined index: children E:\phpstudy\www\tfamily\Application\Admin\Controller\BaseController.class.php 第 178 行.
NOTIC: [8] Undefined index: actions E:\phpstudy\www\tfamily\Application\Admin\Controller\BaseController.class.php 第 293 行.
NOTIC: [8] Undefined index: children E:\phpstudy\www\tfamily\Application\Admin\Controller\BaseController.class.php 第 195 行.
NOTIC: [8] Undefined index: children E:\phpstudy\www\tfamily\Application\Admin\Controller\BaseController.class.php 第 218 行.
NOTIC: [8] Undefined index: children E:\phpstudy\www\tfamily\Application\Admin\Controller\BaseController.class.php 第 178 行.
NOTIC: [8] Undefined index: actions E:\phpstudy\www\tfamily\Application\Admin\Controller\BaseController.class.php 第 293 行.
NOTIC: [8] Undefined index: children E:\phpstudy\www\tfamily\Application\Admin\Controller\BaseController.class.php 第 195 行.
NOTIC: [8] Undefined index: children E:\phpstudy\www\tfamily\Application\Admin\Controller\BaseController.class.php 第 218 行.
NOTIC: [8] Undefined index: children E:\phpstudy\www\tfamily\Application\Admin\Controller\BaseController.class.php 第 178 行.
NOTIC: [8] Undefined index: actions E:\phpstudy\www\tfamily\Application\Admin\Controller\BaseController.class.php 第 293 行.
NOTIC: [8] Undefined index: actions E:\phpstudy\www\tfamily\Application\Admin\Controller\BaseController.class.php 第 293 行.
NOTIC: [8] Undefined index: children E:\phpstudy\www\tfamily\Application\Admin\Controller\BaseController.class.php 第 195 行.
NOTIC: [8] Undefined index: children E:\phpstudy\www\tfamily\Application\Admin\Controller\BaseController.class.php 第 218 行.
NOTIC: [8] Undefined index: children E:\phpstudy\www\tfamily\Application\Admin\Controller\BaseController.class.php 第 178 行.
NOTIC: [8] Undefined index: actions E:\phpstudy\www\tfamily\Application\Admin\Controller\BaseController.class.php 第 293 行.
NOTIC: [8] Undefined index: children E:\phpstudy\www\tfamily\Application\Admin\Controller\BaseController.class.php 第 195 行.
NOTIC: [8] Undefined index: children E:\phpstudy\www\tfamily\Application\Admin\Controller\BaseController.class.php 第 218 行.
NOTIC: [8] Undefined index: children E:\phpstudy\www\tfamily\Application\Admin\Controller\BaseController.class.php 第 178 行.
NOTIC: [8] Undefined index: actions E:\phpstudy\www\tfamily\Application\Admin\Controller\BaseController.class.php 第 293 行.
NOTIC: [8] Undefined index: children E:\phpstudy\www\tfamily\Application\Admin\Controller\BaseController.class.php 第 195 行.
NOTIC: [8] Undefined index: children E:\phpstudy\www\tfamily\Application\Admin\Controller\BaseController.class.php 第 218 行.
NOTIC: [8] Undefined index: children E:\phpstudy\www\tfamily\Application\Admin\Controller\BaseController.class.php 第 178 行.
NOTIC: [8] Undefined index: actions E:\phpstudy\www\tfamily\Application\Admin\Controller\BaseController.class.php 第 293 行.
NOTIC: [8] Undefined index: actions E:\phpstudy\www\tfamily\Application\Admin\Controller\BaseController.class.php 第 293 行.
SQL: SHOW COLUMNS FROM `tf_user` [ RunTime:0.0060s ]
SQL: SELECT COUNT(*) AS tp_count FROM `tf_user` WHERE ( user_type = 'province_agent' or user_type = 'district_agent' or user_type = 'city_agent' ) LIMIT 1   [ RunTime:0.0000s ]
SQL: SELECT COUNT(*) AS tp_count FROM `tf_user` WHERE ( user_type = 'member' ) LIMIT 1   [ RunTime:0.0010s ]
SQL: SELECT COUNT(*) AS tp_count FROM `tf_user` WHERE ( user_type = 'fan' ) LIMIT 1   [ RunTime:0.0000s ]
SQL: SHOW COLUMNS FROM `tf_house` [ RunTime:0.0070s ]
SQL: SELECT COUNT(*) AS tp_count FROM `tf_house` LIMIT 1   [ RunTime:0.0020s ]
SQL: SHOW COLUMNS FROM `tf_car` [ RunTime:0.0140s ]
SQL: SELECT COUNT(*) AS tp_count FROM `tf_car` LIMIT 1   [ RunTime:0.0010s ]
SQL: SHOW COLUMNS FROM `tf_orders` [ RunTime:0.0090s ]
SQL: SELECT COUNT(*) AS tp_count FROM `tf_orders` LIMIT 1   [ RunTime:0.0010s ]
SQL: SHOW COLUMNS FROM `tf_news` [ RunTime:0.0080s ]
SQL: SELECT COUNT(*) AS tp_count FROM `tf_news` LIMIT 1   [ RunTime:0.0010s ]
SQL: SHOW COLUMNS FROM `tf_adspace` [ RunTime:0.0060s ]
SQL: SELECT COUNT(*) AS tp_count FROM `tf_adspace` LIMIT 1   [ RunTime:0.0000s ]
SQL: SHOW COLUMNS FROM `tf_money_details` [ RunTime:0.0060s ]
SQL: SELECT COUNT(*) AS tp_count FROM `tf_money_details` LIMIT 1   [ RunTime:0.0010s ]
INFO: [ view_parse ] --START--
INFO: [ template_filter ] --START--
INFO: Run Behavior\ContentReplaceBehavior [ RunTime:0.000000s ]
INFO: [ template_filter ] --END-- [ RunTime:0.000000s ]
NOTIC: [8] Undefined variable: page_title E:\phpstudy\www\tfamily\Application\Runtime\Cache\Admin\b595b808c2ebeeeb0478ffc30bb4e87a.php 第 5 行.
NOTIC: [8] Undefined variable: uname E:\phpstudy\www\tfamily\Application\Runtime\Cache\Admin\b595b808c2ebeeeb0478ffc30bb4e87a.php 第 58 行.
NOTIC: [8] Undefined variable: page_title E:\phpstudy\www\tfamily\Application\Runtime\Cache\Admin\b595b808c2ebeeeb0478ffc30bb4e87a.php 第 111 行.
NOTIC: [8] Undefined variable: page_title E:\phpstudy\www\tfamily\Application\Runtime\Cache\Admin\b595b808c2ebeeeb0478ffc30bb4e87a.php 第 114 行.
INFO: Run Behavior\ParseTemplateBehavior [ RunTime:0.015001s ]
INFO: [ view_parse ] --END-- [ RunTime:0.015001s ]
INFO: [ view_filter ] --START--
INFO: Run Behavior\WriteHtmlCacheBehavior [ RunTime:0.001000s ]
INFO: [ view_filter ] --END-- [ RunTime:0.001000s ]
INFO: [ app_end ] --START--
INFO: Run Behavior\ShowPageTraceBehavior [ RunTime:0.002000s ]
INFO: [ app_end ] --END-- [ RunTime:0.002000s ]

[ 2017-02-27T18:28:04+08:00 ] 127.0.0.1 /tfamily/admin.php?m=admin&c=order&a=orders
INFO: [ app_init ] --START--
INFO: Run Behavior\BuildLiteBehavior [ RunTime:0.000000s ]
INFO: [ app_init ] --END-- [ RunTime:0.001000s ]
INFO: [ app_begin ] --START--
INFO: Run Behavior\ReadHtmlCacheBehavior [ RunTime:0.001000s ]
INFO: [ app_begin ] --END-- [ RunTime:0.001000s ]
SQL: SHOW COLUMNS FROM `tf_admin_role` [ RunTime:0.0060s ]
SQL: SELECT `rights` FROM `tf_admin_role` WHERE `id` = 2 LIMIT 1   [ RunTime:0.0000s ]
NOTIC: [8] Undefined index: actions E:\phpstudy\www\tfamily\Application\Admin\Controller\BaseController.class.php 第 293 行.
NOTIC: [8] Undefined index: actions E:\phpstudy\www\tfamily\Application\Admin\Controller\BaseController.class.php 第 293 行.
NOTIC: [8] Undefined index: actions E:\phpstudy\www\tfamily\Application\Admin\Controller\BaseController.class.php 第 293 行.
NOTIC: [8] Undefined index: children E:\phpstudy\www\tfamily\Application\Admin\Controller\BaseController.class.php 第 195 行.
NOTIC: [8] Undefined index: children E:\phpstudy\www\tfamily\Application\Admin\Controller\BaseController.class.php 第 218 行.
NOTIC: [8] Undefined index: children E:\phpstudy\www\tfamily\Application\Admin\Controller\BaseController.class.php 第 178 行.
NOTIC: [8] Undefined index: actions E:\phpstudy\www\tfamily\Application\Admin\Controller\BaseController.class.php 第 293 行.
NOTIC: [8] Undefined index: actions E:\phpstudy\www\tfamily\Application\Admin\Controller\BaseController.class.php 第 293 行.
NOTIC: [8] Undefined index: children E:\phpstudy\www\tfamily\Application\Admin\Controller\BaseController.class.php 第 195 行.
NOTIC: [8] Undefined index: children E:\phpstudy\www\tfamily\Application\Admin\Controller\BaseController.class.php 第 218 行.
NOTIC: [8] Undefined index: children E:\phpstudy\www\tfamily\Application\Admin\Controller\BaseController.class.php 第 178 行.
NOTIC: [8] Undefined index: actions E:\phpstudy\www\tfamily\Application\Admin\Controller\BaseController.class.php 第 293 行.
NOTIC: [8] Undefined index: children E:\phpstudy\www\tfamily\Application\Admin\Controller\BaseController.class.php 第 195 行.
NOTIC: [8] Undefined index: children E:\phpstudy\www\tfamily\Application\Admin\Controller\BaseController.class.php 第 218 行.
NOTIC: [8] Undefined index: children E:\phpstudy\www\tfamily\Application\Admin\Controller\BaseController.class.php 第 178 行.
NOTIC: [8] Undefined index: actions E:\phpstudy\www\tfamily\Application\Admin\Controller\BaseController.class.php 第 293 行.
NOTIC: [8] Undefined index: children E:\phpstudy\www\tfamily\Application\Admin\Controller\BaseController.class.php 第 195 行.
NOTIC: [8] Undefined index: children E:\phpstudy\www\tfamily\Application\Admin\Controller\BaseController.class.php 第 218 行.
NOTIC: [8] Undefined index: children E:\phpstudy\www\tfamily\Application\Admin\Controller\BaseController.class.php 第 178 行.
NOTIC: [8] Undefined index: actions E:\phpstudy\www\tfamily\Application\Admin\Controller\BaseController.class.php 第 293 行.
NOTIC: [8] Undefined index: actions E:\phpstudy\www\tfamily\Application\Admin\Controller\BaseController.class.php 第 293 行.
NOTIC: [8] Undefined index: children E:\phpstudy\www\tfamily\Application\Admin\Controller\BaseController.class.php 第 195 行.
NOTIC: [8] Undefined index: children E:\phpstudy\www\tfamily\Application\Admin\Controller\BaseController.class.php 第 218 行.
NOTIC: [8] Undefined index: children E:\phpstudy\www\tfamily\Application\Admin\Controller\BaseController.class.php 第 178 行.
NOTIC: [8] Undefined index: actions E:\phpstudy\www\tfamily\Application\Admin\Controller\BaseController.class.php 第 293 行.
NOTIC: [8] Undefined index: children E:\phpstudy\www\tfamily\Application\Admin\Controller\BaseController.class.php 第 195 行.
NOTIC: [8] Undefined index: children E:\phpstudy\www\tfamily\Application\Admin\Controller\BaseController.class.php 第 218 行.
NOTIC: [8] Undefined index: children E:\phpstudy\www\tfamily\Application\Admin\Controller\BaseController.class.php 第 178 行.
NOTIC: [8] Undefined index: actions E:\phpstudy\www\tfamily\Application\Admin\Controller\BaseController.class.php 第 293 行.
NOTIC: [8] Undefined index: children E:\phpstudy\www\tfamily\Application\Admin\Controller\BaseController.class.php 第 195 行.
NOTIC: [8] Undefined index: children E:\phpstudy\www\tfamily\Application\Admin\Controller\BaseController.class.php 第 218 行.
NOTIC: [8] Undefined index: children E:\phpstudy\www\tfamily\Application\Admin\Controller\BaseController.class.php 第 178 行.
NOTIC: [8] Undefined index: actions E:\phpstudy\www\tfamily\Application\Admin\Controller\BaseController.class.php 第 293 行.
NOTIC: [8] Undefined index: actions E:\phpstudy\www\tfamily\Application\Admin\Controller\BaseController.class.php 第 293 行.
SQL: SHOW COLUMNS FROM `tf_orders` [ RunTime:0.0060s ]
SQL: SELECT COUNT(*) AS tp_count FROM `tf_orders` LIMIT 1   [ RunTime:0.0000s ]
SQL: SELECT * FROM `tf_orders` ORDER BY add_time DESC LIMIT 0,2   [ RunTime:0.0000s ]
INFO: [ view_parse ] --START--
INFO: [ template_filter ] --START--
INFO: Run Behavior\ContentReplaceBehavior [ RunTime:0.000000s ]
INFO: [ template_filter ] --END-- [ RunTime:0.000000s ]
NOTIC: [8] Undefined variable: uname E:\phpstudy\www\tfamily\Application\Runtime\Cache\Admin\834c9ffac70d37d96827484f10e2eb52.php 第 58 行.
NOTIC: [8] Undefined variable: find E:\phpstudy\www\tfamily\Application\Runtime\Cache\Admin\834c9ffac70d37d96827484f10e2eb52.php 第 145 行.
INFO: Run Behavior\ParseTemplateBehavior [ RunTime:0.016000s ]
INFO: [ view_parse ] --END-- [ RunTime:0.016000s ]
INFO: [ view_filter ] --START--
INFO: Run Behavior\WriteHtmlCacheBehavior [ RunTime:0.001001s ]
INFO: [ view_filter ] --END-- [ RunTime:0.001001s ]
INFO: [ app_end ] --START--
INFO: Run Behavior\ShowPageTraceBehavior [ RunTime:0.005000s ]
INFO: [ app_end ] --END-- [ RunTime:0.005000s ]

[ 2017-02-27T18:28:05+08:00 ] 127.0.0.1 /tfamily/admin.php?m=admin&c=house&a=getCity
INFO: [ app_init ] --START--
INFO: Run Behavior\BuildLiteBehavior [ RunTime:0.000000s ]
INFO: [ app_init ] --END-- [ RunTime:0.000000s ]
INFO: [ app_begin ] --START--
INFO: Run Behavior\ReadHtmlCacheBehavior [ RunTime:0.001000s ]
INFO: [ app_begin ] --END-- [ RunTime:0.001000s ]
SQL: SHOW COLUMNS FROM `tf_admin_role` [ RunTime:0.0080s ]
SQL: SELECT `rights` FROM `tf_admin_role` WHERE `id` = 2 LIMIT 1   [ RunTime:0.0010s ]
NOTIC: [8] Undefined index: actions E:\phpstudy\www\tfamily\Application\Admin\Controller\BaseController.class.php 第 293 行.
NOTIC: [8] Undefined index: actions E:\phpstudy\www\tfamily\Application\Admin\Controller\BaseController.class.php 第 293 行.
NOTIC: [8] Undefined index: actions E:\phpstudy\www\tfamily\Application\Admin\Controller\BaseController.class.php 第 293 行.
NOTIC: [8] Undefined index: children E:\phpstudy\www\tfamily\Application\Admin\Controller\BaseController.class.php 第 195 行.
NOTIC: [8] Undefined index: children E:\phpstudy\www\tfamily\Application\Admin\Controller\BaseController.class.php 第 218 行.
NOTIC: [8] Undefined index: children E:\phpstudy\www\tfamily\Application\Admin\Controller\BaseController.class.php 第 178 行.
NOTIC: [8] Undefined index: actions E:\phpstudy\www\tfamily\Application\Admin\Controller\BaseController.class.php 第 293 行.
NOTIC: [8] Undefined index: actions E:\phpstudy\www\tfamily\Application\Admin\Controller\BaseController.class.php 第 293 行.
NOTIC: [8] Undefined index: children E:\phpstudy\www\tfamily\Application\Admin\Controller\BaseController.class.php 第 195 行.
NOTIC: [8] Undefined index: children E:\phpstudy\www\tfamily\Application\Admin\Controller\BaseController.class.php 第 218 行.
NOTIC: [8] Undefined index: children E:\phpstudy\www\tfamily\Application\Admin\Controller\BaseController.class.php 第 178 行.
NOTIC: [8] Undefined index: actions E:\phpstudy\www\tfamily\Application\Admin\Controller\BaseController.class.php 第 293 行.
NOTIC: [8] Undefined index: children E:\phpstudy\www\tfamily\Application\Admin\Controller\BaseController.class.php 第 195 行.
NOTIC: [8] Undefined index: children E:\phpstudy\www\tfamily\Application\Admin\Controller\BaseController.class.php 第 218 行.
NOTIC: [8] Undefined index: children E:\phpstudy\www\tfamily\Application\Admin\Controller\BaseController.class.php 第 178 行.
NOTIC: [8] Undefined index: actions E:\phpstudy\www\tfamily\Application\Admin\Controller\BaseController.class.php 第 293 行.
NOTIC: [8] Undefined index: children E:\phpstudy\www\tfamily\Application\Admin\Controller\BaseController.class.php 第 195 行.
NOTIC: [8] Undefined index: children E:\phpstudy\www\tfamily\Application\Admin\Controller\BaseController.class.php 第 218 行.
NOTIC: [8] Undefined index: children E:\phpstudy\www\tfamily\Application\Admin\Controller\BaseController.class.php 第 178 行.
NOTIC: [8] Undefined index: actions E:\phpstudy\www\tfamily\Application\Admin\Controller\BaseController.class.php 第 293 行.
NOTIC: [8] Undefined index: actions E:\phpstudy\www\tfamily\Application\Admin\Controller\BaseController.class.php 第 293 行.
NOTIC: [8] Undefined index: children E:\phpstudy\www\tfamily\Application\Admin\Controller\BaseController.class.php 第 195 行.
NOTIC: [8] Undefined index: children E:\phpstudy\www\tfamily\Application\Admin\Controller\BaseController.class.php 第 218 行.
NOTIC: [8] Undefined index: children E:\phpstudy\www\tfamily\Application\Admin\Controller\BaseController.class.php 第 178 行.
NOTIC: [8] Undefined index: actions E:\phpstudy\www\tfamily\Application\Admin\Controller\BaseController.class.php 第 293 行.
NOTIC: [8] Undefined index: children E:\phpstudy\www\tfamily\Application\Admin\Controller\BaseController.class.php 第 195 行.
NOTIC: [8] Undefined index: children E:\phpstudy\www\tfamily\Application\Admin\Controller\BaseController.class.php 第 218 行.
NOTIC: [8] Undefined index: children E:\phpstudy\www\tfamily\Application\Admin\Controller\BaseController.class.php 第 178 行.
NOTIC: [8] Undefined index: actions E:\phpstudy\www\tfamily\Application\Admin\Controller\BaseController.class.php 第 293 行.
NOTIC: [8] Undefined index: children E:\phpstudy\www\tfamily\Application\Admin\Controller\BaseController.class.php 第 195 行.
NOTIC: [8] Undefined index: children E:\phpstudy\www\tfamily\Application\Admin\Controller\BaseController.class.php 第 218 行.
NOTIC: [8] Undefined index: children E:\phpstudy\www\tfamily\Application\Admin\Controller\BaseController.class.php 第 178 行.
NOTIC: [8] Undefined index: actions E:\phpstudy\www\tfamily\Application\Admin\Controller\BaseController.class.php 第 293 行.
NOTIC: [8] Undefined index: actions E:\phpstudy\www\tfamily\Application\Admin\Controller\BaseController.class.php 第 293 行.
SQL: SHOW COLUMNS FROM `tf_region` [ RunTime:0.0100s ]
SQL: SELECT * FROM `tf_region`  [ RunTime:0.0160s ]

[ 2017-02-27T18:46:50+08:00 ] 127.0.0.1 /tfamily/admin.php?m=admin&c=category&a=index
INFO: [ app_init ] --START--
INFO: Run Behavior\BuildLiteBehavior [ RunTime:0.000000s ]
INFO: [ app_init ] --END-- [ RunTime:0.000000s ]
INFO: [ app_begin ] --START--
INFO: Run Behavior\ReadHtmlCacheBehavior [ RunTime:0.001000s ]
INFO: [ app_begin ] --END-- [ RunTime:0.001000s ]
SQL: SHOW COLUMNS FROM `tf_admin_role` [ RunTime:0.0070s ]
SQL: SELECT `rights` FROM `tf_admin_role` WHERE `id` = 2 LIMIT 1   [ RunTime:0.0010s ]
NOTIC: [8] Undefined index: actions E:\phpstudy\www\tfamily\Application\Admin\Controller\BaseController.class.php 第 293 行.
NOTIC: [8] Undefined index: actions E:\phpstudy\www\tfamily\Application\Admin\Controller\BaseController.class.php 第 293 行.
NOTIC: [8] Undefined index: actions E:\phpstudy\www\tfamily\Application\Admin\Controller\BaseController.class.php 第 293 行.
NOTIC: [8] Undefined index: children E:\phpstudy\www\tfamily\Application\Admin\Controller\BaseController.class.php 第 195 行.
NOTIC: [8] Undefined index: children E:\phpstudy\www\tfamily\Application\Admin\Controller\BaseController.class.php 第 218 行.
NOTIC: [8] Undefined index: children E:\phpstudy\www\tfamily\Application\Admin\Controller\BaseController.class.php 第 178 行.
NOTIC: [8] Undefined index: actions E:\phpstudy\www\tfamily\Application\Admin\Controller\BaseController.class.php 第 293 行.
NOTIC: [8] Undefined index: actions E:\phpstudy\www\tfamily\Application\Admin\Controller\BaseController.class.php 第 293 行.
NOTIC: [8] Undefined index: children E:\phpstudy\www\tfamily\Application\Admin\Controller\BaseController.class.php 第 195 行.
NOTIC: [8] Undefined index: children E:\phpstudy\www\tfamily\Application\Admin\Controller\BaseController.class.php 第 218 行.
NOTIC: [8] Undefined index: children E:\phpstudy\www\tfamily\Application\Admin\Controller\BaseController.class.php 第 178 行.
NOTIC: [8] Undefined index: actions E:\phpstudy\www\tfamily\Application\Admin\Controller\BaseController.class.php 第 293 行.
NOTIC: [8] Undefined index: children E:\phpstudy\www\tfamily\Application\Admin\Controller\BaseController.class.php 第 195 行.
NOTIC: [8] Undefined index: children E:\phpstudy\www\tfamily\Application\Admin\Controller\BaseController.class.php 第 218 行.
NOTIC: [8] Undefined index: children E:\phpstudy\www\tfamily\Application\Admin\Controller\BaseController.class.php 第 178 行.
NOTIC: [8] Undefined index: actions E:\phpstudy\www\tfamily\Application\Admin\Controller\BaseController.class.php 第 293 行.
NOTIC: [8] Undefined index: children E:\phpstudy\www\tfamily\Application\Admin\Controller\BaseController.class.php 第 195 行.
NOTIC: [8] Undefined index: children E:\phpstudy\www\tfamily\Application\Admin\Controller\BaseController.class.php 第 218 行.
NOTIC: [8] Undefined index: children E:\phpstudy\www\tfamily\Application\Admin\Controller\BaseController.class.php 第 178 行.
NOTIC: [8] Undefined index: actions E:\phpstudy\www\tfamily\Application\Admin\Controller\BaseController.class.php 第 293 行.
NOTIC: [8] Undefined index: actions E:\phpstudy\www\tfamily\Application\Admin\Controller\BaseController.class.php 第 293 行.
NOTIC: [8] Undefined index: children E:\phpstudy\www\tfamily\Application\Admin\Controller\BaseController.class.php 第 195 行.
NOTIC: [8] Undefined index: children E:\phpstudy\www\tfamily\Application\Admin\Controller\BaseController.class.php 第 218 行.
NOTIC: [8] Undefined index: children E:\phpstudy\www\tfamily\Application\Admin\Controller\BaseController.class.php 第 178 行.
NOTIC: [8] Undefined index: actions E:\phpstudy\www\tfamily\Application\Admin\Controller\BaseController.class.php 第 293 行.
NOTIC: [8] Undefined index: children E:\phpstudy\www\tfamily\Application\Admin\Controller\BaseController.class.php 第 195 行.
NOTIC: [8] Undefined index: children E:\phpstudy\www\tfamily\Application\Admin\Controller\BaseController.class.php 第 218 行.
NOTIC: [8] Undefined index: children E:\phpstudy\www\tfamily\Application\Admin\Controller\BaseController.class.php 第 178 行.
NOTIC: [8] Undefined index: actions E:\phpstudy\www\tfamily\Application\Admin\Controller\BaseController.class.php 第 293 行.
NOTIC: [8] Undefined index: children E:\phpstudy\www\tfamily\Application\Admin\Controller\BaseController.class.php 第 195 行.
NOTIC: [8] Undefined index: children E:\phpstudy\www\tfamily\Application\Admin\Controller\BaseController.class.php 第 218 行.
NOTIC: [8] Undefined index: children E:\phpstudy\www\tfamily\Application\Admin\Controller\BaseController.class.php 第 178 行.
NOTIC: [8] Undefined index: actions E:\phpstudy\www\tfamily\Application\Admin\Controller\BaseController.class.php 第 293 行.
NOTIC: [8] Undefined index: actions E:\phpstudy\www\tfamily\Application\Admin\Controller\BaseController.class.php 第 293 行.
SQL: SHOW COLUMNS FROM `tf_category` [ RunTime:0.0070s ]
SQL: select * from tf_category order by order_by asc [ RunTime:0.0020s ]
INFO: [ view_parse ] --START--
INFO: [ template_filter ] --START--
INFO: Run Behavior\ContentReplaceBehavior [ RunTime:0.000000s ]
INFO: [ template_filter ] --END-- [ RunTime:0.000000s ]
NOTIC: [8] Undefined variable: uname E:\phpstudy\www\tfamily\Application\Runtime\Cache\Admin\9bfef0f9f473c596f668b6c9a32bfd5c.php 第 58 行.
NOTIC: [8] Undefined variable: page_html E:\phpstudy\www\tfamily\Application\Runtime\Cache\Admin\9bfef0f9f473c596f668b6c9a32bfd5c.php 第 183 行.
INFO: Run Behavior\ParseTemplateBehavior [ RunTime:0.017001s ]
INFO: [ view_parse ] --END-- [ RunTime:0.017001s ]
INFO: [ view_filter ] --START--
INFO: Run Behavior\WriteHtmlCacheBehavior [ RunTime:0.001000s ]
INFO: [ view_filter ] --END-- [ RunTime:0.001000s ]
INFO: [ app_end ] --START--
INFO: Run Behavior\ShowPageTraceBehavior [ RunTime:0.001000s ]
INFO: [ app_end ] --END-- [ RunTime:0.001000s ]

[ 2017-02-27T18:46:55+08:00 ] 127.0.0.1 /tfamily/admin.php?m=admin&c=index&a=index
INFO: [ app_init ] --START--
INFO: Run Behavior\BuildLiteBehavior [ RunTime:0.000000s ]
INFO: [ app_init ] --END-- [ RunTime:0.001000s ]
INFO: [ app_begin ] --START--
INFO: Run Behavior\ReadHtmlCacheBehavior [ RunTime:0.001000s ]
INFO: [ app_begin ] --END-- [ RunTime:0.001000s ]
SQL: SHOW COLUMNS FROM `tf_admin_role` [ RunTime:0.0060s ]
SQL: SELECT `rights` FROM `tf_admin_role` WHERE `id` = 2 LIMIT 1   [ RunTime:0.0010s ]
NOTIC: [8] Undefined index: actions E:\phpstudy\www\tfamily\Application\Admin\Controller\BaseController.class.php 第 293 行.
NOTIC: [8] Undefined index: actions E:\phpstudy\www\tfamily\Application\Admin\Controller\BaseController.class.php 第 293 行.
NOTIC: [8] Undefined index: actions E:\phpstudy\www\tfamily\Application\Admin\Controller\BaseController.class.php 第 293 行.
NOTIC: [8] Undefined index: children E:\phpstudy\www\tfamily\Application\Admin\Controller\BaseController.class.php 第 195 行.
NOTIC: [8] Undefined index: children E:\phpstudy\www\tfamily\Application\Admin\Controller\BaseController.class.php 第 218 行.
NOTIC: [8] Undefined index: children E:\phpstudy\www\tfamily\Application\Admin\Controller\BaseController.class.php 第 178 行.
NOTIC: [8] Undefined index: actions E:\phpstudy\www\tfamily\Application\Admin\Controller\BaseController.class.php 第 293 行.
NOTIC: [8] Undefined index: actions E:\phpstudy\www\tfamily\Application\Admin\Controller\BaseController.class.php 第 293 行.
NOTIC: [8] Undefined index: children E:\phpstudy\www\tfamily\Application\Admin\Controller\BaseController.class.php 第 195 行.
NOTIC: [8] Undefined index: children E:\phpstudy\www\tfamily\Application\Admin\Controller\BaseController.class.php 第 218 行.
NOTIC: [8] Undefined index: children E:\phpstudy\www\tfamily\Application\Admin\Controller\BaseController.class.php 第 178 行.
NOTIC: [8] Undefined index: actions E:\phpstudy\www\tfamily\Application\Admin\Controller\BaseController.class.php 第 293 行.
NOTIC: [8] Undefined index: children E:\phpstudy\www\tfamily\Application\Admin\Controller\BaseController.class.php 第 195 行.
NOTIC: [8] Undefined index: children E:\phpstudy\www\tfamily\Application\Admin\Controller\BaseController.class.php 第 218 行.
NOTIC: [8] Undefined index: children E:\phpstudy\www\tfamily\Application\Admin\Controller\BaseController.class.php 第 178 行.
NOTIC: [8] Undefined index: actions E:\phpstudy\www\tfamily\Application\Admin\Controller\BaseController.class.php 第 293 行.
NOTIC: [8] Undefined index: children E:\phpstudy\www\tfamily\Application\Admin\Controller\BaseController.class.php 第 195 行.
NOTIC: [8] Undefined index: children E:\phpstudy\www\tfamily\Application\Admin\Controller\BaseController.class.php 第 218 行.
NOTIC: [8] Undefined index: children E:\phpstudy\www\tfamily\Application\Admin\Controller\BaseController.class.php 第 178 行.
NOTIC: [8] Undefined index: actions E:\phpstudy\www\tfamily\Application\Admin\Controller\BaseController.class.php 第 293 行.
NOTIC: [8] Undefined index: actions E:\phpstudy\www\tfamily\Application\Admin\Controller\BaseController.class.php 第 293 行.
NOTIC: [8] Undefined index: children E:\phpstudy\www\tfamily\Application\Admin\Controller\BaseController.class.php 第 195 行.
NOTIC: [8] Undefined index: children E:\phpstudy\www\tfamily\Application\Admin\Controller\BaseController.class.php 第 218 行.
NOTIC: [8] Undefined index: children E:\phpstudy\www\tfamily\Application\Admin\Controller\BaseController.class.php 第 178 行.
NOTIC: [8] Undefined index: actions E:\phpstudy\www\tfamily\Application\Admin\Controller\BaseController.class.php 第 293 行.
NOTIC: [8] Undefined index: children E:\phpstudy\www\tfamily\Application\Admin\Controller\BaseController.class.php 第 195 行.
NOTIC: [8] Undefined index: children E:\phpstudy\www\tfamily\Application\Admin\Controller\BaseController.class.php 第 218 行.
NOTIC: [8] Undefined index: children E:\phpstudy\www\tfamily\Application\Admin\Controller\BaseController.class.php 第 178 行.
NOTIC: [8] Undefined index: actions E:\phpstudy\www\tfamily\Application\Admin\Controller\BaseController.class.php 第 293 行.
NOTIC: [8] Undefined index: children E:\phpstudy\www\tfamily\Application\Admin\Controller\BaseController.class.php 第 195 行.
NOTIC: [8] Undefined index: children E:\phpstudy\www\tfamily\Application\Admin\Controller\BaseController.class.php 第 218 行.
NOTIC: [8] Undefined index: children E:\phpstudy\www\tfamily\Application\Admin\Controller\BaseController.class.php 第 178 行.
NOTIC: [8] Undefined index: actions E:\phpstudy\www\tfamily\Application\Admin\Controller\BaseController.class.php 第 293 行.
NOTIC: [8] Undefined index: actions E:\phpstudy\www\tfamily\Application\Admin\Controller\BaseController.class.php 第 293 行.
SQL: SHOW COLUMNS FROM `tf_user` [ RunTime:0.0080s ]
SQL: SELECT COUNT(*) AS tp_count FROM `tf_user` WHERE ( user_type = 'province_agent' or user_type = 'district_agent' or user_type = 'city_agent' ) LIMIT 1   [ RunTime:0.0000s ]
SQL: SELECT COUNT(*) AS tp_count FROM `tf_user` WHERE ( user_type = 'member' ) LIMIT 1   [ RunTime:0.0000s ]
SQL: SELECT COUNT(*) AS tp_count FROM `tf_user` WHERE ( user_type = 'fan' ) LIMIT 1   [ RunTime:0.0000s ]
SQL: SHOW COLUMNS FROM `tf_house` [ RunTime:0.0060s ]
SQL: SELECT COUNT(*) AS tp_count FROM `tf_house` LIMIT 1   [ RunTime:0.0010s ]
SQL: SHOW COLUMNS FROM `tf_car` [ RunTime:0.0060s ]
SQL: SELECT COUNT(*) AS tp_count FROM `tf_car` LIMIT 1   [ RunTime:0.0000s ]
SQL: SHOW COLUMNS FROM `tf_orders` [ RunTime:0.0100s ]
SQL: SELECT COUNT(*) AS tp_count FROM `tf_orders` LIMIT 1   [ RunTime:0.0000s ]
SQL: SHOW COLUMNS FROM `tf_news` [ RunTime:0.0100s ]
SQL: SELECT COUNT(*) AS tp_count FROM `tf_news` LIMIT 1   [ RunTime:0.0000s ]
SQL: SHOW COLUMNS FROM `tf_adspace` [ RunTime:0.0070s ]
SQL: SELECT COUNT(*) AS tp_count FROM `tf_adspace` LIMIT 1   [ RunTime:0.0000s ]
SQL: SHOW COLUMNS FROM `tf_money_details` [ RunTime:0.0090s ]
SQL: SELECT COUNT(*) AS tp_count FROM `tf_money_details` LIMIT 1   [ RunTime:0.0010s ]
INFO: [ view_parse ] --START--
INFO: [ template_filter ] --START--
INFO: Run Behavior\ContentReplaceBehavior [ RunTime:0.000000s ]
INFO: [ template_filter ] --END-- [ RunTime:0.000000s ]
NOTIC: [8] Undefined variable: page_title E:\phpstudy\www\tfamily\Application\Runtime\Cache\Admin\b595b808c2ebeeeb0478ffc30bb4e87a.php 第 5 行.
NOTIC: [8] Undefined variable: uname E:\phpstudy\www\tfamily\Application\Runtime\Cache\Admin\b595b808c2ebeeeb0478ffc30bb4e87a.php 第 58 行.
NOTIC: [8] Undefined variable: page_title E:\phpstudy\www\tfamily\Application\Runtime\Cache\Admin\b595b808c2ebeeeb0478ffc30bb4e87a.php 第 111 行.
NOTIC: [8] Undefined variable: page_title E:\phpstudy\www\tfamily\Application\Runtime\Cache\Admin\b595b808c2ebeeeb0478ffc30bb4e87a.php 第 114 行.
INFO: Run Behavior\ParseTemplateBehavior [ RunTime:0.009001s ]
INFO: [ view_parse ] --END-- [ RunTime:0.009001s ]
INFO: [ view_filter ] --START--
INFO: Run Behavior\WriteHtmlCacheBehavior [ RunTime:0.001000s ]
INFO: [ view_filter ] --END-- [ RunTime:0.001000s ]
INFO: [ app_end ] --START--
INFO: Run Behavior\ShowPageTraceBehavior [ RunTime:0.002000s ]
INFO: [ app_end ] --END-- [ RunTime:0.002000s ]

[ 2017-02-27T18:46:58+08:00 ] 127.0.0.1 /tfamily/admin.php?m=admin&c=user&a=province_agent
INFO: [ app_init ] --START--
INFO: Run Behavior\BuildLiteBehavior [ RunTime:0.000000s ]
INFO: [ app_init ] --END-- [ RunTime:0.001000s ]
INFO: [ app_begin ] --START--
INFO: Run Behavior\ReadHtmlCacheBehavior [ RunTime:0.001000s ]
INFO: [ app_begin ] --END-- [ RunTime:0.001000s ]
SQL: SHOW COLUMNS FROM `tf_admin_role` [ RunTime:0.0080s ]
SQL: SELECT `rights` FROM `tf_admin_role` WHERE `id` = 2 LIMIT 1   [ RunTime:0.0000s ]
NOTIC: [8] Undefined index: actions E:\phpstudy\www\tfamily\Application\Admin\Controller\BaseController.class.php 第 293 行.
NOTIC: [8] Undefined index: actions E:\phpstudy\www\tfamily\Application\Admin\Controller\BaseController.class.php 第 293 行.
NOTIC: [8] Undefined index: actions E:\phpstudy\www\tfamily\Application\Admin\Controller\BaseController.class.php 第 293 行.
NOTIC: [8] Undefined index: children E:\phpstudy\www\tfamily\Application\Admin\Controller\BaseController.class.php 第 195 行.
NOTIC: [8] Undefined index: children E:\phpstudy\www\tfamily\Application\Admin\Controller\BaseController.class.php 第 218 行.
NOTIC: [8] Undefined index: children E:\phpstudy\www\tfamily\Application\Admin\Controller\BaseController.class.php 第 178 行.
NOTIC: [8] Undefined index: actions E:\phpstudy\www\tfamily\Application\Admin\Controller\BaseController.class.php 第 293 行.
NOTIC: [8] Undefined index: actions E:\phpstudy\www\tfamily\Application\Admin\Controller\BaseController.class.php 第 293 行.
NOTIC: [8] Undefined index: children E:\phpstudy\www\tfamily\Application\Admin\Controller\BaseController.class.php 第 195 行.
NOTIC: [8] Undefined index: children E:\phpstudy\www\tfamily\Application\Admin\Controller\BaseController.class.php 第 218 行.
NOTIC: [8] Undefined index: children E:\phpstudy\www\tfamily\Application\Admin\Controller\BaseController.class.php 第 178 行.
NOTIC: [8] Undefined index: actions E:\phpstudy\www\tfamily\Application\Admin\Controller\BaseController.class.php 第 293 行.
NOTIC: [8] Undefined index: children E:\phpstudy\www\tfamily\Application\Admin\Controller\BaseController.class.php 第 195 行.
NOTIC: [8] Undefined index: children E:\phpstudy\www\tfamily\Application\Admin\Controller\BaseController.class.php 第 218 行.
NOTIC: [8] Undefined index: children E:\phpstudy\www\tfamily\Application\Admin\Controller\BaseController.class.php 第 178 行.
NOTIC: [8] Undefined index: actions E:\phpstudy\www\tfamily\Application\Admin\Controller\BaseController.class.php 第 293 行.
NOTIC: [8] Undefined index: children E:\phpstudy\www\tfamily\Application\Admin\Controller\BaseController.class.php 第 195 行.
NOTIC: [8] Undefined index: children E:\phpstudy\www\tfamily\Application\Admin\Controller\BaseController.class.php 第 218 行.
NOTIC: [8] Undefined index: children E:\phpstudy\www\tfamily\Application\Admin\Controller\BaseController.class.php 第 178 行.
NOTIC: [8] Undefined index: actions E:\phpstudy\www\tfamily\Application\Admin\Controller\BaseController.class.php 第 293 行.
NOTIC: [8] Undefined index: actions E:\phpstudy\www\tfamily\Application\Admin\Controller\BaseController.class.php 第 293 行.
NOTIC: [8] Undefined index: children E:\phpstudy\www\tfamily\Application\Admin\Controller\BaseController.class.php 第 195 行.
NOTIC: [8] Undefined index: children E:\phpstudy\www\tfamily\Application\Admin\Controller\BaseController.class.php 第 218 行.
NOTIC: [8] Undefined index: children E:\phpstudy\www\tfamily\Application\Admin\Controller\BaseController.class.php 第 178 行.
NOTIC: [8] Undefined index: actions E:\phpstudy\www\tfamily\Application\Admin\Controller\BaseController.class.php 第 293 行.
NOTIC: [8] Undefined index: children E:\phpstudy\www\tfamily\Application\Admin\Controller\BaseController.class.php 第 195 行.
NOTIC: [8] Undefined index: children E:\phpstudy\www\tfamily\Application\Admin\Controller\BaseController.class.php 第 218 行.
NOTIC: [8] Undefined index: children E:\phpstudy\www\tfamily\Application\Admin\Controller\BaseController.class.php 第 178 行.
NOTIC: [8] Undefined index: actions E:\phpstudy\www\tfamily\Application\Admin\Controller\BaseController.class.php 第 293 行.
NOTIC: [8] Undefined index: children E:\phpstudy\www\tfamily\Application\Admin\Controller\BaseController.class.php 第 195 行.
NOTIC: [8] Undefined index: children E:\phpstudy\www\tfamily\Application\Admin\Controller\BaseController.class.php 第 218 行.
NOTIC: [8] Undefined index: children E:\phpstudy\www\tfamily\Application\Admin\Controller\BaseController.class.php 第 178 行.
NOTIC: [8] Undefined index: actions E:\phpstudy\www\tfamily\Application\Admin\Controller\BaseController.class.php 第 293 行.
NOTIC: [8] Undefined index: actions E:\phpstudy\www\tfamily\Application\Admin\Controller\BaseController.class.php 第 293 行.
SQL: SHOW COLUMNS FROM `tf_user` [ RunTime:0.0090s ]
SQL: select count(user_type) as user_type_num from tf_user WHERE `user_type`='province_agent' [ RunTime:0.0010s ]
SQL: SHOW COLUMNS FROM `tf_user` [ RunTime:0.0120s ]
SQL: SELECT user.id,user.add_time,user.name,user.real_name,user.tel,user.user_type,user.money,user.integral,user.is_validated,level.name as level_name FROM tf_user as user LEFT JOIN tf_level as level ON user.level_id = level.id  WHERE ( user_type='province_agent' ) ORDER BY add_time desc LIMIT 0,4   [ RunTime:0.0010s ]
SQL: select count(is_validated) as num from tf_user where `user_type`='province_agent' AND is_validated = 'pending' [ RunTime:0.0000s ]
SQL: SHOW COLUMNS FROM `tf_level` [ RunTime:0.0100s ]
SQL: SELECT `id`,`name` FROM `tf_level`  [ RunTime:0.0010s ]
INFO: [ view_parse ] --START--
INFO: [ template_filter ] --START--
INFO: Run Behavior\ContentReplaceBehavior [ RunTime:0.000000s ]
INFO: [ template_filter ] --END-- [ RunTime:0.000000s ]
NOTIC: [8] Undefined variable: uname E:\phpstudy\www\tfamily\Application\Runtime\Cache\Admin\2a29f2db7e5d066ba9b42bfd58f48adc.php 第 59 行.
NOTIC: [8] Use of undefined constant id - assumed 'id' E:\phpstudy\www\tfamily\Application\Runtime\Cache\Admin\2a29f2db7e5d066ba9b42bfd58f48adc.php 第 128 行.
NOTIC: [8] Undefined variable: val E:\phpstudy\www\tfamily\Application\Runtime\Cache\Admin\2a29f2db7e5d066ba9b42bfd58f48adc.php 第 128 行.
NOTIC: [8] Undefined variable: province_id E:\phpstudy\www\tfamily\Application\Runtime\Cache\Admin\2a29f2db7e5d066ba9b42bfd58f48adc.php 第 358 行.
NOTIC: [8] Undefined variable: city_id E:\phpstudy\www\tfamily\Application\Runtime\Cache\Admin\2a29f2db7e5d066ba9b42bfd58f48adc.php 第 359 行.
NOTIC: [8] Undefined variable: district_id E:\phpstudy\www\tfamily\Application\Runtime\Cache\Admin\2a29f2db7e5d066ba9b42bfd58f48adc.php 第 360 行.
NOTIC: [8] Undefined variable: level E:\phpstudy\www\tfamily\Application\Runtime\Cache\Admin\2a29f2db7e5d066ba9b42bfd58f48adc.php 第 361 行.
NOTIC: [8] Undefined variable: search E:\phpstudy\www\tfamily\Application\Runtime\Cache\Admin\2a29f2db7e5d066ba9b42bfd58f48adc.php 第 362 行.
INFO: Run Behavior\ParseTemplateBehavior [ RunTime:0.015001s ]
INFO: [ view_parse ] --END-- [ RunTime:0.015001s ]
INFO: [ view_filter ] --START--
INFO: Run Behavior\WriteHtmlCacheBehavior [ RunTime:0.001000s ]
INFO: [ view_filter ] --END-- [ RunTime:0.001000s ]
INFO: [ app_end ] --START--
INFO: Run Behavior\ShowPageTraceBehavior [ RunTime:0.001000s ]
INFO: [ app_end ] --END-- [ RunTime:0.001000s ]

[ 2017-02-27T18:46:59+08:00 ] 127.0.0.1 /tfamily/admin.php?m=admin&c=user&a=getCity
INFO: [ app_init ] --START--
INFO: Run Behavior\BuildLiteBehavior [ RunTime:0.000000s ]
INFO: [ app_init ] --END-- [ RunTime:0.000000s ]
INFO: [ app_begin ] --START--
INFO: Run Behavior\ReadHtmlCacheBehavior [ RunTime:0.001000s ]
INFO: [ app_begin ] --END-- [ RunTime:0.001000s ]
SQL: SHOW COLUMNS FROM `tf_admin_role` [ RunTime:0.0100s ]
SQL: SELECT `rights` FROM `tf_admin_role` WHERE `id` = 2 LIMIT 1   [ RunTime:0.0010s ]
NOTIC: [8] Undefined index: actions E:\phpstudy\www\tfamily\Application\Admin\Controller\BaseController.class.php 第 293 行.
NOTIC: [8] Undefined index: actions E:\phpstudy\www\tfamily\Application\Admin\Controller\BaseController.class.php 第 293 行.
NOTIC: [8] Undefined index: actions E:\phpstudy\www\tfamily\Application\Admin\Controller\BaseController.class.php 第 293 行.
NOTIC: [8] Undefined index: children E:\phpstudy\www\tfamily\Application\Admin\Controller\BaseController.class.php 第 195 行.
NOTIC: [8] Undefined index: children E:\phpstudy\www\tfamily\Application\Admin\Controller\BaseController.class.php 第 218 行.
NOTIC: [8] Undefined index: children E:\phpstudy\www\tfamily\Application\Admin\Controller\BaseController.class.php 第 178 行.
NOTIC: [8] Undefined index: actions E:\phpstudy\www\tfamily\Application\Admin\Controller\BaseController.class.php 第 293 行.
NOTIC: [8] Undefined index: actions E:\phpstudy\www\tfamily\Application\Admin\Controller\BaseController.class.php 第 293 行.
NOTIC: [8] Undefined index: children E:\phpstudy\www\tfamily\Application\Admin\Controller\BaseController.class.php 第 195 行.
NOTIC: [8] Undefined index: children E:\phpstudy\www\tfamily\Application\Admin\Controller\BaseController.class.php 第 218 行.
NOTIC: [8] Undefined index: children E:\phpstudy\www\tfamily\Application\Admin\Controller\BaseController.class.php 第 178 行.
NOTIC: [8] Undefined index: actions E:\phpstudy\www\tfamily\Application\Admin\Controller\BaseController.class.php 第 293 行.
NOTIC: [8] Undefined index: children E:\phpstudy\www\tfamily\Application\Admin\Controller\BaseController.class.php 第 195 行.
NOTIC: [8] Undefined index: children E:\phpstudy\www\tfamily\Application\Admin\Controller\BaseController.class.php 第 218 行.
NOTIC: [8] Undefined index: children E:\phpstudy\www\tfamily\Application\Admin\Controller\BaseController.class.php 第 178 行.
NOTIC: [8] Undefined index: actions E:\phpstudy\www\tfamily\Application\Admin\Controller\BaseController.class.php 第 293 行.
NOTIC: [8] Undefined index: children E:\phpstudy\www\tfamily\Application\Admin\Controller\BaseController.class.php 第 195 行.
NOTIC: [8] Undefined index: children E:\phpstudy\www\tfamily\Application\Admin\Controller\BaseController.class.php 第 218 行.
NOTIC: [8] Undefined index: children E:\phpstudy\www\tfamily\Application\Admin\Controller\BaseController.class.php 第 178 行.
NOTIC: [8] Undefined index: actions E:\phpstudy\www\tfamily\Application\Admin\Controller\BaseController.class.php 第 293 行.
NOTIC: [8] Undefined index: actions E:\phpstudy\www\tfamily\Application\Admin\Controller\BaseController.class.php 第 293 行.
NOTIC: [8] Undefined index: children E:\phpstudy\www\tfamily\Application\Admin\Controller\BaseController.class.php 第 195 行.
NOTIC: [8] Undefined index: children E:\phpstudy\www\tfamily\Application\Admin\Controller\BaseController.class.php 第 218 行.
NOTIC: [8] Undefined index: children E:\phpstudy\www\tfamily\Application\Admin\Controller\BaseController.class.php 第 178 行.
NOTIC: [8] Undefined index: actions E:\phpstudy\www\tfamily\Application\Admin\Controller\BaseController.class.php 第 293 行.
NOTIC: [8] Undefined index: children E:\phpstudy\www\tfamily\Application\Admin\Controller\BaseController.class.php 第 195 行.
NOTIC: [8] Undefined index: children E:\phpstudy\www\tfamily\Application\Admin\Controller\BaseController.class.php 第 218 行.
NOTIC: [8] Undefined index: children E:\phpstudy\www\tfamily\Application\Admin\Controller\BaseController.class.php 第 178 行.
NOTIC: [8] Undefined index: actions E:\phpstudy\www\tfamily\Application\Admin\Controller\BaseController.class.php 第 293 行.
NOTIC: [8] Undefined index: children E:\phpstudy\www\tfamily\Application\Admin\Controller\BaseController.class.php 第 195 行.
NOTIC: [8] Undefined index: children E:\phpstudy\www\tfamily\Application\Admin\Controller\BaseController.class.php 第 218 行.
NOTIC: [8] Undefined index: children E:\phpstudy\www\tfamily\Application\Admin\Controller\BaseController.class.php 第 178 行.
NOTIC: [8] Undefined index: actions E:\phpstudy\www\tfamily\Application\Admin\Controller\BaseController.class.php 第 293 行.
NOTIC: [8] Undefined index: actions E:\phpstudy\www\tfamily\Application\Admin\Controller\BaseController.class.php 第 293 行.
SQL: SHOW COLUMNS FROM `tf_region` [ RunTime:0.0070s ]
SQL: SELECT * FROM `tf_region`  [ RunTime:0.0230s ]

[ 2017-02-27T18:47:03+08:00 ] 127.0.0.1 /tfamily/admin.php?m=admin&c=house&a=index
INFO: [ app_init ] --START--
INFO: Run Behavior\BuildLiteBehavior [ RunTime:0.000000s ]
INFO: [ app_init ] --END-- [ RunTime:0.000000s ]
INFO: [ app_begin ] --START--
INFO: Run Behavior\ReadHtmlCacheBehavior [ RunTime:0.001000s ]
INFO: [ app_begin ] --END-- [ RunTime:0.001000s ]
SQL: SHOW COLUMNS FROM `tf_admin_role` [ RunTime:0.0060s ]
SQL: SELECT `rights` FROM `tf_admin_role` WHERE `id` = 2 LIMIT 1   [ RunTime:0.0000s ]
NOTIC: [8] Undefined index: actions E:\phpstudy\www\tfamily\Application\Admin\Controller\BaseController.class.php 第 293 行.
NOTIC: [8] Undefined index: actions E:\phpstudy\www\tfamily\Application\Admin\Controller\BaseController.class.php 第 293 行.
NOTIC: [8] Undefined index: actions E:\phpstudy\www\tfamily\Application\Admin\Controller\BaseController.class.php 第 293 行.
NOTIC: [8] Undefined index: children E:\phpstudy\www\tfamily\Application\Admin\Controller\BaseController.class.php 第 195 行.
NOTIC: [8] Undefined index: children E:\phpstudy\www\tfamily\Application\Admin\Controller\BaseController.class.php 第 218 行.
NOTIC: [8] Undefined index: children E:\phpstudy\www\tfamily\Application\Admin\Controller\BaseController.class.php 第 178 行.
NOTIC: [8] Undefined index: actions E:\phpstudy\www\tfamily\Application\Admin\Controller\BaseController.class.php 第 293 行.
NOTIC: [8] Undefined index: actions E:\phpstudy\www\tfamily\Application\Admin\Controller\BaseController.class.php 第 293 行.
NOTIC: [8] Undefined index: children E:\phpstudy\www\tfamily\Application\Admin\Controller\BaseController.class.php 第 195 行.
NOTIC: [8] Undefined index: children E:\phpstudy\www\tfamily\Application\Admin\Controller\BaseController.class.php 第 218 行.
NOTIC: [8] Undefined index: children E:\phpstudy\www\tfamily\Application\Admin\Controller\BaseController.class.php 第 178 行.
NOTIC: [8] Undefined index: actions E:\phpstudy\www\tfamily\Application\Admin\Controller\BaseController.class.php 第 293 行.
NOTIC: [8] Undefined index: children E:\phpstudy\www\tfamily\Application\Admin\Controller\BaseController.class.php 第 195 行.
NOTIC: [8] Undefined index: children E:\phpstudy\www\tfamily\Application\Admin\Controller\BaseController.class.php 第 218 行.
NOTIC: [8] Undefined index: children E:\phpstudy\www\tfamily\Application\Admin\Controller\BaseController.class.php 第 178 行.
NOTIC: [8] Undefined index: actions E:\phpstudy\www\tfamily\Application\Admin\Controller\BaseController.class.php 第 293 行.
NOTIC: [8] Undefined index: children E:\phpstudy\www\tfamily\Application\Admin\Controller\BaseController.class.php 第 195 行.
NOTIC: [8] Undefined index: children E:\phpstudy\www\tfamily\Application\Admin\Controller\BaseController.class.php 第 218 行.
NOTIC: [8] Undefined index: children E:\phpstudy\www\tfamily\Application\Admin\Controller\BaseController.class.php 第 178 行.
NOTIC: [8] Undefined index: actions E:\phpstudy\www\tfamily\Application\Admin\Controller\BaseController.class.php 第 293 行.
NOTIC: [8] Undefined index: actions E:\phpstudy\www\tfamily\Application\Admin\Controller\BaseController.class.php 第 293 行.
NOTIC: [8] Undefined index: children E:\phpstudy\www\tfamily\Application\Admin\Controller\BaseController.class.php 第 195 行.
NOTIC: [8] Undefined index: children E:\phpstudy\www\tfamily\Application\Admin\Controller\BaseController.class.php 第 218 行.
NOTIC: [8] Undefined index: children E:\phpstudy\www\tfamily\Application\Admin\Controller\BaseController.class.php 第 178 行.
NOTIC: [8] Undefined index: actions E:\phpstudy\www\tfamily\Application\Admin\Controller\BaseController.class.php 第 293 行.
NOTIC: [8] Undefined index: children E:\phpstudy\www\tfamily\Application\Admin\Controller\BaseController.class.php 第 195 行.
NOTIC: [8] Undefined index: children E:\phpstudy\www\tfamily\Application\Admin\Controller\BaseController.class.php 第 218 行.
NOTIC: [8] Undefined index: children E:\phpstudy\www\tfamily\Application\Admin\Controller\BaseController.class.php 第 178 行.
NOTIC: [8] Undefined index: actions E:\phpstudy\www\tfamily\Application\Admin\Controller\BaseController.class.php 第 293 行.
NOTIC: [8] Undefined index: children E:\phpstudy\www\tfamily\Application\Admin\Controller\BaseController.class.php 第 195 行.
NOTIC: [8] Undefined index: children E:\phpstudy\www\tfamily\Application\Admin\Controller\BaseController.class.php 第 218 行.
NOTIC: [8] Undefined index: children E:\phpstudy\www\tfamily\Application\Admin\Controller\BaseController.class.php 第 178 行.
NOTIC: [8] Undefined index: actions E:\phpstudy\www\tfamily\Application\Admin\Controller\BaseController.class.php 第 293 行.
NOTIC: [8] Undefined index: actions E:\phpstudy\www\tfamily\Application\Admin\Controller\BaseController.class.php 第 293 行.
SQL: SHOW COLUMNS FROM `tf_house` [ RunTime:0.0120s ]
SQL: SELECT COUNT(*) AS tp_count FROM `tf_house` LIMIT 1   [ RunTime:0.0010s ]
SQL: SELECT * FROM `tf_house` ORDER BY id desc LIMIT 0,4   [ RunTime:0.0010s ]
INFO: [ view_parse ] --START--
INFO: [ template_filter ] --START--
INFO: Run Behavior\ContentReplaceBehavior [ RunTime:0.000000s ]
INFO: [ template_filter ] --END-- [ RunTime:0.000000s ]
NOTIC: [8] Undefined variable: uname E:\phpstudy\www\tfamily\Application\Runtime\Cache\Admin\592338015e58c355f5612c932c3fb3aa.php 第 58 行.
INFO: Run Behavior\ParseTemplateBehavior [ RunTime:0.012001s ]
INFO: [ view_parse ] --END-- [ RunTime:0.013001s ]
INFO: [ view_filter ] --START--
INFO: Run Behavior\WriteHtmlCacheBehavior [ RunTime:0.001000s ]
INFO: [ view_filter ] --END-- [ RunTime:0.001000s ]
INFO: [ app_end ] --START--
INFO: Run Behavior\ShowPageTraceBehavior [ RunTime:0.001000s ]
INFO: [ app_end ] --END-- [ RunTime:0.002000s ]

[ 2017-02-27T18:47:06+08:00 ] 127.0.0.1 /tfamily/admin.php?m=Admin&c=House&a=index&m=admin&p=2
INFO: [ app_init ] --START--
INFO: Run Behavior\BuildLiteBehavior [ RunTime:0.000000s ]
INFO: [ app_init ] --END-- [ RunTime:0.000000s ]
INFO: [ app_begin ] --START--
INFO: Run Behavior\ReadHtmlCacheBehavior [ RunTime:0.001000s ]
INFO: [ app_begin ] --END-- [ RunTime:0.001000s ]
SQL: SHOW COLUMNS FROM `tf_admin_role` [ RunTime:0.0070s ]
SQL: SELECT `rights` FROM `tf_admin_role` WHERE `id` = 2 LIMIT 1   [ RunTime:0.0010s ]
NOTIC: [8] Undefined index: actions E:\phpstudy\www\tfamily\Application\Admin\Controller\BaseController.class.php 第 293 行.
NOTIC: [8] Undefined index: actions E:\phpstudy\www\tfamily\Application\Admin\Controller\BaseController.class.php 第 293 行.
NOTIC: [8] Undefined index: actions E:\phpstudy\www\tfamily\Application\Admin\Controller\BaseController.class.php 第 293 行.
NOTIC: [8] Undefined index: children E:\phpstudy\www\tfamily\Application\Admin\Controller\BaseController.class.php 第 195 行.
NOTIC: [8] Undefined index: children E:\phpstudy\www\tfamily\Application\Admin\Controller\BaseController.class.php 第 218 行.
NOTIC: [8] Undefined index: children E:\phpstudy\www\tfamily\Application\Admin\Controller\BaseController.class.php 第 178 行.
NOTIC: [8] Undefined index: actions E:\phpstudy\www\tfamily\Application\Admin\Controller\BaseController.class.php 第 293 行.
NOTIC: [8] Undefined index: actions E:\phpstudy\www\tfamily\Application\Admin\Controller\BaseController.class.php 第 293 行.
NOTIC: [8] Undefined index: children E:\phpstudy\www\tfamily\Application\Admin\Controller\BaseController.class.php 第 195 行.
NOTIC: [8] Undefined index: children E:\phpstudy\www\tfamily\Application\Admin\Controller\BaseController.class.php 第 218 行.
NOTIC: [8] Undefined index: children E:\phpstudy\www\tfamily\Application\Admin\Controller\BaseController.class.php 第 178 行.
NOTIC: [8] Undefined index: actions E:\phpstudy\www\tfamily\Application\Admin\Controller\BaseController.class.php 第 293 行.
NOTIC: [8] Undefined index: children E:\phpstudy\www\tfamily\Application\Admin\Controller\BaseController.class.php 第 195 行.
NOTIC: [8] Undefined index: children E:\phpstudy\www\tfamily\Application\Admin\Controller\BaseController.class.php 第 218 行.
NOTIC: [8] Undefined index: children E:\phpstudy\www\tfamily\Application\Admin\Controller\BaseController.class.php 第 178 行.
NOTIC: [8] Undefined index: actions E:\phpstudy\www\tfamily\Application\Admin\Controller\BaseController.class.php 第 293 行.
NOTIC: [8] Undefined index: children E:\phpstudy\www\tfamily\Application\Admin\Controller\BaseController.class.php 第 195 行.
NOTIC: [8] Undefined index: children E:\phpstudy\www\tfamily\Application\Admin\Controller\BaseController.class.php 第 218 行.
NOTIC: [8] Undefined index: children E:\phpstudy\www\tfamily\Application\Admin\Controller\BaseController.class.php 第 178 行.
NOTIC: [8] Undefined index: actions E:\phpstudy\www\tfamily\Application\Admin\Controller\BaseController.class.php 第 293 行.
NOTIC: [8] Undefined index: actions E:\phpstudy\www\tfamily\Application\Admin\Controller\BaseController.class.php 第 293 行.
NOTIC: [8] Undefined index: children E:\phpstudy\www\tfamily\Application\Admin\Controller\BaseController.class.php 第 195 行.
NOTIC: [8] Undefined index: children E:\phpstudy\www\tfamily\Application\Admin\Controller\BaseController.class.php 第 218 行.
NOTIC: [8] Undefined index: children E:\phpstudy\www\tfamily\Application\Admin\Controller\BaseController.class.php 第 178 行.
NOTIC: [8] Undefined index: actions E:\phpstudy\www\tfamily\Application\Admin\Controller\BaseController.class.php 第 293 行.
NOTIC: [8] Undefined index: children E:\phpstudy\www\tfamily\Application\Admin\Controller\BaseController.class.php 第 195 行.
NOTIC: [8] Undefined index: children E:\phpstudy\www\tfamily\Application\Admin\Controller\BaseController.class.php 第 218 行.
NOTIC: [8] Undefined index: children E:\phpstudy\www\tfamily\Application\Admin\Controller\BaseController.class.php 第 178 行.
NOTIC: [8] Undefined index: actions E:\phpstudy\www\tfamily\Application\Admin\Controller\BaseController.class.php 第 293 行.
NOTIC: [8] Undefined index: children E:\phpstudy\www\tfamily\Application\Admin\Controller\BaseController.class.php 第 195 行.
NOTIC: [8] Undefined index: children E:\phpstudy\www\tfamily\Application\Admin\Controller\BaseController.class.php 第 218 行.
NOTIC: [8] Undefined index: children E:\phpstudy\www\tfamily\Application\Admin\Controller\BaseController.class.php 第 178 行.
NOTIC: [8] Undefined index: actions E:\phpstudy\www\tfamily\Application\Admin\Controller\BaseController.class.php 第 293 行.
NOTIC: [8] Undefined index: actions E:\phpstudy\www\tfamily\Application\Admin\Controller\BaseController.class.php 第 293 行.
SQL: SHOW COLUMNS FROM `tf_house` [ RunTime:0.0070s ]
SQL: SELECT COUNT(*) AS tp_count FROM `tf_house` LIMIT 1   [ RunTime:0.0000s ]
SQL: SELECT * FROM `tf_house` ORDER BY id desc LIMIT 4,4   [ RunTime:0.0010s ]
INFO: [ view_parse ] --START--
INFO: [ template_filter ] --START--
INFO: Run Behavior\ContentReplaceBehavior [ RunTime:0.000000s ]
INFO: [ template_filter ] --END-- [ RunTime:0.000000s ]
NOTIC: [8] Undefined variable: uname E:\phpstudy\www\tfamily\Application\Runtime\Cache\Admin\592338015e58c355f5612c932c3fb3aa.php 第 58 行.
INFO: Run Behavior\ParseTemplateBehavior [ RunTime:0.010000s ]
INFO: [ view_parse ] --END-- [ RunTime:0.010000s ]
INFO: [ view_filter ] --START--
INFO: Run Behavior\WriteHtmlCacheBehavior [ RunTime:0.000000s ]
INFO: [ view_filter ] --END-- [ RunTime:0.000000s ]
INFO: [ app_end ] --START--
INFO: Run Behavior\ShowPageTraceBehavior [ RunTime:0.000000s ]
INFO: [ app_end ] --END-- [ RunTime:0.000000s ]

[ 2017-02-27T18:47:08+08:00 ] 127.0.0.1 /tfamily/admin.php?m=Admin&c=House&a=index&m=admin&p=3
INFO: [ app_init ] --START--
INFO: Run Behavior\BuildLiteBehavior [ RunTime:0.000000s ]
INFO: [ app_init ] --END-- [ RunTime:0.002000s ]
INFO: [ app_begin ] --START--
INFO: Run Behavior\ReadHtmlCacheBehavior [ RunTime:0.001000s ]
INFO: [ app_begin ] --END-- [ RunTime:0.001000s ]
SQL: SHOW COLUMNS FROM `tf_admin_role` [ RunTime:0.0080s ]
SQL: SELECT `rights` FROM `tf_admin_role` WHERE `id` = 2 LIMIT 1   [ RunTime:0.0010s ]
NOTIC: [8] Undefined index: actions E:\phpstudy\www\tfamily\Application\Admin\Controller\BaseController.class.php 第 293 行.
NOTIC: [8] Undefined index: actions E:\phpstudy\www\tfamily\Application\Admin\Controller\BaseController.class.php 第 293 行.
NOTIC: [8] Undefined index: actions E:\phpstudy\www\tfamily\Application\Admin\Controller\BaseController.class.php 第 293 行.
NOTIC: [8] Undefined index: children E:\phpstudy\www\tfamily\Application\Admin\Controller\BaseController.class.php 第 195 行.
NOTIC: [8] Undefined index: children E:\phpstudy\www\tfamily\Application\Admin\Controller\BaseController.class.php 第 218 行.
NOTIC: [8] Undefined index: children E:\phpstudy\www\tfamily\Application\Admin\Controller\BaseController.class.php 第 178 行.
NOTIC: [8] Undefined index: actions E:\phpstudy\www\tfamily\Application\Admin\Controller\BaseController.class.php 第 293 行.
NOTIC: [8] Undefined index: actions E:\phpstudy\www\tfamily\Application\Admin\Controller\BaseController.class.php 第 293 行.
NOTIC: [8] Undefined index: children E:\phpstudy\www\tfamily\Application\Admin\Controller\BaseController.class.php 第 195 行.
NOTIC: [8] Undefined index: children E:\phpstudy\www\tfamily\Application\Admin\Controller\BaseController.class.php 第 218 行.
NOTIC: [8] Undefined index: children E:\phpstudy\www\tfamily\Application\Admin\Controller\BaseController.class.php 第 178 行.
NOTIC: [8] Undefined index: actions E:\phpstudy\www\tfamily\Application\Admin\Controller\BaseController.class.php 第 293 行.
NOTIC: [8] Undefined index: children E:\phpstudy\www\tfamily\Application\Admin\Controller\BaseController.class.php 第 195 行.
NOTIC: [8] Undefined index: children E:\phpstudy\www\tfamily\Application\Admin\Controller\BaseController.class.php 第 218 行.
NOTIC: [8] Undefined index: children E:\phpstudy\www\tfamily\Application\Admin\Controller\BaseController.class.php 第 178 行.
NOTIC: [8] Undefined index: actions E:\phpstudy\www\tfamily\Application\Admin\Controller\BaseController.class.php 第 293 行.
NOTIC: [8] Undefined index: children E:\phpstudy\www\tfamily\Application\Admin\Controller\BaseController.class.php 第 195 行.
NOTIC: [8] Undefined index: children E:\phpstudy\www\tfamily\Application\Admin\Controller\BaseController.class.php 第 218 行.
NOTIC: [8] Undefined index: children E:\phpstudy\www\tfamily\Application\Admin\Controller\BaseController.class.php 第 178 行.
NOTIC: [8] Undefined index: actions E:\phpstudy\www\tfamily\Application\Admin\Controller\BaseController.class.php 第 293 行.
NOTIC: [8] Undefined index: actions E:\phpstudy\www\tfamily\Application\Admin\Controller\BaseController.class.php 第 293 行.
NOTIC: [8] Undefined index: children E:\phpstudy\www\tfamily\Application\Admin\Controller\BaseController.class.php 第 195 行.
NOTIC: [8] Undefined index: children E:\phpstudy\www\tfamily\Application\Admin\Controller\BaseController.class.php 第 218 行.
NOTIC: [8] Undefined index: children E:\phpstudy\www\tfamily\Application\Admin\Controller\BaseController.class.php 第 178 行.
NOTIC: [8] Undefined index: actions E:\phpstudy\www\tfamily\Application\Admin\Controller\BaseController.class.php 第 293 行.
NOTIC: [8] Undefined index: children E:\phpstudy\www\tfamily\Application\Admin\Controller\BaseController.class.php 第 195 行.
NOTIC: [8] Undefined index: children E:\phpstudy\www\tfamily\Application\Admin\Controller\BaseController.class.php 第 218 行.
NOTIC: [8] Undefined index: children E:\phpstudy\www\tfamily\Application\Admin\Controller\BaseController.class.php 第 178 行.
NOTIC: [8] Undefined index: actions E:\phpstudy\www\tfamily\Application\Admin\Controller\BaseController.class.php 第 293 行.
NOTIC: [8] Undefined index: children E:\phpstudy\www\tfamily\Application\Admin\Controller\BaseController.class.php 第 195 行.
NOTIC: [8] Undefined index: children E:\phpstudy\www\tfamily\Application\Admin\Controller\BaseController.class.php 第 218 行.
NOTIC: [8] Undefined index: children E:\phpstudy\www\tfamily\Application\Admin\Controller\BaseController.class.php 第 178 行.
NOTIC: [8] Undefined index: actions E:\phpstudy\www\tfamily\Application\Admin\Controller\BaseController.class.php 第 293 行.
NOTIC: [8] Undefined index: actions E:\phpstudy\www\tfamily\Application\Admin\Controller\BaseController.class.php 第 293 行.
SQL: SHOW COLUMNS FROM `tf_house` [ RunTime:0.0100s ]
SQL: SELECT COUNT(*) AS tp_count FROM `tf_house` LIMIT 1   [ RunTime:0.0000s ]
SQL: SELECT * FROM `tf_house` ORDER BY id desc LIMIT 8,4   [ RunTime:0.0010s ]
INFO: [ view_parse ] --START--
INFO: [ template_filter ] --START--
INFO: Run Behavior\ContentReplaceBehavior [ RunTime:0.000000s ]
INFO: [ template_filter ] --END-- [ RunTime:0.000000s ]
NOTIC: [8] Undefined variable: uname E:\phpstudy\www\tfamily\Application\Runtime\Cache\Admin\592338015e58c355f5612c932c3fb3aa.php 第 58 行.
INFO: Run Behavior\ParseTemplateBehavior [ RunTime:0.013001s ]
INFO: [ view_parse ] --END-- [ RunTime:0.013001s ]
INFO: [ view_filter ] --START--
INFO: Run Behavior\WriteHtmlCacheBehavior [ RunTime:0.001000s ]
INFO: [ view_filter ] --END-- [ RunTime:0.001000s ]
INFO: [ app_end ] --START--
INFO: Run Behavior\ShowPageTraceBehavior [ RunTime:0.001000s ]
INFO: [ app_end ] --END-- [ RunTime:0.002000s ]

[ 2017-02-27T18:47:11+08:00 ] 127.0.0.1 /tfamily/admin.php?m=Admin&c=House&a=index&m=admin&p=4
INFO: [ app_init ] --START--
INFO: Run Behavior\BuildLiteBehavior [ RunTime:0.000000s ]
INFO: [ app_init ] --END-- [ RunTime:0.000000s ]
INFO: [ app_begin ] --START--
INFO: Run Behavior\ReadHtmlCacheBehavior [ RunTime:0.001000s ]
INFO: [ app_begin ] --END-- [ RunTime:0.001000s ]
SQL: SHOW COLUMNS FROM `tf_admin_role` [ RunTime:0.0080s ]
SQL: SELECT `rights` FROM `tf_admin_role` WHERE `id` = 2 LIMIT 1   [ RunTime:0.0010s ]
NOTIC: [8] Undefined index: actions E:\phpstudy\www\tfamily\Application\Admin\Controller\BaseController.class.php 第 293 行.
NOTIC: [8] Undefined index: actions E:\phpstudy\www\tfamily\Application\Admin\Controller\BaseController.class.php 第 293 行.
NOTIC: [8] Undefined index: actions E:\phpstudy\www\tfamily\Application\Admin\Controller\BaseController.class.php 第 293 行.
NOTIC: [8] Undefined index: children E:\phpstudy\www\tfamily\Application\Admin\Controller\BaseController.class.php 第 195 行.
NOTIC: [8] Undefined index: children E:\phpstudy\www\tfamily\Application\Admin\Controller\BaseController.class.php 第 218 行.
NOTIC: [8] Undefined index: children E:\phpstudy\www\tfamily\Application\Admin\Controller\BaseController.class.php 第 178 行.
NOTIC: [8] Undefined index: actions E:\phpstudy\www\tfamily\Application\Admin\Controller\BaseController.class.php 第 293 行.
NOTIC: [8] Undefined index: actions E:\phpstudy\www\tfamily\Application\Admin\Controller\BaseController.class.php 第 293 行.
NOTIC: [8] Undefined index: children E:\phpstudy\www\tfamily\Application\Admin\Controller\BaseController.class.php 第 195 行.
NOTIC: [8] Undefined index: children E:\phpstudy\www\tfamily\Application\Admin\Controller\BaseController.class.php 第 218 行.
NOTIC: [8] Undefined index: children E:\phpstudy\www\tfamily\Application\Admin\Controller\BaseController.class.php 第 178 行.
NOTIC: [8] Undefined index: actions E:\phpstudy\www\tfamily\Application\Admin\Controller\BaseController.class.php 第 293 行.
NOTIC: [8] Undefined index: children E:\phpstudy\www\tfamily\Application\Admin\Controller\BaseController.class.php 第 195 行.
NOTIC: [8] Undefined index: children E:\phpstudy\www\tfamily\Application\Admin\Controller\BaseController.class.php 第 218 行.
NOTIC: [8] Undefined index: children E:\phpstudy\www\tfamily\Application\Admin\Controller\BaseController.class.php 第 178 行.
NOTIC: [8] Undefined index: actions E:\phpstudy\www\tfamily\Application\Admin\Controller\BaseController.class.php 第 293 行.
NOTIC: [8] Undefined index: children E:\phpstudy\www\tfamily\Application\Admin\Controller\BaseController.class.php 第 195 行.
NOTIC: [8] Undefined index: children E:\phpstudy\www\tfamily\Application\Admin\Controller\BaseController.class.php 第 218 行.
NOTIC: [8] Undefined index: children E:\phpstudy\www\tfamily\Application\Admin\Controller\BaseController.class.php 第 178 行.
NOTIC: [8] Undefined index: actions E:\phpstudy\www\tfamily\Application\Admin\Controller\BaseController.class.php 第 293 行.
NOTIC: [8] Undefined index: actions E:\phpstudy\www\tfamily\Application\Admin\Controller\BaseController.class.php 第 293 行.
NOTIC: [8] Undefined index: children E:\phpstudy\www\tfamily\Application\Admin\Controller\BaseController.class.php 第 195 行.
NOTIC: [8] Undefined index: children E:\phpstudy\www\tfamily\Application\Admin\Controller\BaseController.class.php 第 218 行.
NOTIC: [8] Undefined index: children E:\phpstudy\www\tfamily\Application\Admin\Controller\BaseController.class.php 第 178 行.
NOTIC: [8] Undefined index: actions E:\phpstudy\www\tfamily\Application\Admin\Controller\BaseController.class.php 第 293 行.
NOTIC: [8] Undefined index: children E:\phpstudy\www\tfamily\Application\Admin\Controller\BaseController.class.php 第 195 行.
NOTIC: [8] Undefined index: children E:\phpstudy\www\tfamily\Application\Admin\Controller\BaseController.class.php 第 218 行.
NOTIC: [8] Undefined index: children E:\phpstudy\www\tfamily\Application\Admin\Controller\BaseController.class.php 第 178 行.
NOTIC: [8] Undefined index: actions E:\phpstudy\www\tfamily\Application\Admin\Controller\BaseController.class.php 第 293 行.
NOTIC: [8] Undefined index: children E:\phpstudy\www\tfamily\Application\Admin\Controller\BaseController.class.php 第 195 行.
NOTIC: [8] Undefined index: children E:\phpstudy\www\tfamily\Application\Admin\Controller\BaseController.class.php 第 218 行.
NOTIC: [8] Undefined index: children E:\phpstudy\www\tfamily\Application\Admin\Controller\BaseController.class.php 第 178 行.
NOTIC: [8] Undefined index: actions E:\phpstudy\www\tfamily\Application\Admin\Controller\BaseController.class.php 第 293 行.
NOTIC: [8] Undefined index: actions E:\phpstudy\www\tfamily\Application\Admin\Controller\BaseController.class.php 第 293 行.
SQL: SHOW COLUMNS FROM `tf_house` [ RunTime:0.0090s ]
SQL: SELECT COUNT(*) AS tp_count FROM `tf_house` LIMIT 1   [ RunTime:0.0000s ]
SQL: SELECT * FROM `tf_house` ORDER BY id desc LIMIT 12,4   [ RunTime:0.0010s ]
INFO: [ view_parse ] --START--
INFO: [ template_filter ] --START--
INFO: Run Behavior\ContentReplaceBehavior [ RunTime:0.001000s ]
INFO: [ template_filter ] --END-- [ RunTime:0.001000s ]
NOTIC: [8] Undefined variable: uname E:\phpstudy\www\tfamily\Application\Runtime\Cache\Admin\592338015e58c355f5612c932c3fb3aa.php 第 58 行.
INFO: Run Behavior\ParseTemplateBehavior [ RunTime:0.010000s ]
INFO: [ view_parse ] --END-- [ RunTime:0.010000s ]
INFO: [ view_filter ] --START--
INFO: Run Behavior\WriteHtmlCacheBehavior [ RunTime:0.000000s ]
INFO: [ view_filter ] --END-- [ RunTime:0.000000s ]
INFO: [ app_end ] --START--
INFO: Run Behavior\ShowPageTraceBehavior [ RunTime:0.000000s ]
INFO: [ app_end ] --END-- [ RunTime:0.000000s ]

