[ 2017-06-13T10:19:31+08:00 ] 127.0.0.1 /tfamily/admin.php
INFO: [ app_init ] --START--
INFO: Run Behavior\BuildLiteBehavior [ RunTime:0.000000s ]
INFO: [ app_init ] --END-- [ RunTime:0.001000s ]
INFO: [ app_begin ] --START--
INFO: Run Behavior\ReadHtmlCacheBehavior [ RunTime:0.001000s ]
INFO: [ app_begin ] --END-- [ RunTime:0.002000s ]
NOTIC: [8] Undefined index: HTTP_REFERER E:\phpstudy\www\tfamily\Application\Admin\Controller\BaseController.class.php 第 24 行.
SQL: SHOW COLUMNS FROM `tf_admin_role` [ RunTime:0.0190s ]
SQL: SELECT `rights` FROM `tf_admin_role` WHERE `id` = 2 LIMIT 1   [ RunTime:0.0000s ]
NOTIC: [8] Undefined index: actions E:\phpstudy\www\tfamily\Application\Admin\Controller\BaseController.class.php 第 293 行.
NOTIC: [8] Undefined index: actions E:\phpstudy\www\tfamily\Application\Admin\Controller\BaseController.class.php 第 293 行.
NOTIC: [8] Undefined index: actions E:\phpstudy\www\tfamily\Application\Admin\Controller\BaseController.class.php 第 293 行.
NOTIC: [8] Undefined index: children E:\phpstudy\www\tfamily\Application\Admin\Controller\BaseController.class.php 第 195 行.
NOTIC: [8] Undefined index: children E:\phpstudy\www\tfamily\Application\Admin\Controller\BaseController.class.php 第 218 行.
NOTIC: [8] Undefined index: children E:\phpstudy\www\tfamily\Application\Admin\Controller\BaseController.class.php 第 178 行.
NOTIC: [8] Undefined index: actions E:\phpstudy\www\tfamily\Application\Admin\Controller\BaseController.class.php 第 293 行.
NOTIC: [8] Undefined index: actions E:\phpstudy\www\tfamily\Application\Admin\Controller\BaseController.class.php 第 293 行.
NOTIC: [8] Undefined index: children E:\phpstudy\www\tfamily\Application\Admin\Controller\BaseController.class.php 第 195 行.
NOTIC: [8] Undefined index: children E:\phpstudy\www\tfamily\Application\Admin\Controller\BaseController.class.php 第 218 行.
NOTIC: [8] Undefined index: children E:\phpstudy\www\tfamily\Application\Admin\Controller\BaseController.class.php 第 178 行.
NOTIC: [8] Undefined index: actions E:\phpstudy\www\tfamily\Application\Admin\Controller\BaseController.class.php 第 293 行.
NOTIC: [8] Undefined index: children E:\phpstudy\www\tfamily\Application\Admin\Controller\BaseController.class.php 第 195 行.
NOTIC: [8] Undefined index: children E:\phpstudy\www\tfamily\Application\Admin\Controller\BaseController.class.php 第 218 行.
NOTIC: [8] Undefined index: children E:\phpstudy\www\tfamily\Application\Admin\Controller\BaseController.class.php 第 178 行.
NOTIC: [8] Undefined index: actions E:\phpstudy\www\tfamily\Application\Admin\Controller\BaseController.class.php 第 293 行.
NOTIC: [8] Undefined index: children E:\phpstudy\www\tfamily\Application\Admin\Controller\BaseController.class.php 第 195 行.
NOTIC: [8] Undefined index: children E:\phpstudy\www\tfamily\Application\Admin\Controller\BaseController.class.php 第 218 行.
NOTIC: [8] Undefined index: children E:\phpstudy\www\tfamily\Application\Admin\Controller\BaseController.class.php 第 178 行.
NOTIC: [8] Undefined index: actions E:\phpstudy\www\tfamily\Application\Admin\Controller\BaseController.class.php 第 293 行.
NOTIC: [8] Undefined index: actions E:\phpstudy\www\tfamily\Application\Admin\Controller\BaseController.class.php 第 293 行.
NOTIC: [8] Undefined index: children E:\phpstudy\www\tfamily\Application\Admin\Controller\BaseController.class.php 第 195 行.
NOTIC: [8] Undefined index: children E:\phpstudy\www\tfamily\Application\Admin\Controller\BaseController.class.php 第 218 行.
NOTIC: [8] Undefined index: children E:\phpstudy\www\tfamily\Application\Admin\Controller\BaseController.class.php 第 178 行.
NOTIC: [8] Undefined index: actions E:\phpstudy\www\tfamily\Application\Admin\Controller\BaseController.class.php 第 293 行.
NOTIC: [8] Undefined index: children E:\phpstudy\www\tfamily\Application\Admin\Controller\BaseController.class.php 第 195 行.
NOTIC: [8] Undefined index: children E:\phpstudy\www\tfamily\Application\Admin\Controller\BaseController.class.php 第 218 行.
NOTIC: [8] Undefined index: children E:\phpstudy\www\tfamily\Application\Admin\Controller\BaseController.class.php 第 178 行.
NOTIC: [8] Undefined index: actions E:\phpstudy\www\tfamily\Application\Admin\Controller\BaseController.class.php 第 293 行.
NOTIC: [8] Undefined index: children E:\phpstudy\www\tfamily\Application\Admin\Controller\BaseController.class.php 第 195 行.
NOTIC: [8] Undefined index: children E:\phpstudy\www\tfamily\Application\Admin\Controller\BaseController.class.php 第 218 行.
NOTIC: [8] Undefined index: children E:\phpstudy\www\tfamily\Application\Admin\Controller\BaseController.class.php 第 178 行.
NOTIC: [8] Undefined index: actions E:\phpstudy\www\tfamily\Application\Admin\Controller\BaseController.class.php 第 293 行.
NOTIC: [8] Undefined index: actions E:\phpstudy\www\tfamily\Application\Admin\Controller\BaseController.class.php 第 293 行.
SQL: SHOW COLUMNS FROM `tf_user` [ RunTime:0.0320s ]
SQL: SELECT COUNT(*) AS tp_count FROM `tf_user` WHERE ( user_type = 'province_agent' or user_type = 'district_agent' or user_type = 'city_agent' ) LIMIT 1   [ RunTime:0.0010s ]
SQL: SELECT COUNT(*) AS tp_count FROM `tf_user` WHERE ( user_type = 'member' ) LIMIT 1   [ RunTime:0.0000s ]
SQL: SELECT COUNT(*) AS tp_count FROM `tf_user` WHERE ( user_type = 'fan' ) LIMIT 1   [ RunTime:0.0010s ]
SQL: SHOW COLUMNS FROM `tf_house` [ RunTime:0.0070s ]
SQL: SELECT COUNT(*) AS tp_count FROM `tf_house` LIMIT 1   [ RunTime:0.0010s ]
SQL: SHOW COLUMNS FROM `tf_car` [ RunTime:0.0140s ]
SQL: SELECT COUNT(*) AS tp_count FROM `tf_car` LIMIT 1   [ RunTime:0.0010s ]
SQL: SHOW COLUMNS FROM `tf_orders` [ RunTime:0.0100s ]
SQL: SELECT COUNT(*) AS tp_count FROM `tf_orders` LIMIT 1   [ RunTime:0.0000s ]
SQL: SHOW COLUMNS FROM `tf_news` [ RunTime:0.0340s ]
SQL: SELECT COUNT(*) AS tp_count FROM `tf_news` LIMIT 1   [ RunTime:0.0010s ]
SQL: SHOW COLUMNS FROM `tf_adspace` [ RunTime:0.0160s ]
SQL: SELECT COUNT(*) AS tp_count FROM `tf_adspace` LIMIT 1   [ RunTime:0.0000s ]
SQL: SHOW COLUMNS FROM `tf_money_details` [ RunTime:0.0090s ]
SQL: SELECT COUNT(*) AS tp_count FROM `tf_money_details` LIMIT 1   [ RunTime:0.0010s ]
INFO: [ view_parse ] --START--
INFO: [ template_filter ] --START--
INFO: Run Behavior\ContentReplaceBehavior [ RunTime:0.000000s ]
INFO: [ template_filter ] --END-- [ RunTime:0.000000s ]
NOTIC: [8] Undefined variable: page_title E:\phpstudy\www\tfamily\Application\Runtime\Cache\Admin\b595b808c2ebeeeb0478ffc30bb4e87a.php 第 5 行.
NOTIC: [8] Undefined variable: uname E:\phpstudy\www\tfamily\Application\Runtime\Cache\Admin\b595b808c2ebeeeb0478ffc30bb4e87a.php 第 58 行.
NOTIC: [8] Undefined variable: page_title E:\phpstudy\www\tfamily\Application\Runtime\Cache\Admin\b595b808c2ebeeeb0478ffc30bb4e87a.php 第 111 行.
NOTIC: [8] Undefined variable: page_title E:\phpstudy\www\tfamily\Application\Runtime\Cache\Admin\b595b808c2ebeeeb0478ffc30bb4e87a.php 第 114 行.
INFO: Run Behavior\ParseTemplateBehavior [ RunTime:0.064004s ]
INFO: [ view_parse ] --END-- [ RunTime:0.064004s ]
INFO: [ view_filter ] --START--
INFO: Run Behavior\WriteHtmlCacheBehavior [ RunTime:0.001000s ]
INFO: [ view_filter ] --END-- [ RunTime:0.001000s ]
INFO: [ app_end ] --START--
INFO: Run Behavior\ShowPageTraceBehavior [ RunTime:0.001000s ]
INFO: [ app_end ] --END-- [ RunTime:0.001000s ]

[ 2017-06-13T10:19:35+08:00 ] 127.0.0.1 /tfamily/admin.php?m=admin&c=house&a=index
INFO: [ app_init ] --START--
INFO: Run Behavior\BuildLiteBehavior [ RunTime:0.000000s ]
INFO: [ app_init ] --END-- [ RunTime:0.000000s ]
INFO: [ app_begin ] --START--
INFO: Run Behavior\ReadHtmlCacheBehavior [ RunTime:0.001000s ]
INFO: [ app_begin ] --END-- [ RunTime:0.001000s ]
SQL: SHOW COLUMNS FROM `tf_admin_role` [ RunTime:0.0050s ]
SQL: SELECT `rights` FROM `tf_admin_role` WHERE `id` = 2 LIMIT 1   [ RunTime:0.0010s ]
NOTIC: [8] Undefined index: actions E:\phpstudy\www\tfamily\Application\Admin\Controller\BaseController.class.php 第 293 行.
NOTIC: [8] Undefined index: actions E:\phpstudy\www\tfamily\Application\Admin\Controller\BaseController.class.php 第 293 行.
NOTIC: [8] Undefined index: actions E:\phpstudy\www\tfamily\Application\Admin\Controller\BaseController.class.php 第 293 行.
NOTIC: [8] Undefined index: children E:\phpstudy\www\tfamily\Application\Admin\Controller\BaseController.class.php 第 195 行.
NOTIC: [8] Undefined index: children E:\phpstudy\www\tfamily\Application\Admin\Controller\BaseController.class.php 第 218 行.
NOTIC: [8] Undefined index: children E:\phpstudy\www\tfamily\Application\Admin\Controller\BaseController.class.php 第 178 行.
NOTIC: [8] Undefined index: actions E:\phpstudy\www\tfamily\Application\Admin\Controller\BaseController.class.php 第 293 行.
NOTIC: [8] Undefined index: actions E:\phpstudy\www\tfamily\Application\Admin\Controller\BaseController.class.php 第 293 行.
NOTIC: [8] Undefined index: children E:\phpstudy\www\tfamily\Application\Admin\Controller\BaseController.class.php 第 195 行.
NOTIC: [8] Undefined index: children E:\phpstudy\www\tfamily\Application\Admin\Controller\BaseController.class.php 第 218 行.
NOTIC: [8] Undefined index: children E:\phpstudy\www\tfamily\Application\Admin\Controller\BaseController.class.php 第 178 行.
NOTIC: [8] Undefined index: actions E:\phpstudy\www\tfamily\Application\Admin\Controller\BaseController.class.php 第 293 行.
NOTIC: [8] Undefined index: children E:\phpstudy\www\tfamily\Application\Admin\Controller\BaseController.class.php 第 195 行.
NOTIC: [8] Undefined index: children E:\phpstudy\www\tfamily\Application\Admin\Controller\BaseController.class.php 第 218 行.
NOTIC: [8] Undefined index: children E:\phpstudy\www\tfamily\Application\Admin\Controller\BaseController.class.php 第 178 行.
NOTIC: [8] Undefined index: actions E:\phpstudy\www\tfamily\Application\Admin\Controller\BaseController.class.php 第 293 行.
NOTIC: [8] Undefined index: children E:\phpstudy\www\tfamily\Application\Admin\Controller\BaseController.class.php 第 195 行.
NOTIC: [8] Undefined index: children E:\phpstudy\www\tfamily\Application\Admin\Controller\BaseController.class.php 第 218 行.
NOTIC: [8] Undefined index: children E:\phpstudy\www\tfamily\Application\Admin\Controller\BaseController.class.php 第 178 行.
NOTIC: [8] Undefined index: actions E:\phpstudy\www\tfamily\Application\Admin\Controller\BaseController.class.php 第 293 行.
NOTIC: [8] Undefined index: actions E:\phpstudy\www\tfamily\Application\Admin\Controller\BaseController.class.php 第 293 行.
NOTIC: [8] Undefined index: children E:\phpstudy\www\tfamily\Application\Admin\Controller\BaseController.class.php 第 195 行.
NOTIC: [8] Undefined index: children E:\phpstudy\www\tfamily\Application\Admin\Controller\BaseController.class.php 第 218 行.
NOTIC: [8] Undefined index: children E:\phpstudy\www\tfamily\Application\Admin\Controller\BaseController.class.php 第 178 行.
NOTIC: [8] Undefined index: actions E:\phpstudy\www\tfamily\Application\Admin\Controller\BaseController.class.php 第 293 行.
NOTIC: [8] Undefined index: children E:\phpstudy\www\tfamily\Application\Admin\Controller\BaseController.class.php 第 195 行.
NOTIC: [8] Undefined index: children E:\phpstudy\www\tfamily\Application\Admin\Controller\BaseController.class.php 第 218 行.
NOTIC: [8] Undefined index: children E:\phpstudy\www\tfamily\Application\Admin\Controller\BaseController.class.php 第 178 行.
NOTIC: [8] Undefined index: actions E:\phpstudy\www\tfamily\Application\Admin\Controller\BaseController.class.php 第 293 行.
NOTIC: [8] Undefined index: children E:\phpstudy\www\tfamily\Application\Admin\Controller\BaseController.class.php 第 195 行.
NOTIC: [8] Undefined index: children E:\phpstudy\www\tfamily\Application\Admin\Controller\BaseController.class.php 第 218 行.
NOTIC: [8] Undefined index: children E:\phpstudy\www\tfamily\Application\Admin\Controller\BaseController.class.php 第 178 行.
NOTIC: [8] Undefined index: actions E:\phpstudy\www\tfamily\Application\Admin\Controller\BaseController.class.php 第 293 行.
NOTIC: [8] Undefined index: actions E:\phpstudy\www\tfamily\Application\Admin\Controller\BaseController.class.php 第 293 行.
SQL: SHOW COLUMNS FROM `tf_house` [ RunTime:0.0060s ]
SQL: SELECT COUNT(*) AS tp_count FROM `tf_house` LIMIT 1   [ RunTime:0.0010s ]
SQL: SELECT * FROM `tf_house` ORDER BY id desc LIMIT 0,4   [ RunTime:0.0010s ]
INFO: [ view_parse ] --START--
INFO: [ template_filter ] --START--
INFO: Run Behavior\ContentReplaceBehavior [ RunTime:0.000000s ]
INFO: [ template_filter ] --END-- [ RunTime:0.000000s ]
NOTIC: [8] Undefined variable: uname E:\phpstudy\www\tfamily\Application\Runtime\Cache\Admin\592338015e58c355f5612c932c3fb3aa.php 第 58 行.
INFO: Run Behavior\ParseTemplateBehavior [ RunTime:0.054003s ]
INFO: [ view_parse ] --END-- [ RunTime:0.054003s ]
INFO: [ view_filter ] --START--
INFO: Run Behavior\WriteHtmlCacheBehavior [ RunTime:0.000000s ]
INFO: [ view_filter ] --END-- [ RunTime:0.001000s ]
INFO: [ app_end ] --START--
INFO: Run Behavior\ShowPageTraceBehavior [ RunTime:0.001000s ]
INFO: [ app_end ] --END-- [ RunTime:0.001000s ]

[ 2017-06-13T10:19:40+08:00 ] 127.0.0.1 /tfamily/admin.php?m=Admin&c=house&a=add_house
INFO: [ app_init ] --START--
INFO: Run Behavior\BuildLiteBehavior [ RunTime:0.001000s ]
INFO: [ app_init ] --END-- [ RunTime:0.001000s ]
INFO: [ app_begin ] --START--
INFO: Run Behavior\ReadHtmlCacheBehavior [ RunTime:0.001000s ]
INFO: [ app_begin ] --END-- [ RunTime:0.001000s ]
SQL: SHOW COLUMNS FROM `tf_admin_role` [ RunTime:0.0060s ]
SQL: SELECT `rights` FROM `tf_admin_role` WHERE `id` = 2 LIMIT 1   [ RunTime:0.0000s ]
NOTIC: [8] Undefined index: actions E:\phpstudy\www\tfamily\Application\Admin\Controller\BaseController.class.php 第 293 行.
NOTIC: [8] Undefined index: actions E:\phpstudy\www\tfamily\Application\Admin\Controller\BaseController.class.php 第 293 行.
NOTIC: [8] Undefined index: actions E:\phpstudy\www\tfamily\Application\Admin\Controller\BaseController.class.php 第 293 行.
NOTIC: [8] Undefined index: children E:\phpstudy\www\tfamily\Application\Admin\Controller\BaseController.class.php 第 195 行.
NOTIC: [8] Undefined index: children E:\phpstudy\www\tfamily\Application\Admin\Controller\BaseController.class.php 第 218 行.
NOTIC: [8] Undefined index: children E:\phpstudy\www\tfamily\Application\Admin\Controller\BaseController.class.php 第 178 行.
NOTIC: [8] Undefined index: actions E:\phpstudy\www\tfamily\Application\Admin\Controller\BaseController.class.php 第 293 行.
NOTIC: [8] Undefined index: actions E:\phpstudy\www\tfamily\Application\Admin\Controller\BaseController.class.php 第 293 行.
NOTIC: [8] Undefined index: children E:\phpstudy\www\tfamily\Application\Admin\Controller\BaseController.class.php 第 195 行.
NOTIC: [8] Undefined index: children E:\phpstudy\www\tfamily\Application\Admin\Controller\BaseController.class.php 第 218 行.
NOTIC: [8] Undefined index: children E:\phpstudy\www\tfamily\Application\Admin\Controller\BaseController.class.php 第 178 行.
NOTIC: [8] Undefined index: actions E:\phpstudy\www\tfamily\Application\Admin\Controller\BaseController.class.php 第 293 行.
NOTIC: [8] Undefined index: children E:\phpstudy\www\tfamily\Application\Admin\Controller\BaseController.class.php 第 195 行.
NOTIC: [8] Undefined index: children E:\phpstudy\www\tfamily\Application\Admin\Controller\BaseController.class.php 第 218 行.
NOTIC: [8] Undefined index: children E:\phpstudy\www\tfamily\Application\Admin\Controller\BaseController.class.php 第 178 行.
NOTIC: [8] Undefined index: actions E:\phpstudy\www\tfamily\Application\Admin\Controller\BaseController.class.php 第 293 行.
NOTIC: [8] Undefined index: children E:\phpstudy\www\tfamily\Application\Admin\Controller\BaseController.class.php 第 195 行.
NOTIC: [8] Undefined index: children E:\phpstudy\www\tfamily\Application\Admin\Controller\BaseController.class.php 第 218 行.
NOTIC: [8] Undefined index: children E:\phpstudy\www\tfamily\Application\Admin\Controller\BaseController.class.php 第 178 行.
NOTIC: [8] Undefined index: actions E:\phpstudy\www\tfamily\Application\Admin\Controller\BaseController.class.php 第 293 行.
NOTIC: [8] Undefined index: actions E:\phpstudy\www\tfamily\Application\Admin\Controller\BaseController.class.php 第 293 行.
NOTIC: [8] Undefined index: children E:\phpstudy\www\tfamily\Application\Admin\Controller\BaseController.class.php 第 195 行.
NOTIC: [8] Undefined index: children E:\phpstudy\www\tfamily\Application\Admin\Controller\BaseController.class.php 第 218 行.
NOTIC: [8] Undefined index: children E:\phpstudy\www\tfamily\Application\Admin\Controller\BaseController.class.php 第 178 行.
NOTIC: [8] Undefined index: actions E:\phpstudy\www\tfamily\Application\Admin\Controller\BaseController.class.php 第 293 行.
NOTIC: [8] Undefined index: children E:\phpstudy\www\tfamily\Application\Admin\Controller\BaseController.class.php 第 195 行.
NOTIC: [8] Undefined index: children E:\phpstudy\www\tfamily\Application\Admin\Controller\BaseController.class.php 第 218 行.
NOTIC: [8] Undefined index: children E:\phpstudy\www\tfamily\Application\Admin\Controller\BaseController.class.php 第 178 行.
NOTIC: [8] Undefined index: actions E:\phpstudy\www\tfamily\Application\Admin\Controller\BaseController.class.php 第 293 行.
NOTIC: [8] Undefined index: children E:\phpstudy\www\tfamily\Application\Admin\Controller\BaseController.class.php 第 195 行.
NOTIC: [8] Undefined index: children E:\phpstudy\www\tfamily\Application\Admin\Controller\BaseController.class.php 第 218 行.
NOTIC: [8] Undefined index: children E:\phpstudy\www\tfamily\Application\Admin\Controller\BaseController.class.php 第 178 行.
NOTIC: [8] Undefined index: actions E:\phpstudy\www\tfamily\Application\Admin\Controller\BaseController.class.php 第 293 行.
NOTIC: [8] Undefined index: actions E:\phpstudy\www\tfamily\Application\Admin\Controller\BaseController.class.php 第 293 行.
INFO: [ view_parse ] --START--
INFO: [ template_filter ] --START--
INFO: Run Behavior\ContentReplaceBehavior [ RunTime:0.000000s ]
INFO: [ template_filter ] --END-- [ RunTime:0.000000s ]
NOTIC: [8] Undefined variable: uname E:\phpstudy\www\tfamily\Application\Runtime\Cache\Admin\7ad84e3284a1191d98f3810187ff1646.php 第 58 行.
INFO: Run Behavior\ParseTemplateBehavior [ RunTime:0.055003s ]
INFO: [ view_parse ] --END-- [ RunTime:0.055003s ]
INFO: [ view_filter ] --START--
INFO: Run Behavior\WriteHtmlCacheBehavior [ RunTime:0.002000s ]
INFO: [ view_filter ] --END-- [ RunTime:0.002000s ]
INFO: [ app_end ] --START--
INFO: Run Behavior\ShowPageTraceBehavior [ RunTime:0.001000s ]
INFO: [ app_end ] --END-- [ RunTime:0.001000s ]

[ 2017-06-13T10:19:41+08:00 ] 127.0.0.1 /tfamily/admin.php?m=admin&c=house&a=getCity
INFO: [ app_init ] --START--
INFO: Run Behavior\BuildLiteBehavior [ RunTime:0.000000s ]
INFO: [ app_init ] --END-- [ RunTime:0.001000s ]
INFO: [ app_begin ] --START--
INFO: Run Behavior\ReadHtmlCacheBehavior [ RunTime:0.000000s ]
INFO: [ app_begin ] --END-- [ RunTime:0.000000s ]
SQL: SHOW COLUMNS FROM `tf_admin_role` [ RunTime:0.0070s ]
SQL: SELECT `rights` FROM `tf_admin_role` WHERE `id` = 2 LIMIT 1   [ RunTime:0.0000s ]
NOTIC: [8] Undefined index: actions E:\phpstudy\www\tfamily\Application\Admin\Controller\BaseController.class.php 第 293 行.
NOTIC: [8] Undefined index: actions E:\phpstudy\www\tfamily\Application\Admin\Controller\BaseController.class.php 第 293 行.
NOTIC: [8] Undefined index: actions E:\phpstudy\www\tfamily\Application\Admin\Controller\BaseController.class.php 第 293 行.
NOTIC: [8] Undefined index: children E:\phpstudy\www\tfamily\Application\Admin\Controller\BaseController.class.php 第 195 行.
NOTIC: [8] Undefined index: children E:\phpstudy\www\tfamily\Application\Admin\Controller\BaseController.class.php 第 218 行.
NOTIC: [8] Undefined index: children E:\phpstudy\www\tfamily\Application\Admin\Controller\BaseController.class.php 第 178 行.
NOTIC: [8] Undefined index: actions E:\phpstudy\www\tfamily\Application\Admin\Controller\BaseController.class.php 第 293 行.
NOTIC: [8] Undefined index: actions E:\phpstudy\www\tfamily\Application\Admin\Controller\BaseController.class.php 第 293 行.
NOTIC: [8] Undefined index: children E:\phpstudy\www\tfamily\Application\Admin\Controller\BaseController.class.php 第 195 行.
NOTIC: [8] Undefined index: children E:\phpstudy\www\tfamily\Application\Admin\Controller\BaseController.class.php 第 218 行.
NOTIC: [8] Undefined index: children E:\phpstudy\www\tfamily\Application\Admin\Controller\BaseController.class.php 第 178 行.
NOTIC: [8] Undefined index: actions E:\phpstudy\www\tfamily\Application\Admin\Controller\BaseController.class.php 第 293 行.
NOTIC: [8] Undefined index: children E:\phpstudy\www\tfamily\Application\Admin\Controller\BaseController.class.php 第 195 行.
NOTIC: [8] Undefined index: children E:\phpstudy\www\tfamily\Application\Admin\Controller\BaseController.class.php 第 218 行.
NOTIC: [8] Undefined index: children E:\phpstudy\www\tfamily\Application\Admin\Controller\BaseController.class.php 第 178 行.
NOTIC: [8] Undefined index: actions E:\phpstudy\www\tfamily\Application\Admin\Controller\BaseController.class.php 第 293 行.
NOTIC: [8] Undefined index: children E:\phpstudy\www\tfamily\Application\Admin\Controller\BaseController.class.php 第 195 行.
NOTIC: [8] Undefined index: children E:\phpstudy\www\tfamily\Application\Admin\Controller\BaseController.class.php 第 218 行.
NOTIC: [8] Undefined index: children E:\phpstudy\www\tfamily\Application\Admin\Controller\BaseController.class.php 第 178 行.
NOTIC: [8] Undefined index: actions E:\phpstudy\www\tfamily\Application\Admin\Controller\BaseController.class.php 第 293 行.
NOTIC: [8] Undefined index: actions E:\phpstudy\www\tfamily\Application\Admin\Controller\BaseController.class.php 第 293 行.
NOTIC: [8] Undefined index: children E:\phpstudy\www\tfamily\Application\Admin\Controller\BaseController.class.php 第 195 行.
NOTIC: [8] Undefined index: children E:\phpstudy\www\tfamily\Application\Admin\Controller\BaseController.class.php 第 218 行.
NOTIC: [8] Undefined index: children E:\phpstudy\www\tfamily\Application\Admin\Controller\BaseController.class.php 第 178 行.
NOTIC: [8] Undefined index: actions E:\phpstudy\www\tfamily\Application\Admin\Controller\BaseController.class.php 第 293 行.
NOTIC: [8] Undefined index: children E:\phpstudy\www\tfamily\Application\Admin\Controller\BaseController.class.php 第 195 行.
NOTIC: [8] Undefined index: children E:\phpstudy\www\tfamily\Application\Admin\Controller\BaseController.class.php 第 218 行.
NOTIC: [8] Undefined index: children E:\phpstudy\www\tfamily\Application\Admin\Controller\BaseController.class.php 第 178 行.
NOTIC: [8] Undefined index: actions E:\phpstudy\www\tfamily\Application\Admin\Controller\BaseController.class.php 第 293 行.
NOTIC: [8] Undefined index: children E:\phpstudy\www\tfamily\Application\Admin\Controller\BaseController.class.php 第 195 行.
NOTIC: [8] Undefined index: children E:\phpstudy\www\tfamily\Application\Admin\Controller\BaseController.class.php 第 218 行.
NOTIC: [8] Undefined index: children E:\phpstudy\www\tfamily\Application\Admin\Controller\BaseController.class.php 第 178 行.
NOTIC: [8] Undefined index: actions E:\phpstudy\www\tfamily\Application\Admin\Controller\BaseController.class.php 第 293 行.
NOTIC: [8] Undefined index: actions E:\phpstudy\www\tfamily\Application\Admin\Controller\BaseController.class.php 第 293 行.
SQL: SHOW COLUMNS FROM `tf_region` [ RunTime:0.0060s ]
SQL: SELECT * FROM `tf_region`  [ RunTime:0.0560s ]

